Log file open, 03/02/18 18:50:51
LogWindows: Failed to load 'aqProf.dll' (GetLastError=126)
LogWindows: File 'aqProf.dll' does not exist
LogWindows: Failed to load 'VSPerf140.dll' (GetLastError=126)
LogWindows: File 'VSPerf140.dll' does not exist
LogWindows: Failed to load 'VtuneApi.dll' (GetLastError=126)
LogWindows: File 'VtuneApi.dll' does not exist
LogWindows: Failed to load 'VtuneApi32e.dll' (GetLastError=126)
LogWindows: File 'VtuneApi32e.dll' does not exist
LogInit: Display: Running engine for game: VictoryDashboardUE
LogPlatformFile: Not using cached read wrapper
LogInit: Display: RandInit(256517436) SRandInit(256517436).
LogInit: Read version file with build ID '3709383'
LogInit: Overriding engine version to CL 3832480, compatible CL 3709383
LogInit: Registered custom module enumerator with build ID '3709383'
LogTaskGraph: Started task graph with 5 named threads and 14 total threads with 3 sets of task threads.
LogStats: Stats thread started at 4.404329
LogD3D11RHI: Aftermath initialized
LogPluginManager: Mounting plugin Paper2D
LogPluginManager: Mounting plugin LightPropagationVolume
LogPluginManager: Mounting plugin CodeLiteSourceCodeAccess
LogPluginManager: Mounting plugin GitSourceControl
LogPluginManager: Mounting plugin KDevelopSourceCodeAccess
LogPluginManager: Mounting plugin NullSourceCodeAccess
LogPluginManager: Mounting plugin PerforceSourceControl
LogPluginManager: Mounting plugin SubversionSourceControl
LogPluginManager: Mounting plugin UObjectPlugin
LogPluginManager: Mounting plugin VisualStudioCodeSourceCodeAccess
LogPluginManager: Mounting plugin VisualStudioSourceCodeAccess
LogPluginManager: Mounting plugin XCodeSourceCodeAccess
LogPluginManager: Mounting plugin AssetManagerEditor
LogPluginManager: Mounting plugin AudioCapture
LogPluginManager: Mounting plugin FacialAnimation
LogPluginManager: Mounting plugin GameplayTagsEditor
LogPluginManager: Mounting plugin MobileLauncherProfileWizard
LogPluginManager: Mounting plugin PluginBrowser
LogPluginManager: Mounting plugin SpeedTreeImporter
LogPluginManager: Mounting plugin AlembicImporter
LogPluginManager: Mounting plugin CharacterAI
LogPluginManager: Mounting plugin HTML5Networking
LogPluginManager: Mounting plugin SocketClient
LogPluginManager: Mounting plugin AndroidMedia
LogPluginManager: Mounting plugin AvfMedia
LogPluginManager: Mounting plugin ImgMedia
LogPluginManager: Mounting plugin MediaCompositing
LogPluginManager: Mounting plugin MediaPlayerEditor
LogPluginManager: Mounting plugin WmfMedia
LogPluginManager: Mounting plugin TcpMessaging
LogPluginManager: Mounting plugin UdpMessaging
LogPluginManager: Mounting plugin ActorSequence
LogPluginManager: Mounting plugin LevelSequenceEditor
LogPluginManager: Mounting plugin MatineeToLevelSequence
LogPluginManager: Mounting plugin OnlineSubsystemGooglePlay
LogPluginManager: Mounting plugin OnlineSubsystemIOS
LogPluginManager: Mounting plugin OnlineSubsystem
LogPluginManager: Mounting plugin OnlineSubsystemNull
LogPluginManager: Mounting plugin OnlineSubsystemUtils
LogPluginManager: Mounting plugin AndroidDeviceProfileSelector
LogPluginManager: Mounting plugin AndroidMoviePlayer
LogPluginManager: Mounting plugin AndroidPermission
LogPluginManager: Mounting plugin AppleARKit
LogPluginManager: Mounting plugin AppleMoviePlayer
LogPluginManager: Mounting plugin ArchVisCharacter
LogPluginManager: Mounting plugin CableComponent
LogPluginManager: Mounting plugin CustomMeshComponent
LogPluginManager: Mounting plugin ExampleDeviceProfileSelector
LogPluginManager: Mounting plugin GoogleCloudMessaging
LogPluginManager: Mounting plugin ImmediatePhysics
LogPluginManager: Mounting plugin IOSDeviceProfileSelector
LogPluginManager: Mounting plugin LinuxDeviceProfileSelector
LogPluginManager: Mounting plugin LocationServicesBPLibrary
LogPluginManager: Mounting plugin MobilePatchingUtils
LogPluginManager: Mounting plugin OculusVR
LogPluginManager: Plugin shader directory ../../../Engine/Plugins/Runtime/Oculus/OculusVR/Shaders found
LogPluginManager: Mapping shader source directory ../../../Engine/Plugins/Runtime/Oculus/OculusVR/Shaders to virtual directory /Plugin/OculusVR
LogPluginManager: Mounting plugin PhysXVehicles
LogPluginManager: Mounting plugin ProceduralMeshComponent
LogPluginManager: Mounting plugin RuntimePhysXCooking
LogPluginManager: Mounting plugin SteamVR
LogPluginManager: Mounting plugin WindowsMoviePlayer
LogModuleManager: Display: Found up-to-date module file E:/Programs/FRC/Projects/VictoryDashboard/VictoryDashboardUE/Binaries/Win64/UE4Editor-VictoryDashboardUE.dll (API version 3709383).
LogModuleManager: Display: Found up-to-date module file ../../../Engine/Plugins/2D/Paper2D/Binaries/Win64/UE4Editor-Paper2D.dll (API version 3709383).
LogModuleManager: Display: Found up-to-date module file ../../../Engine/Plugins/2D/Paper2D/Binaries/Win64/UE4Editor-Paper2DEditor.dll (API version 3709383).
LogModuleManager: Display: Found up-to-date module file ../../../Engine/Plugins/2D/Paper2D/Binaries/Win64/UE4Editor-PaperSpriteSheetImporter.dll (API version 3709383).
LogModuleManager: Display: Found up-to-date module file ../../../Engine/Plugins/2D/Paper2D/Binaries/Win64/UE4Editor-PaperTiledImporter.dll (API version 3709383).
LogModuleManager: Display: Found up-to-date module file ../../../Engine/Plugins/2D/Paper2D/Binaries/Win64/UE4Editor-SmartSnapping.dll (API version 3709383).
LogModuleManager: Display: Found up-to-date module file ../../../Engine/Plugins/Blendables/LightPropagationVolume/Binaries/Win64/UE4Editor-LightPropagationVolumeRuntime.dll (API version 3709383).
LogModuleManager: Display: Found up-to-date module file ../../../Engine/Plugins/Blendables/LightPropagationVolume/Binaries/Win64/UE4Editor-LightPropagationVolumeEditor.dll (API version 3709383).
LogModuleManager: Display: Found up-to-date module file ../../../Engine/Plugins/Developer/GitSourceControl/Binaries/Win64/UE4Editor-GitSourceControl.dll (API version 3709383).
LogModuleManager: Display: Found up-to-date module file ../../../Engine/Plugins/Developer/PerforceSourceControl/Binaries/Win64/UE4Editor-PerforceSourceControl.dll (API version 3709383).
LogModuleManager: Display: Found up-to-date module file ../../../Engine/Plugins/Developer/SubversionSourceControl/Binaries/Win64/UE4Editor-SubversionSourceControl.dll (API version 3709383).
LogModuleManager: Display: Found up-to-date module file ../../../Engine/Plugins/Developer/UObjectPlugin/Binaries/Win64/UE4Editor-UObjectPlugin.dll (API version 3709383).
LogModuleManager: Display: Found up-to-date module file ../../../Engine/Plugins/Developer/VisualStudioCodeSourceCodeAccess/Binaries/Win64/UE4Editor-VisualStudioCodeSourceCodeAccess.dll (API version 3709383).
LogModuleManager: Display: Found up-to-date module file ../../../Engine/Plugins/Developer/VisualStudioSourceCodeAccess/Binaries/Win64/UE4Editor-VisualStudioSourceCodeAccess.dll (API version 3709383).
LogModuleManager: Display: Found up-to-date module file ../../../Engine/Plugins/Editor/AssetManagerEditor/Binaries/Win64/UE4Editor-AssetManagerEditor.dll (API version 3709383).
LogModuleManager: Display: Found up-to-date module file ../../../Engine/Plugins/Editor/AudioCapture/Binaries/Win64/UE4Editor-AudioCapture.dll (API version 3709383).
LogModuleManager: Display: Found up-to-date module file ../../../Engine/Plugins/Editor/FacialAnimation/Binaries/Win64/UE4Editor-FacialAnimation.dll (API version 3709383).
LogModuleManager: Display: Found up-to-date module file ../../../Engine/Plugins/Editor/FacialAnimation/Binaries/Win64/UE4Editor-FacialAnimationEditor.dll (API version 3709383).
LogModuleManager: Display: Found up-to-date module file ../../../Engine/Plugins/Editor/GameplayTagsEditor/Binaries/Win64/UE4Editor-GameplayTagsEditor.dll (API version 3709383).
LogModuleManager: Display: Found up-to-date module file ../../../Engine/Plugins/Editor/MobileLauncherProfileWizard/Binaries/Win64/UE4Editor-MobileLauncherProfileWizard.dll (API version 3709383).
LogModuleManager: Display: Found up-to-date module file ../../../Engine/Plugins/Editor/PluginBrowser/Binaries/Win64/UE4Editor-PluginBrowser.dll (API version 3709383).
LogModuleManager: Display: Found up-to-date module file ../../../Engine/Plugins/Editor/SpeedTreeImporter/Binaries/Win64/UE4Editor-SpeedTreeImporter.dll (API version 3709383).
LogModuleManager: Display: Found up-to-date module file ../../../Engine/Plugins/Experimental/AlembicImporter/Binaries/Win64/UE4Editor-AlembicImporter.dll (API version 3709383).
LogModuleManager: Display: Found up-to-date module file ../../../Engine/Plugins/Experimental/AlembicImporter/Binaries/Win64/UE4Editor-AlembicLibrary.dll (API version 3709383).
LogModuleManager: Display: Found up-to-date module file ../../../Engine/Plugins/Experimental/CharacterAI/Binaries/Win64/UE4Editor-CharacterAI.dll (API version 3709383).
LogModuleManager: Display: Found up-to-date module file ../../../Engine/Plugins/Experimental/HTML5Networking/Binaries/Win64/UE4Editor-HTML5Networking.dll (API version 3709383).
LogModuleManager: Display: Found up-to-date module file ../../../Engine/Plugins/Marketplace/SimpleUDPTCPSocketClient/Binaries/Win64/UE4Editor-SocketClient.dll (API version 3709383).
LogModuleManager: Display: Found up-to-date module file ../../../Engine/Plugins/Media/AndroidMedia/Binaries/Win64/UE4Editor-AndroidMediaEditor.dll (API version 3709383).
LogModuleManager: Display: Found up-to-date module file ../../../Engine/Plugins/Media/AndroidMedia/Binaries/Win64/UE4Editor-AndroidMediaFactory.dll (API version 3709383).
LogModuleManager: Display: Found up-to-date module file ../../../Engine/Plugins/Media/AvfMedia/Binaries/Win64/UE4Editor-AvfMediaEditor.dll (API version 3709383).
LogModuleManager: Display: Found up-to-date module file ../../../Engine/Plugins/Media/AvfMedia/Binaries/Win64/UE4Editor-AvfMediaFactory.dll (API version 3709383).
LogModuleManager: Display: Found up-to-date module file ../../../Engine/Plugins/Media/AvfMedia/Binaries/Win64/UE4Editor-AvfMediaFactory.dll (API version 3709383).
LogModuleManager: Display: Found up-to-date module file ../../../Engine/Plugins/Media/ImgMedia/Binaries/Win64/UE4Editor-ImgMedia.dll (API version 3709383).
LogModuleManager: Display: Found up-to-date module file ../../../Engine/Plugins/Media/ImgMedia/Binaries/Win64/UE4Editor-ImgMediaEditor.dll (API version 3709383).
LogModuleManager: Display: Found up-to-date module file ../../../Engine/Plugins/Media/ImgMedia/Binaries/Win64/UE4Editor-ImgMediaFactory.dll (API version 3709383).
LogModuleManager: Display: Found up-to-date module file ../../../Engine/Plugins/Media/ImgMedia/Binaries/Win64/UE4Editor-ImgMediaFactory.dll (API version 3709383).
LogModuleManager: Display: Found up-to-date module file ../../../Engine/Plugins/Media/ImgMedia/Binaries/Win64/UE4Editor-OpenExrWrapper.dll (API version 3709383).
LogModuleManager: Display: Found up-to-date module file ../../../Engine/Plugins/Media/MediaCompositing/Binaries/Win64/UE4Editor-MediaCompositing.dll (API version 3709383).
LogModuleManager: Display: Found up-to-date module file ../../../Engine/Plugins/Media/MediaCompositing/Binaries/Win64/UE4Editor-MediaCompositingEditor.dll (API version 3709383).
LogModuleManager: Display: Found up-to-date module file ../../../Engine/Plugins/Media/MediaPlayerEditor/Binaries/Win64/UE4Editor-MediaPlayerEditor.dll (API version 3709383).
LogModuleManager: Display: Found up-to-date module file ../../../Engine/Plugins/Media/WmfMedia/Binaries/Win64/UE4Editor-WmfMedia.dll (API version 3709383).
LogModuleManager: Display: Found up-to-date module file ../../../Engine/Plugins/Media/WmfMedia/Binaries/Win64/UE4Editor-WmfMediaEditor.dll (API version 3709383).
LogModuleManager: Display: Found up-to-date module file ../../../Engine/Plugins/Media/WmfMedia/Binaries/Win64/UE4Editor-WmfMediaFactory.dll (API version 3709383).
LogModuleManager: Display: Found up-to-date module file ../../../Engine/Plugins/Media/WmfMedia/Binaries/Win64/UE4Editor-WmfMediaFactory.dll (API version 3709383).
LogModuleManager: Display: Found up-to-date module file ../../../Engine/Plugins/Messaging/TcpMessaging/Binaries/Win64/UE4Editor-TcpMessaging.dll (API version 3709383).
LogModuleManager: Display: Found up-to-date module file ../../../Engine/Plugins/Messaging/UdpMessaging/Binaries/Win64/UE4Editor-UdpMessaging.dll (API version 3709383).
LogModuleManager: Display: Found up-to-date module file ../../../Engine/Plugins/MovieScene/ActorSequence/Binaries/Win64/UE4Editor-ActorSequence.dll (API version 3709383).
LogModuleManager: Display: Found up-to-date module file ../../../Engine/Plugins/MovieScene/LevelSequenceEditor/Binaries/Win64/UE4Editor-LevelSequenceEditor.dll (API version 3709383).
LogModuleManager: Display: Found up-to-date module file ../../../Engine/Plugins/MovieScene/MatineeToLevelSequence/Binaries/Win64/UE4Editor-MatineeToLevelSequence.dll (API version 3709383).
LogModuleManager: Display: Found up-to-date module file ../../../Engine/Plugins/Online/OnlineSubsystem/Binaries/Win64/UE4Editor-OnlineSubsystem.dll (API version 3709383).
LogModuleManager: Display: Found up-to-date module file ../../../Engine/Plugins/Online/OnlineSubsystemNull/Binaries/Win64/UE4Editor-OnlineSubsystemNull.dll (API version 3709383).
LogModuleManager: Display: Found up-to-date module file ../../../Engine/Plugins/Online/OnlineSubsystemUtils/Binaries/Win64/UE4Editor-OnlineSubsystemUtils.dll (API version 3709383).
LogModuleManager: Display: Found up-to-date module file ../../../Engine/Plugins/Online/OnlineSubsystemUtils/Binaries/Win64/UE4Editor-OnlineBlueprintSupport.dll (API version 3709383).
LogModuleManager: Display: Found up-to-date module file ../../../Engine/Plugins/Runtime/AndroidDeviceProfileSelector/Binaries/Win64/UE4Editor-AndroidDeviceProfileSelector.dll (API version 3709383).
LogModuleManager: Display: Found up-to-date module file ../../../Engine/Plugins/Runtime/AndroidPermission/Binaries/Win64/UE4Editor-AndroidPermission.dll (API version 3709383).
LogModuleManager: Display: Found up-to-date module file ../../../Engine/Plugins/Runtime/AppleARKit/Binaries/Win64/UE4Editor-AppleARKit.dll (API version 3709383).
LogModuleManager: Display: Found up-to-date module file ../../../Engine/Plugins/Runtime/ArchVisCharacter/Binaries/Win64/UE4Editor-ArchVisCharacter.dll (API version 3709383).
LogModuleManager: Display: Found up-to-date module file ../../../Engine/Plugins/Runtime/CableComponent/Binaries/Win64/UE4Editor-CableComponent.dll (API version 3709383).
LogModuleManager: Display: Found up-to-date module file ../../../Engine/Plugins/Runtime/CustomMeshComponent/Binaries/Win64/UE4Editor-CustomMeshComponent.dll (API version 3709383).
LogModuleManager: Display: Found up-to-date module file ../../../Engine/Plugins/Runtime/ExampleDeviceProfileSelector/Binaries/Win64/UE4Editor-ExampleDeviceProfileSelector.dll (API version 3709383).
LogModuleManager: Display: Found up-to-date module file ../../../Engine/Plugins/Runtime/ImmediatePhysics/Binaries/Win64/UE4Editor-ImmediatePhysics.dll (API version 3709383).
LogModuleManager: Display: Found up-to-date module file ../../../Engine/Plugins/Runtime/ImmediatePhysics/Binaries/Win64/UE4Editor-ImmediatePhysicsEditor.dll (API version 3709383).
LogModuleManager: Display: Found up-to-date module file ../../../Engine/Plugins/Runtime/LocationServicesBPLibrary/Binaries/Win64/UE4Editor-LocationServicesBPLibrary.dll (API version 3709383).
LogModuleManager: Display: Found up-to-date module file ../../../Engine/Plugins/Runtime/MobilePatchingUtils/Binaries/Win64/UE4Editor-MobilePatchingUtils.dll (API version 3709383).
LogModuleManager: Display: Found up-to-date module file ../../../Engine/Plugins/Runtime/Oculus/OculusVR/Binaries/Win64/UE4Editor-OculusHMD.dll (API version 3709383).
LogModuleManager: Display: Found up-to-date module file ../../../Engine/Plugins/Runtime/Oculus/OculusVR/Binaries/Win64/UE4Editor-OculusInput.dll (API version 3709383).
LogModuleManager: Display: Found up-to-date module file ../../../Engine/Plugins/Runtime/Oculus/OculusVR/Binaries/Win64/UE4Editor-OculusEditor.dll (API version 3709383).
LogModuleManager: Display: Found up-to-date module file ../../../Engine/Plugins/Runtime/PhysXVehicles/Binaries/Win64/UE4Editor-PhysXVehicles.dll (API version 3709383).
LogModuleManager: Display: Found up-to-date module file ../../../Engine/Plugins/Runtime/PhysXVehicles/Binaries/Win64/UE4Editor-PhysXVehiclesEditor.dll (API version 3709383).
LogModuleManager: Display: Found up-to-date module file ../../../Engine/Plugins/Runtime/ProceduralMeshComponent/Binaries/Win64/UE4Editor-ProceduralMeshComponent.dll (API version 3709383).
LogModuleManager: Display: Found up-to-date module file ../../../Engine/Plugins/Runtime/ProceduralMeshComponent/Binaries/Win64/UE4Editor-ProceduralMeshComponentEditor.dll (API version 3709383).
LogModuleManager: Display: Found up-to-date module file ../../../Engine/Plugins/Runtime/RuntimePhysXCooking/Binaries/Win64/UE4Editor-RuntimePhysXCooking.dll (API version 3709383).
LogModuleManager: Display: Found up-to-date module file ../../../Engine/Plugins/Runtime/Steam/SteamVR/Binaries/Win64/UE4Editor-SteamVR.dll (API version 3709383).
LogModuleManager: Display: Found up-to-date module file ../../../Engine/Plugins/Runtime/Steam/SteamVR/Binaries/Win64/UE4Editor-SteamVRController.dll (API version 3709383).
LogModuleManager: Display: Found up-to-date module file ../../../Engine/Plugins/Runtime/WindowsMoviePlayer/Binaries/Win64/UE4Editor-WindowsMoviePlayer.dll (API version 3709383).
LogInit: Using libcurl 7.47.1
LogInit:  - built for x86_64-pc-win32
LogInit:  - supports SSL with OpenSSL/1.0.2g
LogInit:  - supports HTTP deflate (compression) using libz 1.2.8
LogInit:  - other features:
LogInit:      CURL_VERSION_SSL
LogInit:      CURL_VERSION_LIBZ
LogInit:      CURL_VERSION_IPV6
LogInit:      CURL_VERSION_ASYNCHDNS
LogInit:      CURL_VERSION_LARGEFILE
LogInit:      CURL_VERSION_IDN
LogInit:  CurlRequestOptions (configurable via config and command line):
LogInit:  - bVerifyPeer = false  - Libcurl will NOT verify peer certificate
LogInit:  - bUseHttpProxy = false  - Libcurl will NOT use HTTP proxy
LogInit:  - bDontReuseConnections = false  - Libcurl will reuse connections
LogInit:  - CertBundlePath = nullptr  - Libcurl will use whatever was configured at build time.
LogInit: Build: ++UE4+Release-4.18-CL-3832480
LogInit: Engine Version: 4.18.3-3832480+++UE4+Release-4.18
LogInit: Compatible Engine Version: 4.18.0-3709383+++UE4+Release-4.18
LogInit: Net CL: 3709383
LogDevObjectVersion: Number of dev versions registered: 16
LogDevObjectVersion:   Dev-Blueprints (B0D832E4-1F89-4F0D-ACCF-7EB736FD4AA2): 10
LogDevObjectVersion:   Dev-Build (E1C64328-A22C-4D53-A36C-8E866417BD8C): 0
LogDevObjectVersion:   Dev-Core (375EC13C-06E4-48FB-B500-84F0262A717E): 2
LogDevObjectVersion:   Dev-Editor (E4B068ED-F494-42E9-A231-DA0B2E46BB41): 20
LogDevObjectVersion:   Dev-Framework (CFFC743F-43B0-4480-9391-14DF171D2073): 30
LogDevObjectVersion:   Dev-Mobile (B02B49B5-BB20-44E9-A304-32B752E40360): 0
LogDevObjectVersion:   Dev-Networking (A4E4105C-59A1-49B5-A7C5-40C4547EDFEE): 0
LogDevObjectVersion:   Dev-Online (39C831C9-5AE6-47DC-9A44-9C173E1C8E7C): 0
LogDevObjectVersion:   Dev-Physics (78F01B33-EBEA-4F98-B9B4-84EACCB95AA2): 0
LogDevObjectVersion:   Dev-Platform (6631380F-2D4D-43E0-8009-CF276956A95A): 0
LogDevObjectVersion:   Dev-Rendering (12F88B9F-8875-4AFC-A67C-D90C383ABD29): 20
LogDevObjectVersion:   Dev-Sequencer (7B5AE74C-D270-4C10-A958-57980B212A5A): 4
LogDevObjectVersion:   Dev-VR (D7296918-1DD6-4BDD-9DE2-64A83CC13884): 0
LogDevObjectVersion:   Dev-LoadTimes (C2A15278-BFE7-4AFE-6C17-90FF531DF755): 1
LogDevObjectVersion:   Private-Geometry (6EACA3D4-40EC-4CC1-B786-8BED09428FC5): 1
LogDevObjectVersion:   Dev-AnimPhys (29E575DD-E0A3-4627-9D10-D276232CDCEA): 12
LogInit: Compiled (64-bit): Jan 12 2018 02:04:55
LogInit: Compiled with Visual C++: 19.00.24215.01
LogInit: Build Configuration: Development
LogInit: Branch Name: ++UE4+Release-4.18
LogInit: Command line:  
LogInit: Base directory: D:/EpicGames/UE_4.18/Engine/Binaries/Win64/
LogInit: Installed Engine Build: 1
LogInit: Presizing for max 8388607 objects, including 0 objects not considered by GC, pre-allocating 0 bytes for permanent pool.
LogInit: Object subsystem initialized
[2018.03.03-02.50.56:892][  0]LogInit: Selected Device Profile: [Windows]
[2018.03.03-02.50.56:892][  0]LogInit: Applying CVar settings loaded from the selected device profile: [Windows]
[2018.03.03-02.50.56:984][  0]LogInit: Computer: GLADOS
[2018.03.03-02.50.56:984][  0]LogInit: User: Victo
[2018.03.03-02.50.56:984][  0]LogInit: CPU Page size=4096, Cores=4
[2018.03.03-02.50.56:984][  0]LogInit: High frequency timer resolution =3.417994 MHz
[2018.03.03-02.50.56:989][  0]LogMemory: Memory total: Physical=15.9GB (16GB approx)
[2018.03.03-02.50.56:989][  0]LogMemory: Platform Memory Stats for Windows
[2018.03.03-02.50.56:989][  0]LogMemory: Process Physical Memory: 273.96 MB used, 273.96 MB peak
[2018.03.03-02.50.56:989][  0]LogMemory: Process Virtual Memory: 269.86 MB used, 269.86 MB peak
[2018.03.03-02.50.56:989][  0]LogMemory: Physical Memory: 6997.02 MB used,  9272.54 MB free, 16269.56 MB total
[2018.03.03-02.50.56:989][  0]LogMemory: Virtual Memory: 675.82 MB used,  9272.54 MB free, 134217728.00 MB total
[2018.03.03-02.50.57:786][  0]LogInit: Using OS detected language (en-US).
[2018.03.03-02.50.57:786][  0]LogInit: Using OS detected locale (en-US).
[2018.03.03-02.50.57:994][  0]LogTextLocalizationManager: No specific localization for 'en-US' exists, so the 'en' localization will be used.
[2018.03.03-02.50.58:672][  0]LogInit: Setting process to per monitor DPI aware
[2018.03.03-02.51.02:405][  0]LogD3D11RHI: D3D11 adapters:
[2018.03.03-02.51.02:468][  0]LogD3D11RHI:    0. 'NVIDIA GeForce GTX 1080' (Feature Level 11_0)
[2018.03.03-02.51.02:468][  0]LogD3D11RHI:       8086/0/8134 MB DedicatedVideo/DedicatedSystem/SharedSystem, Outputs:2, VendorId:0x10de
[2018.03.03-02.51.02:471][  0]LogD3D11RHI:    1. 'Intel(R) HD Graphics 4000' (Feature Level 11_0)
[2018.03.03-02.51.02:471][  0]LogD3D11RHI:       32/0/1760 MB DedicatedVideo/DedicatedSystem/SharedSystem, Outputs:0, VendorId:0x8086
[2018.03.03-02.51.02:473][  0]LogD3D11RHI:    2. 'Microsoft Basic Render Driver' (Feature Level 11_0)
[2018.03.03-02.51.02:473][  0]LogD3D11RHI:       0/0/8134 MB DedicatedVideo/DedicatedSystem/SharedSystem, Outputs:0, VendorId:0x1414
[2018.03.03-02.51.02:473][  0]LogD3D11RHI: Chosen D3D11 Adapter: 0
[2018.03.03-02.51.02:494][  0]LogD3D11RHI: Creating new Direct3DDevice
[2018.03.03-02.51.02:494][  0]LogD3D11RHI:     GPU DeviceId: 0x1b80 (for the marketing name, search the web for "GPU Device Id")
[2018.03.03-02.51.02:494][  0]LogWindows: EnumDisplayDevices:
[2018.03.03-02.51.02:494][  0]LogWindows:    0. 'NVIDIA GeForce GTX 1080' (P:1 D:1)
[2018.03.03-02.51.02:505][  0]LogWindows:    1. 'NVIDIA GeForce GTX 1080' (P:0 D:1)
[2018.03.03-02.51.02:505][  0]LogWindows:    2. 'NVIDIA GeForce GTX 1080' (P:0 D:0)
[2018.03.03-02.51.02:505][  0]LogWindows:    3. 'NVIDIA GeForce GTX 1080' (P:0 D:0)
[2018.03.03-02.51.02:505][  0]LogWindows:    4. 'Intel(R) HD Graphics 4000' (P:0 D:0)
[2018.03.03-02.51.02:505][  0]LogWindows:    5. 'Intel(R) HD Graphics 4000' (P:0 D:0)
[2018.03.03-02.51.02:506][  0]LogWindows:    6. 'Intel(R) HD Graphics 4000' (P:0 D:0)
[2018.03.03-02.51.02:506][  0]LogWindows: DebugString: GetVideoDriverDetailsInvalid PrimaryIsNotTheChoosenAdapter GetVideoDriverDetailsInvalid PrimaryIsNotTheChoosenAdapter GetVideoDriverDetailsInvalid PrimaryIsNotTheChoosenAdapter GetVideoDriverDetailsInvalid PrimaryIsNotTheChoosenAdapter GetVideoDriverDetailsInvalid PrimaryIsNotTheChoosenAdapter GetVideoDriverDetailsInvalid PrimaryIsNotTheChoosenAdapter GetVideoDriverDetailsInvalid PrimaryIsNotTheChoosenAdapter FoundDriverCount:0 
[2018.03.03-02.51.02:506][  0]LogD3D11RHI:     Adapter Name: NVIDIA GeForce GTX 1080
[2018.03.03-02.51.02:506][  0]LogD3D11RHI:   Driver Version: Unknown (internal:Unknown, unified:Unknown)
[2018.03.03-02.51.02:506][  0]LogD3D11RHI:      Driver Date: Unknown
[2018.03.03-02.51.02:506][  0]LogRHI: Texture pool is 5660 MB (70% of 8086 MB)
[2018.03.03-02.51.02:556][  0]LogD3D11RHI: Async texture creation enabled
[2018.03.03-02.51.02:933][  0]LogD3D11RHI: GPU Timing Frequency: 1000.000000 (Debug: 2 1)
[2018.03.03-02.51.03:011][  0]LogShaderCompilers: Guid format shader working directory is -15 characters bigger than the processId version (E:/Programs/FRC/Projects/VictoryDashboard/VictoryDashboardUE/Intermediate/Shaders/WorkingDirectory/20556/).
[2018.03.03-02.51.03:011][  0]LogShaderCompilers: Cleaned the shader compiler working directory 'C:/Users/Victo/AppData/Local/Temp/UnrealShaderWorkingDir/75EFB596448AEE70894D8F9D0420249B/'.
[2018.03.03-02.51.03:027][  0]LogShaderCompilers: Display: Using Local Shader Compiler.
[2018.03.03-02.51.07:914][  0]LogTemp: Display: Loaded TP AllDesktopTargetPlatform
[2018.03.03-02.51.07:965][  0]LogTemp: Display: Loaded TP MacClientTargetPlatform
[2018.03.03-02.51.08:019][  0]LogTemp: Display: Loaded TP MacNoEditorTargetPlatform
[2018.03.03-02.51.08:065][  0]LogTemp: Display: Loaded TP MacServerTargetPlatform
[2018.03.03-02.51.08:151][  0]LogTemp: Display: Loaded TP MacTargetPlatform
[2018.03.03-02.51.08:197][  0]LogTemp: Display: Loaded TP WindowsClientTargetPlatform
[2018.03.03-02.51.08:246][  0]LogTemp: Display: Loaded TP WindowsNoEditorTargetPlatform
[2018.03.03-02.51.08:293][  0]LogTemp: Display: Loaded TP WindowsServerTargetPlatform
[2018.03.03-02.51.08:331][  0]LogTemp: Display: Loaded TP WindowsTargetPlatform
[2018.03.03-02.51.08:375][  0]LogTemp: Display: Loaded TP Android_ASTCTargetPlatform
[2018.03.03-02.51.08:422][  0]LogTemp: Display: Loaded TP Android_ATCTargetPlatform
[2018.03.03-02.51.08:465][  0]LogTemp: Display: Loaded TP Android_DXTTargetPlatform
[2018.03.03-02.51.08:509][  0]LogTemp: Display: Loaded TP Android_ETC1TargetPlatform
[2018.03.03-02.51.08:552][  0]LogTemp: Display: Loaded TP Android_ETC2TargetPlatform
[2018.03.03-02.51.08:643][  0]LogTemp: Display: Loaded TP Android_MultiTargetPlatform
[2018.03.03-02.51.08:643][  0]LogTemp: Display: Loaded TP Android_PVRTCTargetPlatform
[2018.03.03-02.51.08:707][  0]LogTemp: Display: Loaded TP AndroidTargetPlatform
[2018.03.03-02.51.08:745][  0]LogTemp: Display: Loaded TP HTML5TargetPlatform
[2018.03.03-02.51.08:900][  0]LogTemp: Display: Loaded TP IOSTargetPlatform
[2018.03.03-02.51.08:930][  0]LogTemp: Display: Loaded TP TVOSTargetPlatform
[2018.03.03-02.51.08:974][  0]LogTemp: Display: Loaded TP LinuxClientTargetPlatform
[2018.03.03-02.51.09:023][  0]LogTemp: Display: Loaded TP LinuxNoEditorTargetPlatform
[2018.03.03-02.51.09:081][  0]LogTemp: Display: Loaded TP LinuxServerTargetPlatform
[2018.03.03-02.51.09:155][  0]LogTemp: Display: Loaded TP LinuxTargetPlatform
[2018.03.03-02.51.09:155][  0]LogTargetPlatformManager: Display: Building Assets For Windows
[2018.03.03-02.51.10:625][  0]LogDerivedDataCache: Display: Max Cache Size: 512 MB
[2018.03.03-02.51.10:986][  0]LogDerivedDataCache: Loaded boot cache 0.36s 78MB C:/Users/Victo/AppData/Local/UnrealEngine/4.18/DerivedDataCache/Boot.ddc.
[2018.03.03-02.51.10:986][  0]LogDerivedDataCache: Display: Loaded Boot cache: C:/Users/Victo/AppData/Local/UnrealEngine/4.18/DerivedDataCache/Boot.ddc
[2018.03.03-02.51.10:986][  0]LogDerivedDataCache: FDerivedDataBackendGraph:  Pak pak cache file E:/Programs/FRC/Projects/VictoryDashboard/VictoryDashboardUE/DerivedDataCache/DDC.ddp not found, will not use a pak cache.
[2018.03.03-02.51.10:986][  0]LogDerivedDataCache: Unable to find inner node Pak for hierarchical cache Hierarchy.
[2018.03.03-02.51.10:986][  0]LogDerivedDataCache: FDerivedDataBackendGraph:  CompressedPak pak cache file E:/Programs/FRC/Projects/VictoryDashboard/VictoryDashboardUE/DerivedDataCache/Compressed.ddp not found, will not use a pak cache.
[2018.03.03-02.51.10:986][  0]LogDerivedDataCache: Unable to find inner node CompressedPak for hierarchical cache Hierarchy.
[2018.03.03-02.51.11:057][  0]LogDerivedDataCache: Display: Pak cache opened for reading ../../../Engine/DerivedDataCache/Compressed.ddp.
[2018.03.03-02.51.11:069][  0]LogDerivedDataCache: Using Local data cache path C:/Users/Victo/AppData/Local/UnrealEngine/Common/DerivedDataCache: Writable
[2018.03.03-02.51.11:128][  0]LogMaterial: Verifying Global Shaders for PCD3D_SM5
[2018.03.03-02.51.11:201][  0]LogSlate: Using Freetype 2.6.0
[2018.03.03-02.51.11:299][  0]LogSlate: SlateFontCache - WITH_FREETYPE: 1, WITH_HARFBUZZ: 1
[2018.03.03-02.51.11:307][  0]LogSlate: SlateFontCache - WITH_FREETYPE: 1, WITH_HARFBUZZ: 1
[2018.03.03-02.51.20:445][  0]LogInit: Selected Device Profile: [Windows]
[2018.03.03-02.51.21:740][  0]LogSimplygon: Simplygon DLL not present - disabling.
[2018.03.03-02.51.21:799][  0]LogMeshReduction: Using SimplygonSwarm for distributed automatic mesh merging
[2018.03.03-02.51.21:824][  0]LogMeshReduction: Using QuadricMeshReduction for automatic static mesh reduction
[2018.03.03-02.51.21:825][  0]LogMeshReduction: No automatic skeletal mesh reduction module available
[2018.03.03-02.51.21:825][  0]LogMeshReduction: No automatic mesh merging module available
[2018.03.03-02.51.21:825][  0]LogMeshMerging: No automatic mesh merging module available
[2018.03.03-02.51.22:399][  0]LogNetVersion: VictoryDashboardUE , NetCL: 3709383, EngineNetVer: 2, GameNetVer: 0 (Checksum: 3474883338)
[2018.03.03-02.51.24:236][  0]LogAssetRegistry: FAssetRegistry took 0.0285 seconds to start up
[2018.03.03-02.51.39:345][  0]LogPackageLocalizationCache: Processed 7 localized package path(s) for 2 prioritized culture(s) in 0.117090 seconds
[2018.03.03-02.51.39:360][  0]LogUObjectArray: 35870 objects as part of root set at end of initial load.
[2018.03.03-02.51.39:360][  0]LogUObjectAllocator: 7363696 out of 0 bytes used by permanent object pool.
[2018.03.03-02.51.39:360][  0]LogUObjectArray: CloseDisregardForGC: 0/0 objects in disregard for GC pool
[2018.03.03-02.51.39:414][  0]LogInit: WinSock: version 1.1 (2.2), MaxSocks=32767, MaxUdp=65467
[2018.03.03-02.51.52:633][  0]LogTcpMessaging: Initializing TcpMessaging bridge
[2018.03.03-02.51.52:703][  0]LogUdpMessaging: Initializing bridge on interface 0.0.0.0:0 to multicast group 230.0.0.1:6666.
[2018.03.03-02.51.55:641][  0]LogMaterial: Uniform references updated for custom material expression Custom.
[2018.03.03-02.51.56:644][  0]SourceControl: Source control is disabled
[2018.03.03-02.51.56:654][  0]SourceControl: Source control is disabled
[2018.03.03-02.51.56:759][  0]SourceControl: Source control is disabled
[2018.03.03-02.51.56:887][  0]SourceControl: Source control is disabled
[2018.03.03-02.51.58:554][  0]LogAndroidPermission: UAndroidPermissionCallbackProxy::GetInstance
[2018.03.03-02.51.59:034][  0]LogOcInput: OculusInput pre-init called
[2018.03.03-02.51.59:915][  0]LogEngine: Initializing Engine...
[2018.03.03-02.52.02:459][  0]LogHMD: SteamVR initialized.  Driver: lighthouse  Display: LHR-0638E2F1
[2018.03.03-02.52.03:278][  0]LogStats: UGameplayTagsManager::ConstructGameplayTagTree: Construct from data asset -  0.000 s
[2018.03.03-02.52.03:279][  0]LogStats: UGameplayTagsManager::ConstructGameplayTagTree: GameplayTagTreeChangedEvent.Broadcast -  0.000 s
[2018.03.03-02.52.03:722][  0]LogAIModule: Creating AISystem for world Untitled
[2018.03.03-02.52.04:041][  0]LogInit: XAudio2 using 'HTC-VIVE-4 (NVIDIA High Definition Audio)' : 2 channels at 48 kHz using 16 bits per sample (channel mask 0x3)
[2018.03.03-02.52.04:056][  0]LogInit: FAudioDevice initialized.
[2018.03.03-02.52.04:212][  0]LogDerivedDataCache: Saved boot cache 0.14s 78MB C:/Users/Victo/AppData/Local/UnrealEngine/4.18/DerivedDataCache/Boot.ddc.
[2018.03.03-02.52.04:235][  0]LogInit: Texture streaming: Enabled
[2018.03.03-02.52.04:471][  0]LogEngineSessionManager: EngineSessionManager initialized
[2018.03.03-02.52.04:875][  0]LogInit: Transaction tracking system initialized
[2018.03.03-02.52.05:633][  0]BlueprintLog: New page: Editor Load
[2018.03.03-02.52.08:477][  0]LocalizationService: Localization service is disabled
[2018.03.03-02.52.10:207][  0]LogConsoleResponse: Display: 
[2018.03.03-02.52.15:331][  0]LogFileCache: Scanning file cache for directory 'E:/Programs/FRC/Projects/VictoryDashboard/VictoryDashboardUE/Content/' took 0.05s
[2018.03.03-02.52.15:331][  0]LogCook: Display: Max memory allowance for cook 16384mb min free memory 0mb
[2018.03.03-02.52.15:399][  0]LogCook: Display: Mobile HDR setting 1
[2018.03.03-02.52.15:420][  0]LogGameplayTags: Display: UGameplayTagsManager::DoneAddingNativeTags. DelegateIsBound: 0
[2018.03.03-02.52.20:339][  0]SourceControl: Source control is disabled
[2018.03.03-02.52.20:383][  0]Cmd: MAP LOAD FILE="../../../Engine/Content/Maps/Templates/Template_Default.umap" TEMPLATE=1 SHOWPROGRESS=1 FEATURELEVEL=3
[2018.03.03-02.52.20:401][  0]LightingResults: New page: Lighting Build
[2018.03.03-02.52.20:668][  0]MapCheck: New page: Map Check
[2018.03.03-02.52.20:668][  0]LightingResults: New page: Lighting Build
[2018.03.03-02.52.23:072][  0]LogAIModule: Creating AISystem for world Untitled_1
[2018.03.03-02.52.23:874][  0]LogEditorServer: Finished looking for orphan Actors (0.000 secs)
[2018.03.03-02.52.23:976][  0]LogAudio: Warning: Current Audio Device with ID {0.0.0.00000000}.{fd65635c-0904-491e-8d6c-29b96fac3f34} was removed. Shutting down audio device.
[2018.03.03-02.52.23:986][  0]Cmd: MAP CHECKDEP NOCLEARLOG
[2018.03.03-02.52.24:062][  0]MapCheck: Map check complete: 0 Error(s), 0 Warning(s), took 75.694ms to complete.
[2018.03.03-02.52.24:071][  0]LogFileHelpers: Loading map 'Template_Default' took 3.704
[2018.03.03-02.52.25:558][  0]LogCollectionManager: Loaded 0 collections in 0.001731 seconds
[2018.03.03-02.52.25:728][  0]LogFileCache: Scanning file cache for directory 'E:/Programs/FRC/Projects/VictoryDashboard/VictoryDashboardUE/Saved/Collections/' took 0.01s
[2018.03.03-02.52.25:728][  0]LogFileCache: Scanning file cache for directory 'E:/Programs/FRC/Projects/VictoryDashboard/VictoryDashboardUE/Content/Developers/Victo/Collections/' took 0.01s
[2018.03.03-02.52.25:728][  0]LogFileCache: Scanning file cache for directory 'E:/Programs/FRC/Projects/VictoryDashboard/VictoryDashboardUE/Content/Collections/' took 0.01s
[2018.03.03-02.52.25:728][  0]LogCollectionManager: Rebuilt the GUID cache for 0 collections in 0.000001 seconds
[2018.03.03-02.52.25:792][  0]LogContentBrowser: Native class hierarchy populated in 0.0502 seconds. Added 2365 classes and 522 folders.
[2018.03.03-02.52.25:983][  0]LogContentBrowser: Native class hierarchy updated for 'WidgetCarousel' in 0.0007 seconds. Added 0 classes and 0 folders.
[2018.03.03-02.52.27:637][  0]LogContentBrowser: Native class hierarchy updated for 'AddContentDialog' in 0.0008 seconds. Added 0 classes and 0 folders.
[2018.03.03-02.52.27:757][  0]LogContentBrowser: Native class hierarchy updated for 'SceneOutliner' in 0.0008 seconds. Added 1 classes and 2 folders.
[2018.03.03-02.52.28:685][  0]LogSlate: Took 0.010612 seconds to synchronously load lazily loaded font '../../../Engine/Content/Slate/Fonts/Roboto-Regular.ttf' (155K)
[2018.03.03-02.52.28:726][  0]LogSlate: Took 0.016484 seconds to synchronously load lazily loaded font '../../../Engine/Content/Slate/Fonts/Roboto-Bold.ttf' (160K)
[2018.03.03-02.52.28:780][  0]LogSlate: Took 0.013652 seconds to synchronously load lazily loaded font '../../../Engine/Content/Editor/Slate/Fonts/FontAwesome.ttf' (139K)
[2018.03.03-02.52.29:276][  0]LogRenderer: Reallocating scene render targets to support 1136x576 Format 10 NumSamples 1 (Frame:1).
[2018.03.03-02.52.29:896][  0]LogContentBrowser: Native class hierarchy updated for 'HierarchicalLODOutliner' in 0.0006 seconds. Added 1 classes and 2 folders.
[2018.03.03-02.52.29:896][  0]LogLoad: (Engine Initialization) Total time: 132.45 seconds
[2018.03.03-02.52.29:896][  0]LogLoad: (Engine Initialization) Total Blueprint compile time: 0.00 seconds
[2018.03.03-02.52.29:909][  0]LogExternalProfiler: No external profilers were discovered.  External profiling features will not be available.
[2018.03.03-02.52.30:481][  0]LogContentStreaming: Texture pool size now 1000 MB
[2018.03.03-02.52.30:540][  0]LogInit: XAudio2 using 'Speakers (Logitech G933 Gaming Headset)' : 6 channels at 48 kHz using 16 bits per sample (channel mask 0x3f)
[2018.03.03-02.52.31:026][  1]LogSlate: Took 0.139785 seconds to synchronously load lazily loaded font '../../../Engine/Content/Slate/Fonts/Roboto-Light.ttf' (159K)
[2018.03.03-02.52.31:130][  2]LogAssetRegistry: Asset discovery search completed in 66.9147 seconds
[2018.03.03-02.52.31:154][  2]LogCollectionManager: Rebuilt the object cache for 0 collections in 0.000000 seconds (found 0 objects)
[2018.03.03-02.52.31:154][  2]LogCollectionManager: Fixed up redirectors for 0 collections in 0.000102 seconds (updated 0 objects)
[2018.03.03-02.52.31:459][  3]LogSlate: Took 0.000233 seconds to synchronously load lazily loaded font '../../../Engine/Content/Slate/Fonts/Roboto-Light.ttf' (159K)
[2018.03.03-02.52.44:922][112]LogSlate: Took 0.000184 seconds to synchronously load lazily loaded font '../../../Engine/Content/Slate/Fonts/Roboto-Light.ttf' (159K)
[2018.03.03-02.52.46:001][112]LogSlate: Took 0.000209 seconds to synchronously load lazily loaded font '../../../Engine/Content/Slate/Fonts/Roboto-Regular.ttf' (155K)
[2018.03.03-02.52.46:072][112]LogAIModule: Creating AISystem for world Test
[2018.03.03-02.52.46:188][112]Cmd: MAP LOAD FILE="E:/Programs/FRC/Projects/VictoryDashboard/VictoryDashboardUE/Content/Maps/Test.umap" TEMPLATE=0 SHOWPROGRESS=1 FEATURELEVEL=3
[2018.03.03-02.52.46:188][112]LightingResults: New page: Lighting Build
[2018.03.03-02.52.46:189][112]LoadErrors: New page: Loading map: Test.umap
[2018.03.03-02.52.46:189][112]MapCheck: New page: Map Check
[2018.03.03-02.52.46:189][112]LightingResults: New page: Lighting Build
[2018.03.03-02.52.46:304][112]LogEditorServer: Finished looking for orphan Actors (0.000 secs)
[2018.03.03-02.52.46:362][112]Cmd: MAP CHECKDEP NOCLEARLOG
[2018.03.03-02.52.46:407][112]MapCheck: Map check complete: 0 Error(s), 0 Warning(s), took 44.523ms to complete.
[2018.03.03-02.52.46:407][112]LogFileHelpers: Loading map 'Test' took 0.234
[2018.03.03-02.52.48:208][182]LogTemp: Repeating last play command: Selected Viewport
[2018.03.03-02.52.48:423][182]LogBlueprintUserMessages: Early PlayInEditor Detection: Level '/Game/Maps/Test.Test:PersistentLevel' has LevelScriptBlueprint '/Game/Maps/Test.Test:PersistentLevel.Test' with GeneratedClass '/Game/Maps/Test.Test_C' with ClassGeneratedBy '/Game/Maps/Test.Test:PersistentLevel.Test'
[2018.03.03-02.52.48:443][182]LogPlayLevel: PlayLevel: No blueprints needed recompiling
[2018.03.03-02.52.48:518][182]PIE: New page: PIE session: Test (Mar 2, 2018, 10:52:48 AM)
[2018.03.03-02.52.48:530][182]LogPlayLevel: Creating play world package: /Game/Maps/UEDPIE_0_Test
[2018.03.03-02.52.48:560][182]LogPlayLevel: PIE: StaticDuplicateObject took: (0.029693s)
[2018.03.03-02.52.48:561][182]LogAIModule: Creating AISystem for world Test
[2018.03.03-02.52.48:561][182]LogPlayLevel: PIE: World Init took: (0.000847s)
[2018.03.03-02.52.48:561][182]LogPlayLevel: PIE: Created PIE world by copying editor world from /Game/Maps/Test.Test to /Game/Maps/UEDPIE_0_Test.Test (0.030931s)
[2018.03.03-02.52.48:601][182]LogInit: XAudio2 using 'Speakers (Logitech G933 Gaming Headset)' : 6 channels at 48 kHz using 16 bits per sample (channel mask 0x3f)
[2018.03.03-02.52.48:618][182]LogInit: FAudioDevice initialized.
[2018.03.03-02.52.48:665][182]LogLoad: Game class is 'GameModeBase'
[2018.03.03-02.52.48:740][182]LogWorld: Bringing World /Game/Maps/UEDPIE_0_Test.Test up for play (max tick rate 0) at 2018.03.02-18.52.48
[2018.03.03-02.52.48:749][182]LogWorld: Bringing up level for play took: 0.014782
[2018.03.03-02.52.48:886][182]LogContentBrowser: Native class hierarchy updated for 'MovieSceneCapture' in 0.0008 seconds. Added 11 classes and 0 folders.
[2018.03.03-02.52.49:017][182]LogTemp: Warning: Tread:10.0.0.9:9000
[2018.03.03-02.52.49:017][182]PIE: Play in editor start time for /Game/Maps/UEDPIE_0_Test 0.903
[2018.03.03-02.52.49:018][182]LogBlueprintUserMessages: Late PlayInEditor Detection: Level '/Game/Maps/Test.Test:PersistentLevel' has LevelScriptBlueprint '/Game/Maps/Test.Test:PersistentLevel.Test' with GeneratedClass '/Game/Maps/Test.Test_C' with ClassGeneratedBy '/Game/Maps/Test.Test:PersistentLevel.Test'
[2018.03.03-02.52.57:911][342]LogTemp: Error: Connection not exist.
[2018.03.03-02.52.58:050][347]LogTemp: Error: Connection not exist.
[2018.03.03-02.52.58:074][348]LogTemp: Error: Connection not exist.
[2018.03.03-02.52.58:104][349]LogTemp: Error: Connection not exist.
[2018.03.03-02.52.58:131][350]LogTemp: Error: Connection not exist.
[2018.03.03-02.52.58:156][351]LogTemp: Error: Connection not exist.
[2018.03.03-02.52.58:185][352]LogTemp: Error: Connection not exist.
[2018.03.03-02.52.58:212][353]LogTemp: Error: Connection not exist.
[2018.03.03-02.52.58:240][354]LogTemp: Error: Connection not exist.
[2018.03.03-02.52.58:265][355]LogTemp: Error: Connection not exist.
[2018.03.03-02.52.58:296][356]LogTemp: Error: Connection not exist.
[2018.03.03-02.52.58:329][357]LogTemp: Error: Connection not exist.
[2018.03.03-02.52.58:361][358]LogTemp: Error: Connection not exist.
[2018.03.03-02.52.58:415][360]LogTemp: Error: Connection not exist.
[2018.03.03-02.52.59:724][399]LogBlueprintUserMessages: Early EndPlayMap Detection: Level '/Game/Maps/Test.Test:PersistentLevel' has LevelScriptBlueprint '/Game/Maps/Test.Test:PersistentLevel.Test' with GeneratedClass '/Game/Maps/Test.Test_C' with ClassGeneratedBy '/Game/Maps/Test.Test:PersistentLevel.Test'
[2018.03.03-02.52.59:802][399]LogBlueprintUserMessages: Late EndPlayMap Detection: Level '/Game/Maps/Test.Test:PersistentLevel' has LevelScriptBlueprint '/Game/Maps/Test.Test:PersistentLevel.Test' with GeneratedClass '/Game/Maps/Test.Test_C' with ClassGeneratedBy '/Game/Maps/Test.Test:PersistentLevel.Test'
[2018.03.03-02.53.01:156][446]LogEditorViewport: Clicking Background
[2018.03.03-02.53.48:377][151]LogContentBrowser: Native class hierarchy updated for 'BlueprintGraph' in 0.0016 seconds. Added 116 classes and 0 folders.
[2018.03.03-02.53.50:080][151]LogSlate: Took 0.013316 seconds to synchronously load lazily loaded font '../../../Engine/Content/Editor/Slate/Fonts/Roboto-BoldCondensed.ttf' (158K)
[2018.03.03-02.53.52:340][206]LogSlate: Took 0.042129 seconds to synchronously load lazily loaded font '../../../Engine/Content/Slate/Fonts/DroidSansFallback.ttf' (3848K)
[2018.03.03-02.56.11:895][ 56]LogBlueprint: Warning: [Compiler ] Leak Detected!  TextBlock_83 ( Text ) still has living Slate widgets, it or the parent HorizontalBox_5 ( Horizontal Box ) is keeping them in memory.  Release all Slate resources in ReleaseSlateResources().
[2018.03.03-02.57.07:235][506]LogBlueprint: Warning: [Compiler ] Leak Detected!  VerticalBox_0 ( Vertical Box ) still has living Slate widgets, it or the parent CanvasPanel_19 ( Canvas Panel ) is keeping them in memory.  Release all Slate resources in ReleaseSlateResources().
[2018.03.03-02.58.53:761][737]LogSlate: Took 0.011600 seconds to synchronously load lazily loaded font '../../../Engine/Content/Editor/Slate/Fonts/Roboto-Italic.ttf' (157K)
[2018.03.03-03.02.56:966][962]LogFileHelpers: Editor autosave (incl. sublevels) for '/Game/Maps/Test' took 0.069
[2018.03.03-03.02.57:041][962]OBJ SavePackage: Generating thumbnails for [0] asset(s) in package [/Game/UI/UI_CV_CubeSettings] ([1] browsable assets)...
[2018.03.03-03.02.57:050][962]OBJ SavePackage: Finished generating thumbnails for package [/Game/UI/UI_CV_CubeSettings]
[2018.03.03-03.02.57:691][962]LogSavePackage: Save=166.50ms
[2018.03.03-03.02.57:692][962]LogSavePackage: Moving 'E:/Programs/FRC/Projects/VictoryDashboard/VictoryDashboardUE/Saved/UI_CV_CubeSettings_Auto1907A354446CEC1F1F242E7AAA02EA6A1.tmp' to 'E:/Programs/FRC/Projects/VictoryDashboard/VictoryDashboardUE/Saved/Autosaves/Game/UI/UI_CV_CubeSettings_Auto1.uasset'
[2018.03.03-03.02.57:710][962]LogSavePackage: Display: Finished SavePackage E:/Programs/FRC/Projects/VictoryDashboard/VictoryDashboardUE/Saved/Autosaves/Game/UI/UI_CV_CubeSettings_Auto1.uasset
[2018.03.03-03.02.57:710][962]LogFileHelpers: Auto-saving content packages took 0.704
[2018.03.03-03.34.00:480][ 90]BlueprintLog: New page: Compile UI_CV_CubeSettings
[2018.03.03-03.34.01:309][110]Cmd: OBJ SAVEPACKAGE PACKAGE="/Game/UI/UI_CV_CubeSettings" FILE="E:/Programs/FRC/Projects/VictoryDashboard/VictoryDashboardUE/Content/UI/UI_CV_CubeSettings.uasset" SILENT=true
[2018.03.03-03.34.01:407][110]LogSavePackage: Save=89.44ms
[2018.03.03-03.34.01:407][110]LogSavePackage: Moving 'E:/Programs/FRC/Projects/VictoryDashboard/VictoryDashboardUE/Saved/UI_CV_CubeSettingsEEC80989476D8479A30B55A5B80E4BD1.tmp' to 'E:/Programs/FRC/Projects/VictoryDashboard/VictoryDashboardUE/Content/UI/UI_CV_CubeSettings.uasset'
[2018.03.03-03.34.01:411][110]LogSavePackage: Display: Finished SavePackage E:/Programs/FRC/Projects/VictoryDashboard/VictoryDashboardUE/Content/UI/UI_CV_CubeSettings.uasset
[2018.03.03-04.11.42:428][607]LogTemp: Repeating last play command: Selected Viewport
[2018.03.03-04.11.42:458][607]LogBlueprintUserMessages: Early PlayInEditor Detection: Level '/Game/Maps/Test.Test:PersistentLevel' has LevelScriptBlueprint '/Game/Maps/Test.Test:PersistentLevel.Test' with GeneratedClass '/Game/Maps/Test.Test_C' with ClassGeneratedBy '/Game/Maps/Test.Test:PersistentLevel.Test'
[2018.03.03-04.11.42:458][607]LogPlayLevel: PlayLevel: No blueprints needed recompiling
[2018.03.03-04.11.42:459][607]PIE: New page: PIE session: Test (Mar 2, 2018, 12:11:42 PM)
[2018.03.03-04.11.42:459][607]LogPlayLevel: Creating play world package: /Game/Maps/UEDPIE_0_Test
[2018.03.03-04.11.42:467][607]LogPlayLevel: PIE: StaticDuplicateObject took: (0.007471s)
[2018.03.03-04.11.42:468][607]LogAIModule: Creating AISystem for world Test
[2018.03.03-04.11.42:469][607]LogPlayLevel: PIE: World Init took: (0.002194s)
[2018.03.03-04.11.42:469][607]LogPlayLevel: PIE: Created PIE world by copying editor world from /Game/Maps/Test.Test to /Game/Maps/UEDPIE_0_Test.Test (0.010160s)
[2018.03.03-04.11.42:522][607]LogInit: XAudio2 using 'Speakers (Logitech G933 Gaming Headset)' : 6 channels at 48 kHz using 16 bits per sample (channel mask 0x3f)
[2018.03.03-04.11.42:543][607]LogInit: FAudioDevice initialized.
[2018.03.03-04.11.42:583][607]LogLoad: Game class is 'GameModeBase'
[2018.03.03-04.11.42:585][607]LogWorld: Bringing World /Game/Maps/UEDPIE_0_Test.Test up for play (max tick rate 0) at 2018.03.02-20.11.42
[2018.03.03-04.11.42:586][607]LogWorld: Bringing up level for play took: 0.001873
[2018.03.03-04.11.42:590][607]LogTemp: Warning: Tread:10.0.0.9:9000
[2018.03.03-04.11.42:590][607]PIE: Play in editor start time for /Game/Maps/UEDPIE_0_Test 0.476
[2018.03.03-04.11.42:590][607]LogBlueprintUserMessages: Late PlayInEditor Detection: Level '/Game/Maps/Test.Test:PersistentLevel' has LevelScriptBlueprint '/Game/Maps/Test.Test:PersistentLevel.Test' with GeneratedClass '/Game/Maps/Test.Test_C' with ClassGeneratedBy '/Game/Maps/Test.Test:PersistentLevel.Test'
[2018.03.03-04.12.06:731][ 35]LogTemp: Warning: Tread:10.0.0.9:9000
[2018.03.03-04.12.30:717][107]LogTemp: Warning: Tread:10.0.0.9:9000
[2018.03.03-04.12.54:714][179]LogTemp: Warning: Tread:10.0.0.9:9000
[2018.03.03-04.13.18:715][251]LogTemp: Warning: Tread:10.0.0.9:9000
[2018.03.03-04.13.42:714][323]LogTemp: Warning: Tread:10.0.0.9:9000
[2018.03.03-04.14.06:714][395]LogTemp: Warning: Tread:10.0.0.9:9000
[2018.03.03-04.14.30:714][467]LogTemp: Warning: Tread:10.0.0.9:9000
[2018.03.03-04.14.54:715][539]LogTemp: Warning: Tread:10.0.0.9:9000
[2018.03.03-04.15.18:715][611]LogTemp: Warning: Tread:10.0.0.9:9000
[2018.03.03-04.15.42:714][683]LogTemp: Warning: Tread:10.0.0.9:9000
[2018.03.03-04.16.06:715][755]LogTemp: Warning: Tread:10.0.0.9:9000
[2018.03.03-04.16.30:714][827]LogTemp: Warning: Tread:10.0.0.9:9000
[2018.03.03-04.16.54:715][899]LogTemp: Warning: Tread:10.0.0.9:9000
[2018.03.03-04.17.18:715][971]LogTemp: Warning: Tread:10.0.0.9:9000
[2018.03.03-04.17.42:715][ 43]LogTemp: Warning: Tread:10.0.0.9:9000
[2018.03.03-04.18.06:717][115]LogTemp: Warning: Tread:10.0.0.9:9000
[2018.03.03-04.18.30:715][187]LogTemp: Warning: Tread:10.0.0.9:9000
[2018.03.03-04.18.54:717][259]LogTemp: Warning: Tread:10.0.0.9:9000
[2018.03.03-04.19.18:715][331]LogTemp: Warning: Tread:10.0.0.9:9000
[2018.03.03-04.19.42:716][403]LogTemp: Warning: Tread:10.0.0.9:9000
[2018.03.03-04.20.06:715][475]LogTemp: Warning: Tread:10.0.0.9:9000
[2018.03.03-04.20.30:716][547]LogTemp: Warning: Tread:10.0.0.9:9000
[2018.03.03-04.20.54:716][619]LogTemp: Warning: Tread:10.0.0.9:9000
[2018.03.03-04.21.18:716][691]LogTemp: Warning: Tread:10.0.0.9:9000
[2018.03.03-04.21.42:716][763]LogTemp: Warning: Tread:10.0.0.9:9000
[2018.03.03-04.22.06:717][835]LogTemp: Warning: Tread:10.0.0.9:9000
[2018.03.03-04.22.30:716][907]LogTemp: Warning: Tread:10.0.0.9:9000
[2018.03.03-04.22.54:716][979]LogTemp: Warning: Tread:10.0.0.9:9000
[2018.03.03-04.23.18:718][ 51]LogTemp: Warning: Tread:10.0.0.9:9000
[2018.03.03-04.23.42:716][123]LogTemp: Warning: Tread:10.0.0.9:9000
[2018.03.03-04.24.06:716][195]LogTemp: Warning: Tread:10.0.0.9:9000
[2018.03.03-04.24.30:717][267]LogTemp: Warning: Tread:10.0.0.9:9000
[2018.03.03-04.24.54:716][339]LogTemp: Warning: Tread:10.0.0.9:9000
[2018.03.03-04.25.18:716][411]LogTemp: Warning: Tread:10.0.0.9:9000
[2018.03.03-04.25.42:717][483]LogTemp: Warning: Tread:10.0.0.9:9000
[2018.03.03-04.26.06:717][555]LogTemp: Warning: Tread:10.0.0.9:9000
[2018.03.03-04.26.30:717][627]LogTemp: Warning: Tread:10.0.0.9:9000
[2018.03.03-04.26.54:716][699]LogTemp: Warning: Tread:10.0.0.9:9000
[2018.03.03-04.27.18:718][771]LogTemp: Warning: Tread:10.0.0.9:9000
[2018.03.03-04.27.42:719][843]LogTemp: Warning: Tread:10.0.0.9:9000
[2018.03.03-04.28.06:718][915]LogTemp: Warning: Tread:10.0.0.9:9000
[2018.03.03-04.28.30:718][987]LogTemp: Warning: Tread:10.0.0.9:9000
[2018.03.03-04.28.54:717][ 59]LogTemp: Warning: Tread:10.0.0.9:9000
[2018.03.03-04.29.18:716][131]LogTemp: Warning: Tread:10.0.0.9:9000
[2018.03.03-04.29.42:717][203]LogTemp: Warning: Tread:10.0.0.9:9000
[2018.03.03-04.30.06:717][275]LogTemp: Warning: Tread:10.0.0.9:9000
[2018.03.03-04.30.30:717][347]LogTemp: Warning: Tread:10.0.0.9:9000
[2018.03.03-04.30.54:717][419]LogTemp: Warning: Tread:10.0.0.9:9000
[2018.03.03-04.31.18:717][491]LogTemp: Warning: Tread:10.0.0.9:9000
[2018.03.03-04.31.42:717][563]LogTemp: Warning: Tread:10.0.0.9:9000
[2018.03.03-04.32.06:717][635]LogTemp: Warning: Tread:10.0.0.9:9000
[2018.03.03-04.32.30:717][707]LogTemp: Warning: Tread:10.0.0.9:9000
[2018.03.03-04.32.54:717][779]LogTemp: Warning: Tread:10.0.0.9:9000
[2018.03.03-04.33.18:717][851]LogTemp: Warning: Tread:10.0.0.9:9000
[2018.03.03-04.33.42:718][923]LogTemp: Warning: Tread:10.0.0.9:9000
[2018.03.03-04.34.06:721][995]LogTemp: Warning: Tread:10.0.0.9:9000
[2018.03.03-04.34.30:720][ 67]LogTemp: Warning: Tread:10.0.0.9:9000
[2018.03.03-04.34.54:718][139]LogTemp: Warning: Tread:10.0.0.9:9000
[2018.03.03-04.35.18:717][211]LogTemp: Warning: Tread:10.0.0.9:9000
[2018.03.03-04.35.42:719][283]LogTemp: Warning: Tread:10.0.0.9:9000
[2018.03.03-04.36.06:718][355]LogTemp: Warning: Tread:10.0.0.9:9000
[2018.03.03-04.36.30:718][427]LogTemp: Warning: Tread:10.0.0.9:9000
[2018.03.03-04.36.54:718][499]LogTemp: Warning: Tread:10.0.0.9:9000
[2018.03.03-04.37.18:717][571]LogTemp: Warning: Tread:10.0.0.9:9000
[2018.03.03-04.37.42:717][643]LogTemp: Warning: Tread:10.0.0.9:9000
[2018.03.03-04.38.06:719][715]LogTemp: Warning: Tread:10.0.0.9:9000
[2018.03.03-04.38.30:718][787]LogTemp: Warning: Tread:10.0.0.9:9000
[2018.03.03-04.38.54:720][859]LogTemp: Warning: Tread:10.0.0.9:9000
[2018.03.03-04.39.18:719][931]LogTemp: Warning: Tread:10.0.0.9:9000
[2018.03.03-04.39.42:720][  3]LogTemp: Warning: Tread:10.0.0.9:9000
[2018.03.03-04.40.06:720][ 75]LogTemp: Warning: Tread:10.0.0.9:9000
[2018.03.03-04.40.30:719][147]LogTemp: Warning: Tread:10.0.0.9:9000
[2018.03.03-04.40.54:720][219]LogTemp: Warning: Tread:10.0.0.9:9000
[2018.03.03-04.41.18:719][291]LogTemp: Warning: Tread:10.0.0.9:9000
[2018.03.03-04.41.42:721][363]LogTemp: Warning: Tread:10.0.0.9:9000
[2018.03.03-04.42.06:718][435]LogTemp: Warning: Tread:10.0.0.9:9000
[2018.03.03-04.42.30:720][507]LogTemp: Warning: Tread:10.0.0.9:9000
[2018.03.03-04.42.54:719][579]LogTemp: Warning: Tread:10.0.0.9:9000
[2018.03.03-04.43.18:720][651]LogTemp: Warning: Tread:10.0.0.9:9000
[2018.03.03-04.43.42:718][723]LogTemp: Warning: Tread:10.0.0.9:9000
[2018.03.03-04.44.06:720][795]LogTemp: Warning: Tread:10.0.0.9:9000
[2018.03.03-04.44.30:719][867]LogTemp: Warning: Tread:10.0.0.9:9000
[2018.03.03-04.44.54:719][939]LogTemp: Warning: Tread:10.0.0.9:9000
[2018.03.03-04.45.18:720][ 11]LogTemp: Warning: Tread:10.0.0.9:9000
[2018.03.03-04.45.42:720][ 83]LogTemp: Warning: Tread:10.0.0.9:9000
[2018.03.03-04.46.06:720][155]LogTemp: Warning: Tread:10.0.0.9:9000
[2018.03.03-04.46.30:720][227]LogTemp: Warning: Tread:10.0.0.9:9000
[2018.03.03-04.46.54:788][472]LogTemp: Warning: Tread:10.0.0.9:9000
[2018.03.03-04.47.01:331][669]LogBlueprintUserMessages: Early EndPlayMap Detection: Level '/Game/Maps/Test.Test:PersistentLevel' has LevelScriptBlueprint '/Game/Maps/Test.Test:PersistentLevel.Test' with GeneratedClass '/Game/Maps/Test.Test_C' with ClassGeneratedBy '/Game/Maps/Test.Test:PersistentLevel.Test'
[2018.03.03-04.47.01:381][669]LogBlueprintUserMessages: Late EndPlayMap Detection: Level '/Game/Maps/Test.Test:PersistentLevel' has LevelScriptBlueprint '/Game/Maps/Test.Test:PersistentLevel.Test' with GeneratedClass '/Game/Maps/Test.Test_C' with ClassGeneratedBy '/Game/Maps/Test.Test:PersistentLevel.Test'
[2018.03.03-04.47.29:467][283]LogTemp: Repeating last play command: Selected Viewport
[2018.03.03-04.47.29:488][283]LogBlueprintUserMessages: Early PlayInEditor Detection: Level '/Game/Maps/Test.Test:PersistentLevel' has LevelScriptBlueprint '/Game/Maps/Test.Test:PersistentLevel.Test' with GeneratedClass '/Game/Maps/Test.Test_C' with ClassGeneratedBy '/Game/Maps/Test.Test:PersistentLevel.Test'
[2018.03.03-04.47.29:488][283]LogPlayLevel: PlayLevel: No blueprints needed recompiling
[2018.03.03-04.47.29:488][283]PIE: New page: PIE session: Test (Mar 2, 2018, 12:47:29 PM)
[2018.03.03-04.47.29:489][283]LogPlayLevel: Creating play world package: /Game/Maps/UEDPIE_0_Test
[2018.03.03-04.47.29:494][283]LogPlayLevel: PIE: StaticDuplicateObject took: (0.004907s)
[2018.03.03-04.47.29:494][283]LogAIModule: Creating AISystem for world Test
[2018.03.03-04.47.29:495][283]LogPlayLevel: PIE: World Init took: (0.000891s)
[2018.03.03-04.47.29:495][283]LogPlayLevel: PIE: Created PIE world by copying editor world from /Game/Maps/Test.Test to /Game/Maps/UEDPIE_0_Test.Test (0.006145s)
[2018.03.03-04.47.29:527][283]LogInit: XAudio2 using 'Speakers (Logitech G933 Gaming Headset)' : 6 channels at 48 kHz using 16 bits per sample (channel mask 0x3f)
[2018.03.03-04.47.29:549][283]LogInit: FAudioDevice initialized.
[2018.03.03-04.47.29:584][283]LogLoad: Game class is 'GameModeBase'
[2018.03.03-04.47.29:586][283]LogWorld: Bringing World /Game/Maps/UEDPIE_0_Test.Test up for play (max tick rate 0) at 2018.03.02-20.47.29
[2018.03.03-04.47.29:586][283]LogWorld: Bringing up level for play took: 0.001305
[2018.03.03-04.47.29:588][283]LogTemp: Warning: Tread:10.0.0.9:9000
[2018.03.03-04.47.29:588][283]PIE: Play in editor start time for /Game/Maps/UEDPIE_0_Test -0.526
[2018.03.03-04.47.29:589][283]LogBlueprintUserMessages: Late PlayInEditor Detection: Level '/Game/Maps/Test.Test:PersistentLevel' has LevelScriptBlueprint '/Game/Maps/Test.Test:PersistentLevel.Test' with GeneratedClass '/Game/Maps/Test.Test_C' with ClassGeneratedBy '/Game/Maps/Test.Test:PersistentLevel.Test'
[2018.03.03-04.47.37:106][685]LogTemp: Error: Connection not exist.
[2018.03.03-04.47.37:326][697]LogTemp: Error: Connection not exist.
[2018.03.03-04.47.37:344][698]LogTemp: Error: Connection not exist.
[2018.03.03-04.47.37:360][699]LogTemp: Error: Connection not exist.
[2018.03.03-04.47.37:398][701]LogTemp: Error: Connection not exist.
[2018.03.03-04.47.37:434][703]LogTemp: Error: Connection not exist.
[2018.03.03-04.47.37:452][704]LogTemp: Error: Connection not exist.
[2018.03.03-04.47.37:473][705]LogTemp: Error: Connection not exist.
[2018.03.03-04.47.37:494][706]LogTemp: Error: Connection not exist.
[2018.03.03-04.47.37:512][707]LogTemp: Error: Connection not exist.
[2018.03.03-04.47.37:531][708]LogTemp: Error: Connection not exist.
[2018.03.03-04.47.37:590][711]LogTemp: Error: Connection not exist.
[2018.03.03-04.47.37:610][712]LogTemp: Error: Connection not exist.
[2018.03.03-04.47.37:630][713]LogTemp: Error: Connection not exist.
[2018.03.03-04.47.37:648][714]LogTemp: Error: Connection not exist.
[2018.03.03-04.47.37:685][716]LogTemp: Error: Connection not exist.
[2018.03.03-04.47.37:704][717]LogTemp: Error: Connection not exist.
[2018.03.03-04.47.37:723][718]LogTemp: Error: Connection not exist.
[2018.03.03-04.47.37:742][719]LogTemp: Error: Connection not exist.
[2018.03.03-04.47.37:760][720]LogTemp: Error: Connection not exist.
[2018.03.03-04.47.37:778][721]LogTemp: Error: Connection not exist.
[2018.03.03-04.47.37:778][721]LogTemp: Error: Connection not exist.
[2018.03.03-04.47.37:834][724]LogTemp: Error: Connection not exist.
[2018.03.03-04.47.37:853][725]LogTemp: Error: Connection not exist.
[2018.03.03-04.47.37:890][727]LogTemp: Error: Connection not exist.
[2018.03.03-04.47.37:909][728]LogTemp: Error: Connection not exist.
[2018.03.03-04.47.37:930][729]LogTemp: Error: Connection not exist.
[2018.03.03-04.47.37:948][730]LogTemp: Error: Connection not exist.
[2018.03.03-04.47.37:984][732]LogTemp: Error: Connection not exist.
[2018.03.03-04.47.38:025][734]LogTemp: Error: Connection not exist.
[2018.03.03-04.47.38:043][735]LogTemp: Error: Connection not exist.
[2018.03.03-04.47.38:061][736]LogTemp: Error: Connection not exist.
[2018.03.03-04.47.38:096][738]LogTemp: Error: Connection not exist.
[2018.03.03-04.47.38:117][739]LogTemp: Error: Connection not exist.
[2018.03.03-04.47.38:136][740]LogTemp: Error: Connection not exist.
[2018.03.03-04.47.38:172][742]LogTemp: Error: Connection not exist.
[2018.03.03-04.47.38:243][746]LogTemp: Error: Connection not exist.
[2018.03.03-04.47.43:080][818]LogBlueprintUserMessages: Early EndPlayMap Detection: Level '/Game/Maps/Test.Test:PersistentLevel' has LevelScriptBlueprint '/Game/Maps/Test.Test:PersistentLevel.Test' with GeneratedClass '/Game/Maps/Test.Test_C' with ClassGeneratedBy '/Game/Maps/Test.Test:PersistentLevel.Test'
[2018.03.03-04.47.43:114][818]LogBlueprintUserMessages: Late EndPlayMap Detection: Level '/Game/Maps/Test.Test:PersistentLevel' has LevelScriptBlueprint '/Game/Maps/Test.Test:PersistentLevel.Test' with GeneratedClass '/Game/Maps/Test.Test_C' with ClassGeneratedBy '/Game/Maps/Test.Test:PersistentLevel.Test'
[2018.03.03-04.50.16:456][340]LogTemp: Repeating last play command: Selected Viewport
[2018.03.03-04.50.16:480][340]LogBlueprintUserMessages: Early PlayInEditor Detection: Level '/Game/Maps/Test.Test:PersistentLevel' has LevelScriptBlueprint '/Game/Maps/Test.Test:PersistentLevel.Test' with GeneratedClass '/Game/Maps/Test.Test_C' with ClassGeneratedBy '/Game/Maps/Test.Test:PersistentLevel.Test'
[2018.03.03-04.50.16:480][340]LogPlayLevel: PlayLevel: No blueprints needed recompiling
[2018.03.03-04.50.16:480][340]PIE: New page: PIE session: Test (Mar 2, 2018, 12:50:16 PM)
[2018.03.03-04.50.16:480][340]LogPlayLevel: Creating play world package: /Game/Maps/UEDPIE_0_Test
[2018.03.03-04.50.16:485][340]LogPlayLevel: PIE: StaticDuplicateObject took: (0.004508s)
[2018.03.03-04.50.16:486][340]LogAIModule: Creating AISystem for world Test
[2018.03.03-04.50.16:486][340]LogPlayLevel: PIE: World Init took: (0.000801s)
[2018.03.03-04.50.16:486][340]LogPlayLevel: PIE: Created PIE world by copying editor world from /Game/Maps/Test.Test to /Game/Maps/UEDPIE_0_Test.Test (0.005785s)
[2018.03.03-04.50.16:517][340]LogInit: XAudio2 using 'Speakers (Logitech G933 Gaming Headset)' : 6 channels at 48 kHz using 16 bits per sample (channel mask 0x3f)
[2018.03.03-04.50.16:538][340]LogInit: FAudioDevice initialized.
[2018.03.03-04.50.16:573][340]LogLoad: Game class is 'GameModeBase'
[2018.03.03-04.50.16:575][340]LogWorld: Bringing World /Game/Maps/UEDPIE_0_Test.Test up for play (max tick rate 0) at 2018.03.02-20.50.16
[2018.03.03-04.50.16:575][340]LogWorld: Bringing up level for play took: 0.001530
[2018.03.03-04.50.16:577][340]LogTemp: Warning: Tread:10.0.0.9:9000
[2018.03.03-04.50.16:577][340]PIE: Play in editor start time for /Game/Maps/UEDPIE_0_Test 0.463
[2018.03.03-04.50.16:577][340]LogBlueprintUserMessages: Late PlayInEditor Detection: Level '/Game/Maps/Test.Test:PersistentLevel' has LevelScriptBlueprint '/Game/Maps/Test.Test:PersistentLevel.Test' with GeneratedClass '/Game/Maps/Test.Test_C' with ClassGeneratedBy '/Game/Maps/Test.Test:PersistentLevel.Test'
[2018.03.03-04.50.28:617][158]LogBlueprintUserMessages: Early EndPlayMap Detection: Level '/Game/Maps/Test.Test:PersistentLevel' has LevelScriptBlueprint '/Game/Maps/Test.Test:PersistentLevel.Test' with GeneratedClass '/Game/Maps/Test.Test_C' with ClassGeneratedBy '/Game/Maps/Test.Test:PersistentLevel.Test'
[2018.03.03-04.50.28:663][158]LogBlueprintUserMessages: Late EndPlayMap Detection: Level '/Game/Maps/Test.Test:PersistentLevel' has LevelScriptBlueprint '/Game/Maps/Test.Test:PersistentLevel.Test' with GeneratedClass '/Game/Maps/Test.Test_C' with ClassGeneratedBy '/Game/Maps/Test.Test:PersistentLevel.Test'
[2018.03.03-04.50.30:779][274]LogTemp: Repeating last play command: Selected Viewport
[2018.03.03-04.50.30:799][274]LogBlueprintUserMessages: Early PlayInEditor Detection: Level '/Game/Maps/Test.Test:PersistentLevel' has LevelScriptBlueprint '/Game/Maps/Test.Test:PersistentLevel.Test' with GeneratedClass '/Game/Maps/Test.Test_C' with ClassGeneratedBy '/Game/Maps/Test.Test:PersistentLevel.Test'
[2018.03.03-04.50.30:799][274]LogPlayLevel: PlayLevel: No blueprints needed recompiling
[2018.03.03-04.50.30:799][274]PIE: New page: PIE session: Test (Mar 2, 2018, 12:50:30 PM)
[2018.03.03-04.50.30:799][274]LogPlayLevel: Creating play world package: /Game/Maps/UEDPIE_0_Test
[2018.03.03-04.50.30:804][274]LogPlayLevel: PIE: StaticDuplicateObject took: (0.004635s)
[2018.03.03-04.50.30:805][274]LogAIModule: Creating AISystem for world Test
[2018.03.03-04.50.30:805][274]LogPlayLevel: PIE: World Init took: (0.000804s)
[2018.03.03-04.50.30:805][274]LogPlayLevel: PIE: Created PIE world by copying editor world from /Game/Maps/Test.Test to /Game/Maps/UEDPIE_0_Test.Test (0.005775s)
[2018.03.03-04.50.30:833][274]LogInit: XAudio2 using 'Speakers (Logitech G933 Gaming Headset)' : 6 channels at 48 kHz using 16 bits per sample (channel mask 0x3f)
[2018.03.03-04.50.30:853][274]LogInit: FAudioDevice initialized.
[2018.03.03-04.50.30:887][274]LogLoad: Game class is 'GameModeBase'
[2018.03.03-04.50.30:888][274]LogWorld: Bringing World /Game/Maps/UEDPIE_0_Test.Test up for play (max tick rate 0) at 2018.03.02-20.50.30
[2018.03.03-04.50.30:889][274]LogWorld: Bringing up level for play took: 0.001122
[2018.03.03-04.50.30:891][274]LogTemp: Warning: Tread:10.0.0.9:9000
[2018.03.03-04.50.30:891][274]PIE: Play in editor start time for /Game/Maps/UEDPIE_0_Test 0.776
[2018.03.03-04.50.30:891][274]LogBlueprintUserMessages: Late PlayInEditor Detection: Level '/Game/Maps/Test.Test:PersistentLevel' has LevelScriptBlueprint '/Game/Maps/Test.Test:PersistentLevel.Test' with GeneratedClass '/Game/Maps/Test.Test_C' with ClassGeneratedBy '/Game/Maps/Test.Test:PersistentLevel.Test'
[2018.03.03-04.50.32:260][367]LogBlueprintUserMessages: Early EndPlayMap Detection: Level '/Game/Maps/Test.Test:PersistentLevel' has LevelScriptBlueprint '/Game/Maps/Test.Test:PersistentLevel.Test' with GeneratedClass '/Game/Maps/Test.Test_C' with ClassGeneratedBy '/Game/Maps/Test.Test:PersistentLevel.Test'
[2018.03.03-04.50.32:303][367]LogBlueprintUserMessages: Late EndPlayMap Detection: Level '/Game/Maps/Test.Test:PersistentLevel' has LevelScriptBlueprint '/Game/Maps/Test.Test:PersistentLevel.Test' with GeneratedClass '/Game/Maps/Test.Test_C' with ClassGeneratedBy '/Game/Maps/Test.Test:PersistentLevel.Test'
[2018.03.03-05.00.48:769][187]Cmd: QUIT_EDITOR
[2018.03.03-05.00.49:750][187]LogWindowsTextInputMethodSystem: Display: IME system now deactivated.
[2018.03.03-05.00.49:852][187]LogExit: Preparing to exit.
[2018.03.03-05.00.51:494][187]LogExit: Editor shut down
[2018.03.03-05.00.51:525][187]LogExit: Transaction tracking system shut down
[2018.03.03-05.00.52:220][187]LogDirectoryWatcher: A directory notification for '../../../Engine/Content/' was aborted.
[2018.03.03-05.00.52:220][187]LogDirectoryWatcher: A directory notification for 'E:/Programs/FRC/Projects/VictoryDashboard/VictoryDashboardUE/Content/' was aborted.
[2018.03.03-05.00.52:220][187]LogDirectoryWatcher: A directory notification for '../../../Engine/Plugins/2D/Paper2D/Content/' was aborted.
[2018.03.03-05.00.52:220][187]LogDirectoryWatcher: A directory notification for '../../../Engine/Plugins/Media/MediaCompositing/Content/' was aborted.
[2018.03.03-05.00.52:220][187]LogDirectoryWatcher: A directory notification for '../../../Engine/Plugins/Runtime/AppleARKit/Content/' was aborted.
[2018.03.03-05.00.52:220][187]LogDirectoryWatcher: A directory notification for '../../../Engine/Plugins/Runtime/Oculus/OculusVR/Content/' was aborted.
[2018.03.03-05.00.52:220][187]LogDirectoryWatcher: A directory notification for '../../../Engine/Plugins/Runtime/Steam/SteamVR/Content/' was aborted.
[2018.03.03-05.00.54:551][187]LogExit: Object subsystem successfully closed.
[2018.03.03-05.00.55:199][187]LogD3D11RHI: Shutdown
[2018.03.03-05.00.55:211][187]LogD3D11RHI: CleanupD3DDevice
[2018.03.03-05.00.55:304][187]LogD3D11RHI: ~FD3D11DynamicRHI
[2018.03.03-05.00.56:832][187]LogModuleManager: Shutting down and abandoning module SequencerWidgets (560)
[2018.03.03-05.00.56:832][187]LogModuleManager: Shutting down and abandoning module BlueprintGraph (558)
[2018.03.03-05.00.56:832][187]LogModuleManager: Shutting down and abandoning module MovieSceneCapture (556)
[2018.03.03-05.00.56:832][187]LogModuleManager: Shutting down and abandoning module HierarchicalLODOutliner (554)
[2018.03.03-05.00.56:832][187]LogModuleManager: Shutting down and abandoning module DesktopPlatform (552)
[2018.03.03-05.00.56:869][187]LogModuleManager: Shutting down and abandoning module SceneOutliner (550)
[2018.03.03-05.00.56:883][187]LogModuleManager: Shutting down and abandoning module AddContentDialog (548)
[2018.03.03-05.00.56:902][187]LogDirectoryWatcher: A directory notification for 'D:/EpicGames/UE_4.18/FeaturePacks/' was aborted.
[2018.03.03-05.00.56:925][187]LogModuleManager: Shutting down and abandoning module WidgetCarousel (547)
[2018.03.03-05.00.56:925][187]LogModuleManager: Shutting down and abandoning module EditorWidgets (544)
[2018.03.03-05.00.56:925][187]LogModuleManager: Shutting down and abandoning module CollectionManager (542)
[2018.03.03-05.00.56:964][187]LogDirectoryWatcher: A directory notification for 'E:/Programs/FRC/Projects/VictoryDashboard/VictoryDashboardUE/Content/Collections/' was aborted.
[2018.03.03-05.00.56:965][187]LogDirectoryWatcher: A directory notification for 'E:/Programs/FRC/Projects/VictoryDashboard/VictoryDashboardUE/Content/Developers/Victo/Collections/' was aborted.
[2018.03.03-05.00.56:965][187]LogDirectoryWatcher: A directory notification for 'E:/Programs/FRC/Projects/VictoryDashboard/VictoryDashboardUE/Saved/Collections/' was aborted.
[2018.03.03-05.00.56:965][187]LogModuleManager: Shutting down and abandoning module HierarchicalLODUtilities (540)
[2018.03.03-05.00.56:965][187]LogModuleManager: Shutting down and abandoning module StatsViewer (538)
[2018.03.03-05.00.57:015][187]LogModuleManager: Shutting down and abandoning module FoliageEdit (536)
[2018.03.03-05.00.57:034][187]LogModuleManager: Shutting down and abandoning module LandscapeEditor (534)
[2018.03.03-05.00.57:118][187]LogModuleManager: Shutting down and abandoning module MeshPaintMode (532)
[2018.03.03-05.00.57:141][187]LogModuleManager: Shutting down and abandoning module SceneDepthPickerMode (530)
[2018.03.03-05.00.57:141][187]LogModuleManager: Shutting down and abandoning module ActorPickerMode (528)
[2018.03.03-05.00.57:141][187]LogModuleManager: Shutting down and abandoning module GeometryMode (526)
[2018.03.03-05.00.57:141][187]LogModuleManager: Shutting down and abandoning module TextureAlignMode (524)
[2018.03.03-05.00.57:141][187]LogModuleManager: Shutting down and abandoning module BspMode (522)
[2018.03.03-05.00.57:141][187]LogModuleManager: Shutting down and abandoning module PIEPreviewDeviceProfileSelector (520)
[2018.03.03-05.00.57:141][187]LogModuleManager: Shutting down and abandoning module HardwareSurvey (518)
[2018.03.03-05.00.57:141][187]LogModuleManager: Shutting down and abandoning module SequenceRecorderSections (516)
[2018.03.03-05.00.57:142][187]LogModuleManager: Shutting down and abandoning module AutomationWorker (514)
[2018.03.03-05.00.57:164][187]LogModuleManager: Shutting down and abandoning module MatineeToLevelSequence (512)
[2018.03.03-05.00.57:184][187]LogModuleManager: Shutting down and abandoning module LevelSequenceEditor (510)
[2018.03.03-05.00.57:286][187]LogModuleManager: Shutting down and abandoning module PlacementMode (509)
[2018.03.03-05.00.57:286][187]LogModuleManager: Shutting down and abandoning module WmfMediaFactory (506)
[2018.03.03-05.00.57:286][187]LogModuleManager: Shutting down and abandoning module WmfMediaEditor (504)
[2018.03.03-05.00.57:286][187]LogModuleManager: Shutting down and abandoning module OpenExrWrapper (502)
[2018.03.03-05.00.57:286][187]LogModuleManager: Shutting down and abandoning module ImgMediaFactory (500)
[2018.03.03-05.00.57:286][187]LogModuleManager: Shutting down and abandoning module ImgMediaEditor (498)
[2018.03.03-05.00.57:287][187]LogModuleManager: Shutting down and abandoning module AvfMediaFactory (496)
[2018.03.03-05.00.57:287][187]LogModuleManager: Shutting down and abandoning module AvfMediaEditor (494)
[2018.03.03-05.00.57:287][187]LogModuleManager: Shutting down and abandoning module AndroidMediaFactory (492)
[2018.03.03-05.00.57:287][187]LogModuleManager: Shutting down and abandoning module AndroidMediaEditor (490)
[2018.03.03-05.00.57:287][187]LogModuleManager: Shutting down and abandoning module CharacterAI (488)
[2018.03.03-05.00.57:287][187]LogModuleManager: Shutting down and abandoning module AudioCapture (486)
[2018.03.03-05.00.57:307][187]LogModuleManager: Shutting down and abandoning module SequenceRecorder (485)
[2018.03.03-05.00.57:313][187]LogModuleManager: Shutting down and abandoning module SmartSnapping (482)
[2018.03.03-05.00.57:314][187]LogModuleManager: Shutting down and abandoning module SessionServices (480)
[2018.03.03-05.00.57:314][187]LogModuleManager: Shutting down and abandoning module ViewportSnapping (478)
[2018.03.03-05.00.57:314][187]LogModuleManager: Shutting down and abandoning module ViewportInteraction (476)
[2018.03.03-05.00.57:314][187]LogModuleManager: Shutting down and abandoning module ClothPainter (474)
[2018.03.03-05.00.57:396][187]LogModuleManager: Shutting down and abandoning module SkeletalMeshEditor (473)
[2018.03.03-05.00.57:429][187]LogModuleManager: Shutting down and abandoning module LogVisualizer (470)
[2018.03.03-05.00.57:451][187]LogModuleManager: Shutting down and abandoning module IntroTutorials (468)
[2018.03.03-05.00.57:514][187]LogModuleManager: Shutting down and abandoning module GameProjectGeneration (467)
[2018.03.03-05.00.57:582][187]LogModuleManager: Shutting down and abandoning module IOSPlatformEditor (464)
[2018.03.03-05.00.57:582][187]LogModuleManager: Shutting down and abandoning module HTML5PlatformEditor (462)
[2018.03.03-05.00.57:582][187]LogModuleManager: Shutting down and abandoning module AndroidPlatformEditor (460)
[2018.03.03-05.00.57:582][187]LogModuleManager: Shutting down and abandoning module AndroidDeviceDetection (459)
[2018.03.03-05.00.58:201][187]LogModuleManager: Shutting down and abandoning module WindowsPlatformEditor (456)
[2018.03.03-05.00.58:201][187]LogModuleManager: Shutting down and abandoning module IOSRuntimeSettings (454)
[2018.03.03-05.00.58:201][187]LogModuleManager: Shutting down and abandoning module AndroidRuntimeSettings (452)
[2018.03.03-05.00.58:201][187]LogModuleManager: Shutting down and abandoning module InputBindingEditor (450)
[2018.03.03-05.00.58:215][187]LogModuleManager: Shutting down and abandoning module MergeActors (448)
[2018.03.03-05.00.58:268][187]LogModuleManager: Shutting down and abandoning module SizeMap (446)
[2018.03.03-05.00.58:268][187]LogModuleManager: Shutting down and abandoning module TreeMap (444)
[2018.03.03-05.00.58:289][187]LogModuleManager: Shutting down and abandoning module ReferenceViewer (442)
[2018.03.03-05.00.58:289][187]LogModuleManager: Shutting down and abandoning module LocalizationDashboard (440)
[2018.03.03-05.00.58:296][187]LogModuleManager: Shutting down and abandoning module LocalizationService (439)
[2018.03.03-05.00.58:308][187]LogModuleManager: Shutting down and abandoning module HardwareTargeting (436)
[2018.03.03-05.00.58:308][187]LogModuleManager: Shutting down and abandoning module DeviceProfileEditor (434)
[2018.03.03-05.00.58:308][187]LogModuleManager: Shutting down and abandoning module UndoHistory (432)
[2018.03.03-05.00.58:309][187]LogModuleManager: Shutting down and abandoning module XmlParser (430)
[2018.03.03-05.00.58:309][187]LogModuleManager: Shutting down and abandoning module Blutility (428)
[2018.03.03-05.00.58:309][187]LogModuleManager: Shutting down and abandoning module ProjectSettingsViewer (426)
[2018.03.03-05.00.58:309][187]LogModuleManager: Shutting down and abandoning module ProjectTargetPlatformEditor (425)
[2018.03.03-05.00.58:309][187]LogModuleManager: Shutting down and abandoning module EditorSettingsViewer (422)
[2018.03.03-05.00.58:309][187]LogModuleManager: Shutting down and abandoning module SettingsEditor (420)
[2018.03.03-05.00.58:335][187]LogModuleManager: Shutting down and abandoning module ProjectLauncher (418)
[2018.03.03-05.00.58:358][187]LogModuleManager: Shutting down and abandoning module SessionFrontend (416)
[2018.03.03-05.00.58:389][187]LogModuleManager: Shutting down and abandoning module ProfilerClient (414)
[2018.03.03-05.00.58:398][187]LogModuleManager: Shutting down and abandoning module DeviceManager (412)
[2018.03.03-05.00.58:422][187]LogModuleManager: Shutting down and abandoning module TargetDeviceServices (411)
[2018.03.03-05.00.58:475][187]LogModuleManager: Shutting down and abandoning module AutomationController (408)
[2018.03.03-05.00.58:514][187]LogModuleManager: Shutting down and abandoning module AutomationWindow (406)
[2018.03.03-05.00.58:574][187]LogModuleManager: Shutting down and abandoning module Layers (404)
[2018.03.03-05.00.58:682][187]LogModuleManager: Shutting down and abandoning module ComponentVisualizers (402)
[2018.03.03-05.00.58:682][187]LogModuleManager: Shutting down and abandoning module DetailCustomizations (400)
[2018.03.03-05.00.58:712][187]LogModuleManager: Shutting down and abandoning module PackagesDialog (398)
[2018.03.03-05.00.58:787][187]LogModuleManager: Shutting down and abandoning module Persona (396)
[2018.03.03-05.00.58:857][187]LogModuleManager: Shutting down and abandoning module AdvancedPreviewScene (395)
[2018.03.03-05.00.58:857][187]LogModuleManager: Shutting down and abandoning module AnimGraph (393)
[2018.03.03-05.00.58:857][187]LogModuleManager: Shutting down and abandoning module Kismet (390)
[2018.03.03-05.00.58:917][187]LogModuleManager: Shutting down and abandoning module ClassViewer (388)
[2018.03.03-05.00.58:917][187]LogModuleManager: Shutting down and abandoning module Toolbox (386)
[2018.03.03-05.00.58:917][187]LogModuleManager: Shutting down and abandoning module ModuleUI (384)
[2018.03.03-05.00.58:941][187]LogModuleManager: Shutting down and abandoning module MovieSceneTools (382)
[2018.03.03-05.00.59:030][187]LogModuleManager: Shutting down and abandoning module OutputLog (380)
[2018.03.03-05.00.59:030][187]LogModuleManager: Shutting down and abandoning module GammaUI (378)
[2018.03.03-05.00.59:064][187]LogModuleManager: Shutting down and abandoning module Documentation (376)
[2018.03.03-05.00.59:064][187]LogModuleManager: Shutting down and abandoning module MovieSceneTracks (374)
[2018.03.03-05.00.59:082][187]LogModuleManager: Shutting down and abandoning module MovieScene (372)
[2018.03.03-05.00.59:082][187]LogModuleManager: Shutting down and abandoning module StreamingPauseRendering (370)
[2018.03.03-05.00.59:082][187]LogModuleManager: Shutting down and abandoning module LauncherPlatform (368)
[2018.03.03-05.00.59:082][187]LogModuleManager: Shutting down and abandoning module AnalyticsET (366)
[2018.03.03-05.00.59:082][187]LogModuleManager: Shutting down and abandoning module PortalServices (364)
[2018.03.03-05.00.59:082][187]LogModuleManager: Shutting down and abandoning module PortalRpc (362)
[2018.03.03-05.00.59:082][187]LogModuleManager: Shutting down and abandoning module MessagingRpc (360)
[2018.03.03-05.00.59:082][187]LogModuleManager: Shutting down and abandoning module AIModule (358)
[2018.03.03-05.00.59:098][187]LogModuleManager: Shutting down and abandoning module GameplayDebugger (357)
[2018.03.03-05.00.59:098][187]LogModuleManager: Shutting down and abandoning module AITestSuite (355)
[2018.03.03-05.00.59:134][187]LogModuleManager: Shutting down and abandoning module ProfilerService (352)
[2018.03.03-05.00.59:159][187]LogModuleManager: Shutting down and abandoning module TaskGraph (350)
[2018.03.03-05.00.59:177][187]LogModuleManager: Shutting down and abandoning module SteamVRController (348)
[2018.03.03-05.00.59:177][187]LogModuleManager: Shutting down and abandoning module ProceduralMeshComponentEditor (346)
[2018.03.03-05.00.59:177][187]LogModuleManager: Shutting down and abandoning module ProceduralMeshComponent (344)
[2018.03.03-05.00.59:177][187]LogModuleManager: Shutting down and abandoning module OculusInput (342)
[2018.03.03-05.00.59:177][187]LogModuleManager: Shutting down and abandoning module MobilePatchingUtils (340)
[2018.03.03-05.00.59:177][187]LogModuleManager: Shutting down and abandoning module CustomMeshComponent (338)
[2018.03.03-05.00.59:177][187]LogModuleManager: Shutting down and abandoning module CableComponent (336)
[2018.03.03-05.00.59:177][187]LogModuleManager: Shutting down and abandoning module ArchVisCharacter (334)
[2018.03.03-05.00.59:177][187]LogModuleManager: Shutting down and abandoning module AndroidPermission (332)
[2018.03.03-05.00.59:177][187]LogModuleManager: Shutting down and abandoning module ActorSequence (328)
[2018.03.03-05.00.59:177][187]LogModuleManager: Shutting down and abandoning module MediaPlayerEditor (326)
[2018.03.03-05.00.59:343][187]LogModuleManager: Shutting down and abandoning module MediaCompositingEditor (324)
[2018.03.03-05.00.59:343][187]LogModuleManager: Shutting down and abandoning module MediaCompositing (322)
[2018.03.03-05.00.59:343][187]LogModuleManager: Shutting down and abandoning module HTML5Networking (320)
[2018.03.03-05.00.59:343][187]LogModuleManager: Shutting down and abandoning module AlembicImporter (318)
[2018.03.03-05.00.59:362][187]LogModuleManager: Shutting down and abandoning module AlembicLibrary (317)
[2018.03.03-05.00.59:362][187]LogModuleManager: Shutting down and abandoning module GeometryCache (316)
[2018.03.03-05.00.59:383][187]LogModuleManager: Shutting down and abandoning module GeometryCacheEd (315)
[2018.03.03-05.00.59:383][187]LogModuleManager: Shutting down and abandoning module SpeedTreeImporter (310)
[2018.03.03-05.00.59:383][187]LogModuleManager: Shutting down and abandoning module PluginBrowser (308)
[2018.03.03-05.00.59:510][187]LogModuleManager: Shutting down and abandoning module MobileLauncherProfileWizard (306)
[2018.03.03-05.00.59:568][187]LogModuleManager: Shutting down and abandoning module VisualStudioSourceCodeAccess (304)
[2018.03.03-05.00.59:568][187]LogModuleManager: Shutting down and abandoning module VisualStudioCodeSourceCodeAccess (302)
[2018.03.03-05.00.59:569][187]LogModuleManager: Shutting down and abandoning module UObjectPlugin (300)
[2018.03.03-05.00.59:569][187]LogModuleManager: Shutting down and abandoning module SubversionSourceControl (298)
[2018.03.03-05.00.59:587][187]LogModuleManager: Shutting down and abandoning module PerforceSourceControl (296)
[2018.03.03-05.00.59:656][187]LogModuleManager: Shutting down and abandoning module GitSourceControl (294)
[2018.03.03-05.00.59:724][187]LogModuleManager: Shutting down and abandoning module SourceControl (293)
[2018.03.03-05.00.59:777][187]LogModuleManager: Shutting down and abandoning module LightPropagationVolumeEditor (290)
[2018.03.03-05.00.59:777][187]LogModuleManager: Shutting down and abandoning module PaperTiledImporter (288)
[2018.03.03-05.00.59:777][187]LogModuleManager: Shutting down and abandoning module PaperSpriteSheetImporter (286)
[2018.03.03-05.00.59:777][187]LogModuleManager: Shutting down and abandoning module Paper2DEditor (284)
[2018.03.03-05.00.59:914][187]LogModuleManager: Shutting down and abandoning module MeshPaint (283)
[2018.03.03-05.00.59:947][187]LogModuleManager: Shutting down and abandoning module LevelEditor (281)
[2018.03.03-05.01.00:013][187]LogModuleManager: Shutting down and abandoning module PixelInspectorModule (280)
[2018.03.03-05.01.00:035][187]LogModuleManager: Shutting down and abandoning module MainFrame (278)
[2018.03.03-05.01.00:035][187]LogModuleManager: Shutting down and abandoning module HotReload (277)
[2018.03.03-05.01.00:062][187]LogDirectoryWatcher: A directory notification for 'E:/Programs/FRC/Projects/VictoryDashboard/VictoryDashboardUE/Binaries/Win64' was aborted.
[2018.03.03-05.01.00:094][187]LogModuleManager: Shutting down and abandoning module VictoryDashboardUE (272)
[2018.03.03-05.01.00:094][187]LogModuleManager: Shutting down and abandoning module RuntimePhysXCooking (270)
[2018.03.03-05.01.00:094][187]LogModuleManager: Shutting down and abandoning module PhysXVehiclesEditor (268)
[2018.03.03-05.01.00:094][187]LogModuleManager: Shutting down and abandoning module PhysXVehicles (266)
[2018.03.03-05.01.00:094][187]LogModuleManager: Shutting down and abandoning module OculusEditor (264)
[2018.03.03-05.01.00:094][187]LogModuleManager: Shutting down and abandoning module LocationServicesBPLibrary (262)
[2018.03.03-05.01.00:094][187]LogModuleManager: Shutting down and abandoning module ImmediatePhysicsEditor (260)
[2018.03.03-05.01.00:094][187]LogModuleManager: Shutting down and abandoning module ImmediatePhysics (258)
[2018.03.03-05.01.00:120][187]LogModuleManager: Shutting down and abandoning module UdpMessaging (256)
[2018.03.03-05.01.00:234][187]LogModuleManager: Shutting down and abandoning module TcpMessaging (254)
[2018.03.03-05.01.00:347][187]LogModuleManager: Shutting down and abandoning module GameplayTagsEditor (252)
[2018.03.03-05.01.00:396][187]LogModuleManager: Shutting down and abandoning module FacialAnimationEditor (250)
[2018.03.03-05.01.00:396][187]LogModuleManager: Shutting down and abandoning module FacialAnimation (248)
[2018.03.03-05.01.00:396][187]LogModuleManager: Shutting down and abandoning module AssetManagerEditor (246)
[2018.03.03-05.01.00:423][187]LogModuleManager: Shutting down and abandoning module GraphEditor (245)
[2018.03.03-05.01.00:424][187]LogModuleManager: Shutting down and abandoning module ContentBrowser (243)
[2018.03.03-05.01.00:426][187]LogModuleManager: Shutting down and abandoning module LightPropagationVolumeRuntime (240)
[2018.03.03-05.01.00:426][187]LogModuleManager: Shutting down and abandoning module Paper2D (238)
[2018.03.03-05.01.00:433][187]LogModuleManager: Shutting down and abandoning module WindowsMoviePlayer (236)
[2018.03.03-05.01.00:433][187]LogModuleManager: Shutting down and abandoning module WmfMedia (234)
[2018.03.03-05.01.00:452][187]LogModuleManager: Shutting down and abandoning module ImgMedia (232)
[2018.03.03-05.01.00:452][187]LogModuleManager: Shutting down and abandoning module SocketClient (230)
[2018.03.03-05.01.00:452][187]LogModuleManager: Shutting down and abandoning module PacketHandler (228)
[2018.03.03-05.01.00:452][187]LogModuleManager: Shutting down and abandoning module ClothingSystemEditor (226)
[2018.03.03-05.01.00:452][187]LogModuleManager: Shutting down and abandoning module ClothingSystemRuntime (224)
[2018.03.03-05.01.00:483][187]LogModuleManager: Shutting down and abandoning module MediaAssets (222)
[2018.03.03-05.01.00:483][187]LogModuleManager: Shutting down and abandoning module Media (221)
[2018.03.03-05.01.00:489][187]LogModuleManager: Shutting down and abandoning module Overlay (218)
[2018.03.03-05.01.00:489][187]LogModuleManager: Shutting down and abandoning module OverlayEditor (217)
[2018.03.03-05.01.00:489][187]LogModuleManager: Shutting down and abandoning module VREditor (214)
[2018.03.03-05.01.00:530][187]LogModuleManager: Shutting down and abandoning module StringTableEditor (212)
[2018.03.03-05.01.00:551][187]LogModuleManager: Shutting down and abandoning module GameplayTasksEditor (210)
[2018.03.03-05.01.00:551][187]LogModuleManager: Shutting down and abandoning module BehaviorTreeEditor (208)
[2018.03.03-05.01.00:688][187]LogModuleManager: Shutting down and abandoning module FunctionalTesting (206)
[2018.03.03-05.01.00:708][187]LogModuleManager: Shutting down and abandoning module CollisionAnalyzer (204)
[2018.03.03-05.01.00:761][187]LogModuleManager: Shutting down and abandoning module WorkspaceMenuStructure (203)
[2018.03.03-05.01.00:761][187]LogModuleManager: Shutting down and abandoning module UMG (200)
[2018.03.03-05.01.00:797][187]LogModuleManager: Shutting down and abandoning module UMGEditor (199)
[2018.03.03-05.01.00:798][187]LogModuleManager: Shutting down and abandoning module Sequencer (198)
[2018.03.03-05.01.00:798][187]LogModuleManager: Shutting down and abandoning module MessageLog (195)
[2018.03.03-05.01.00:798][187]LogModuleManager: Shutting down and abandoning module SlateReflector (190)
[2018.03.03-05.01.00:884][187]LogModuleManager: Shutting down and abandoning module Slate (188)
[2018.03.03-05.01.00:884][187]LogModuleManager: Shutting down and abandoning module EditorStyle (186)
[2018.03.03-05.01.00:888][187]LogModuleManager: Shutting down and abandoning module MRMesh (184)
[2018.03.03-05.01.00:888][187]LogModuleManager: Shutting down and abandoning module SourceCodeAccess (182)
[2018.03.03-05.01.00:888][187]LogModuleManager: Shutting down and abandoning module HeadMountedDisplay (180)
[2018.03.03-05.01.00:888][187]LogModuleManager: Shutting down and abandoning module XAudio2 (178)
[2018.03.03-05.01.00:888][187]LogModuleManager: Shutting down and abandoning module Networking (176)
[2018.03.03-05.01.00:888][187]LogModuleManager: Shutting down and abandoning module Core (172)
[2018.03.03-05.01.00:888][187]LogModuleManager: Shutting down and abandoning module LevelSequence (168)
[2018.03.03-05.01.00:903][187]LogModuleManager: Shutting down and abandoning module DirectoryWatcher (166)
[2018.03.03-05.01.00:913][187]LogModuleManager: Shutting down and abandoning module KismetCompiler (164)
[2018.03.03-05.01.00:913][187]LogModuleManager: Shutting down and abandoning module MeshUtilities (162)
[2018.03.03-05.01.00:943][187]LogModuleManager: Shutting down and abandoning module MeshMergeUtilities (161)
[2018.03.03-05.01.00:951][187]LogModuleManager: Shutting down and abandoning module MeshReductionInterface (160)
[2018.03.03-05.01.00:952][187]LogModuleManager: Shutting down and abandoning module SimplygonSwarm (159)
[2018.03.03-05.01.00:958][187]LogModuleManager: Shutting down and abandoning module SimplygonMeshReduction (157)
[2018.03.03-05.01.00:959][187]LogModuleManager: Shutting down and abandoning module QuadricMeshReduction (155)
[2018.03.03-05.01.00:959][187]LogModuleManager: Shutting down and abandoning module MaterialBaking (151)
[2018.03.03-05.01.00:973][187]LogModuleManager: Shutting down and abandoning module DerivedDataCache (148)
[2018.03.03-05.01.01:000][187]LogDerivedDataCache: Shutdown
[2018.03.03-05.01.01:000][187]LogModuleManager: Shutting down and abandoning module TargetPlatform (146)
[2018.03.03-05.01.01:001][187]LogModuleManager: Shutting down and abandoning module VulkanShaderFormat (145)
[2018.03.03-05.01.01:009][187]LogModuleManager: Shutting down and abandoning module ShaderFormatVectorVM (143)
[2018.03.03-05.01.01:018][187]LogModuleManager: Shutting down and abandoning module ShaderFormatOpenGL (141)
[2018.03.03-05.01.01:046][187]LogModuleManager: Shutting down and abandoning module ShaderFormatD3D (139)
[2018.03.03-05.01.01:046][187]LogModuleManager: Shutting down and abandoning module MetalShaderFormat (137)
[2018.03.03-05.01.01:070][187]LogModuleManager: Shutting down and abandoning module TextureFormatUncompressed (135)
[2018.03.03-05.01.01:071][187]LogModuleManager: Shutting down and abandoning module TextureFormatPVR (133)
[2018.03.03-05.01.01:071][187]LogModuleManager: Shutting down and abandoning module TextureFormatDXT (131)
[2018.03.03-05.01.01:071][187]LogModuleManager: Shutting down and abandoning module TextureFormatIntelISPCTexComp (129)
[2018.03.03-05.01.01:071][187]LogModuleManager: Shutting down and abandoning module TextureFormatASTC (127)
[2018.03.03-05.01.01:071][187]LogModuleManager: Shutting down and abandoning module ImageWrapper (126)
[2018.03.03-05.01.01:071][187]LogModuleManager: Shutting down and abandoning module TextureFormatAndroid (123)
[2018.03.03-05.01.01:071][187]LogModuleManager: Shutting down and abandoning module AudioFormatOpus (121)
[2018.03.03-05.01.01:071][187]LogModuleManager: Shutting down and abandoning module AudioFormatOgg (119)
[2018.03.03-05.01.01:071][187]LogModuleManager: Shutting down and abandoning module AudioFormatADPCM (117)
[2018.03.03-05.01.01:071][187]LogModuleManager: Shutting down and abandoning module LinuxTargetPlatform (115)
[2018.03.03-05.01.01:071][187]LogModuleManager: Shutting down and abandoning module LinuxServerTargetPlatform (113)
[2018.03.03-05.01.01:071][187]LogModuleManager: Shutting down and abandoning module LinuxNoEditorTargetPlatform (111)
[2018.03.03-05.01.01:072][187]LogModuleManager: Shutting down and abandoning module LinuxClientTargetPlatform (109)
[2018.03.03-05.01.01:072][187]LogModuleManager: Shutting down and abandoning module TVOSTargetPlatform (107)
[2018.03.03-05.01.01:072][187]LogModuleManager: Shutting down and abandoning module Messaging (105)
[2018.03.03-05.01.01:072][187]LogModuleManager: Shutting down and abandoning module IOSTargetPlatform (103)
[2018.03.03-05.01.01:072][187]LogModuleManager: Shutting down and abandoning module HTML5TargetPlatform (101)
[2018.03.03-05.01.01:072][187]LogModuleManager: Shutting down and abandoning module AndroidTargetPlatform (99)
[2018.03.03-05.01.01:072][187]LogModuleManager: Shutting down and abandoning module Android_PVRTCTargetPlatform (97)
[2018.03.03-05.01.01:072][187]LogModuleManager: Shutting down and abandoning module Android_MultiTargetPlatform (95)
[2018.03.03-05.01.01:072][187]LogModuleManager: Shutting down and abandoning module Android_ETC2TargetPlatform (93)
[2018.03.03-05.01.01:072][187]LogModuleManager: Shutting down and abandoning module Android_ETC1TargetPlatform (91)
[2018.03.03-05.01.01:072][187]LogModuleManager: Shutting down and abandoning module Android_DXTTargetPlatform (89)
[2018.03.03-05.01.01:072][187]LogModuleManager: Shutting down and abandoning module Android_ATCTargetPlatform (87)
[2018.03.03-05.01.01:072][187]LogModuleManager: Shutting down and abandoning module Android_ASTCTargetPlatform (85)
[2018.03.03-05.01.01:072][187]LogModuleManager: Shutting down and abandoning module WindowsTargetPlatform (83)
[2018.03.03-05.01.01:072][187]LogModuleManager: Shutting down and abandoning module WindowsServerTargetPlatform (81)
[2018.03.03-05.01.01:072][187]LogModuleManager: Shutting down and abandoning module WindowsNoEditorTargetPlatform (79)
[2018.03.03-05.01.01:072][187]LogModuleManager: Shutting down and abandoning module WindowsClientTargetPlatform (77)
[2018.03.03-05.01.01:072][187]LogModuleManager: Shutting down and abandoning module MacTargetPlatform (75)
[2018.03.03-05.01.01:072][187]LogModuleManager: Shutting down and abandoning module MacServerTargetPlatform (73)
[2018.03.03-05.01.01:072][187]LogModuleManager: Shutting down and abandoning module MacNoEditorTargetPlatform (71)
[2018.03.03-05.01.01:072][187]LogModuleManager: Shutting down and abandoning module MacClientTargetPlatform (69)
[2018.03.03-05.01.01:072][187]LogModuleManager: Shutting down and abandoning module AllDesktopTargetPlatform (67)
[2018.03.03-05.01.01:072][187]LogModuleManager: Shutting down and abandoning module InputCore (64)
[2018.03.03-05.01.01:072][187]LogModuleManager: Shutting down and abandoning module Settings (62)
[2018.03.03-05.01.01:073][187]LogModuleManager: Shutting down and abandoning module PhysXCooking (60)
[2018.03.03-05.01.01:073][187]LogModuleManager: Shutting down and abandoning module SteamVR (58)
[2018.03.03-05.01.01:073][187]LogModuleManager: Shutting down and abandoning module OculusHMD (56)
[2018.03.03-05.01.01:086][187]LogModuleManager: Shutting down and abandoning module ExampleDeviceProfileSelector (54)
[2018.03.03-05.01.01:086][187]LogModuleManager: Shutting down and abandoning module AppleARKit (52)
[2018.03.03-05.01.01:086][187]LogModuleManager: Shutting down and abandoning module AugmentedReality (51)
[2018.03.03-05.01.01:086][187]LogModuleManager: Shutting down and abandoning module OnlineBlueprintSupport (48)
[2018.03.03-05.01.01:086][187]LogModuleManager: Shutting down and abandoning module OnlineSubsystem (44)
[2018.03.03-05.01.01:112][187]LogModuleManager: Shutting down and abandoning module XMPP (43)
[2018.03.03-05.01.01:173][187]LogModuleManager: Shutting down and abandoning module HTTP (41)
[2018.03.03-05.01.01:173][187]LogHttp: Display: Http module shutting down, but needs to wait on 1 outstanding Http requests:
[2018.03.03-05.01.01:191][187]LogHttp: Display: 	verb=[POST] url=[https://datarouter.ol.epicgames.com/datarouter/api/v1/public/data?SessionID=%7B51827471-44C0-5E86-74E2-13A6A27DFFB4%7D&AppID=UEEditor.Rocket.Release&AppVersion=4.18.3-3832480%2B%2B%2BUE4%2BRelease-4.18&UserID=1b97bc5c48d2bd6562901dbd45f0e700%7Ce0cc89a489f74a7d95d2eeb81f40e808%7C914c5df9-16fa-4701-91df-d03592fc5f45&AppEnvironment=datacollector-binary&UploadType=eteventstream] status=Processing
[2018.03.03-05.01.01:215][187]LogModuleManager: Shutting down and abandoning module SSL (40)
[2018.03.03-05.01.01:229][187]LogModuleManager: Shutting down and abandoning module AnimationModifiers (36)
[2018.03.03-05.01.01:273][187]LogModuleManager: Shutting down and abandoning module PropertyEditor (35)
[2018.03.03-05.01.01:274][187]LogModuleManager: Shutting down and abandoning module AudioEditor (32)
[2018.03.03-05.01.01:350][187]LogModuleManager: Shutting down and abandoning module TextureCompressor (30)
[2018.03.03-05.01.01:380][187]LogModuleManager: Shutting down and abandoning module ShaderCore (28)
[2018.03.03-05.01.01:380][187]LogModuleManager: Shutting down and abandoning module Landscape (26)
[2018.03.03-05.01.01:380][187]LogModuleManager: Shutting down and abandoning module SlateRHIRenderer (24)
[2018.03.03-05.01.01:440][187]LogModuleManager: Shutting down and abandoning module OpenGLDrv (22)
[2018.03.03-05.01.01:472][187]LogModuleManager: Shutting down and abandoning module D3D11RHI (20)
[2018.03.03-05.01.01:472][187]LogModuleManager: Shutting down and abandoning module AnimGraphRuntime (18)
[2018.03.03-05.01.01:521][187]LogModuleManager: Shutting down and abandoning module Renderer (16)
[2018.03.03-05.01.01:521][187]LogModuleManager: Shutting down and abandoning module Engine (14)
[2018.03.03-05.01.01:544][187]LogModuleManager: Shutting down and abandoning module CoreUObject (12)
[2018.03.03-05.01.01:544][187]LogModuleManager: Shutting down and abandoning module NetworkFile (10)
[2018.03.03-05.01.01:544][187]LogModuleManager: Shutting down and abandoning module CookedIterativeFile (8)
[2018.03.03-05.01.01:544][187]LogModuleManager: Shutting down and abandoning module StreamingFile (6)
[2018.03.03-05.01.01:544][187]LogModuleManager: Shutting down and abandoning module SandboxFile (4)
[2018.03.03-05.01.01:544][187]LogModuleManager: Shutting down and abandoning module PakFile (2)
[2018.03.03-05.01.01:666][187]LogExit: Exiting.
[2018.03.03-05.01.01:686][187]Log file closed, 03/02/18 21:01:01
