Log file open, 02/07/18 23:06:30
LogWindows: Failed to load 'aqProf.dll' (GetLastError=126)
LogWindows: File 'aqProf.dll' does not exist
LogWindows: Failed to load 'VSPerf140.dll' (GetLastError=126)
LogWindows: File 'VSPerf140.dll' does not exist
LogWindows: Failed to load 'VtuneApi.dll' (GetLastError=126)
LogWindows: File 'VtuneApi.dll' does not exist
LogWindows: Failed to load 'VtuneApi32e.dll' (GetLastError=126)
LogWindows: File 'VtuneApi32e.dll' does not exist
LogInit: Display: Running engine for game: VictoryDashboardUE
LogPlatformFile: Not using cached read wrapper
LogInit: Display: RandInit(-1638486647) SRandInit(-1638486647).
LogInit: Read version file with build ID '3709383'
LogInit: Overriding engine version to CL 3832480, compatible CL 3709383
LogInit: Registered custom module enumerator with build ID '3709383'
LogTaskGraph: Started task graph with 5 named threads and 14 total threads with 3 sets of task threads.
LogStats: Stats thread started at 0.178676
LogD3D11RHI: Aftermath initialized
LogPluginManager: Mounting plugin Paper2D
LogPluginManager: Mounting plugin LightPropagationVolume
LogPluginManager: Mounting plugin CodeLiteSourceCodeAccess
LogPluginManager: Mounting plugin GitSourceControl
LogPluginManager: Mounting plugin KDevelopSourceCodeAccess
LogPluginManager: Mounting plugin NullSourceCodeAccess
LogPluginManager: Mounting plugin PerforceSourceControl
LogPluginManager: Mounting plugin SubversionSourceControl
LogPluginManager: Mounting plugin UObjectPlugin
LogPluginManager: Mounting plugin VisualStudioCodeSourceCodeAccess
LogPluginManager: Mounting plugin VisualStudioSourceCodeAccess
LogPluginManager: Mounting plugin XCodeSourceCodeAccess
LogPluginManager: Mounting plugin AssetManagerEditor
LogPluginManager: Mounting plugin AudioCapture
LogPluginManager: Mounting plugin FacialAnimation
LogPluginManager: Mounting plugin GameplayTagsEditor
LogPluginManager: Mounting plugin MobileLauncherProfileWizard
LogPluginManager: Mounting plugin PluginBrowser
LogPluginManager: Mounting plugin SpeedTreeImporter
LogPluginManager: Mounting plugin AlembicImporter
LogPluginManager: Mounting plugin CharacterAI
LogPluginManager: Mounting plugin HTML5Networking
LogPluginManager: Mounting plugin SocketClient
LogPluginManager: Mounting plugin AndroidMedia
LogPluginManager: Mounting plugin AvfMedia
LogPluginManager: Mounting plugin ImgMedia
LogPluginManager: Mounting plugin MediaCompositing
LogPluginManager: Mounting plugin MediaPlayerEditor
LogPluginManager: Mounting plugin WmfMedia
LogPluginManager: Mounting plugin TcpMessaging
LogPluginManager: Mounting plugin UdpMessaging
LogPluginManager: Mounting plugin ActorSequence
LogPluginManager: Mounting plugin LevelSequenceEditor
LogPluginManager: Mounting plugin MatineeToLevelSequence
LogPluginManager: Mounting plugin OnlineSubsystemGooglePlay
LogPluginManager: Mounting plugin OnlineSubsystemIOS
LogPluginManager: Mounting plugin OnlineSubsystem
LogPluginManager: Mounting plugin OnlineSubsystemNull
LogPluginManager: Mounting plugin OnlineSubsystemUtils
LogPluginManager: Mounting plugin AndroidDeviceProfileSelector
LogPluginManager: Mounting plugin AndroidMoviePlayer
LogPluginManager: Mounting plugin AndroidPermission
LogPluginManager: Mounting plugin AppleARKit
LogPluginManager: Mounting plugin AppleMoviePlayer
LogPluginManager: Mounting plugin ArchVisCharacter
LogPluginManager: Mounting plugin CableComponent
LogPluginManager: Mounting plugin CustomMeshComponent
LogPluginManager: Mounting plugin ExampleDeviceProfileSelector
LogPluginManager: Mounting plugin GoogleCloudMessaging
LogPluginManager: Mounting plugin ImmediatePhysics
LogPluginManager: Mounting plugin IOSDeviceProfileSelector
LogPluginManager: Mounting plugin LinuxDeviceProfileSelector
LogPluginManager: Mounting plugin LocationServicesBPLibrary
LogPluginManager: Mounting plugin MobilePatchingUtils
LogPluginManager: Mounting plugin OculusVR
LogPluginManager: Plugin shader directory ../../../Engine/Plugins/Runtime/Oculus/OculusVR/Shaders found
LogPluginManager: Mapping shader source directory ../../../Engine/Plugins/Runtime/Oculus/OculusVR/Shaders to virtual directory /Plugin/OculusVR
LogPluginManager: Mounting plugin PhysXVehicles
LogPluginManager: Mounting plugin ProceduralMeshComponent
LogPluginManager: Mounting plugin RuntimePhysXCooking
LogPluginManager: Mounting plugin SteamVR
LogPluginManager: Mounting plugin WindowsMoviePlayer
LogModuleManager: Display: Found up-to-date module file E:/Programs/FRC/Projects/VictoryDashboard/VictoryDashboardUE/Binaries/Win64/UE4Editor-VictoryDashboardUE-7983.dll (API version 3709383).
LogModuleManager: Display: Found up-to-date module file ../../../Engine/Plugins/2D/Paper2D/Binaries/Win64/UE4Editor-Paper2D.dll (API version 3709383).
LogModuleManager: Display: Found up-to-date module file ../../../Engine/Plugins/2D/Paper2D/Binaries/Win64/UE4Editor-Paper2DEditor.dll (API version 3709383).
LogModuleManager: Display: Found up-to-date module file ../../../Engine/Plugins/2D/Paper2D/Binaries/Win64/UE4Editor-PaperSpriteSheetImporter.dll (API version 3709383).
LogModuleManager: Display: Found up-to-date module file ../../../Engine/Plugins/2D/Paper2D/Binaries/Win64/UE4Editor-PaperTiledImporter.dll (API version 3709383).
LogModuleManager: Display: Found up-to-date module file ../../../Engine/Plugins/2D/Paper2D/Binaries/Win64/UE4Editor-SmartSnapping.dll (API version 3709383).
LogModuleManager: Display: Found up-to-date module file ../../../Engine/Plugins/Blendables/LightPropagationVolume/Binaries/Win64/UE4Editor-LightPropagationVolumeRuntime.dll (API version 3709383).
LogModuleManager: Display: Found up-to-date module file ../../../Engine/Plugins/Blendables/LightPropagationVolume/Binaries/Win64/UE4Editor-LightPropagationVolumeEditor.dll (API version 3709383).
LogModuleManager: Display: Found up-to-date module file ../../../Engine/Plugins/Developer/GitSourceControl/Binaries/Win64/UE4Editor-GitSourceControl.dll (API version 3709383).
LogModuleManager: Display: Found up-to-date module file ../../../Engine/Plugins/Developer/PerforceSourceControl/Binaries/Win64/UE4Editor-PerforceSourceControl.dll (API version 3709383).
LogModuleManager: Display: Found up-to-date module file ../../../Engine/Plugins/Developer/SubversionSourceControl/Binaries/Win64/UE4Editor-SubversionSourceControl.dll (API version 3709383).
LogModuleManager: Display: Found up-to-date module file ../../../Engine/Plugins/Developer/UObjectPlugin/Binaries/Win64/UE4Editor-UObjectPlugin.dll (API version 3709383).
LogModuleManager: Display: Found up-to-date module file ../../../Engine/Plugins/Developer/VisualStudioCodeSourceCodeAccess/Binaries/Win64/UE4Editor-VisualStudioCodeSourceCodeAccess.dll (API version 3709383).
LogModuleManager: Display: Found up-to-date module file ../../../Engine/Plugins/Developer/VisualStudioSourceCodeAccess/Binaries/Win64/UE4Editor-VisualStudioSourceCodeAccess.dll (API version 3709383).
LogModuleManager: Display: Found up-to-date module file ../../../Engine/Plugins/Editor/AssetManagerEditor/Binaries/Win64/UE4Editor-AssetManagerEditor.dll (API version 3709383).
LogModuleManager: Display: Found up-to-date module file ../../../Engine/Plugins/Editor/AudioCapture/Binaries/Win64/UE4Editor-AudioCapture.dll (API version 3709383).
LogModuleManager: Display: Found up-to-date module file ../../../Engine/Plugins/Editor/FacialAnimation/Binaries/Win64/UE4Editor-FacialAnimation.dll (API version 3709383).
LogModuleManager: Display: Found up-to-date module file ../../../Engine/Plugins/Editor/FacialAnimation/Binaries/Win64/UE4Editor-FacialAnimationEditor.dll (API version 3709383).
LogModuleManager: Display: Found up-to-date module file ../../../Engine/Plugins/Editor/GameplayTagsEditor/Binaries/Win64/UE4Editor-GameplayTagsEditor.dll (API version 3709383).
LogModuleManager: Display: Found up-to-date module file ../../../Engine/Plugins/Editor/MobileLauncherProfileWizard/Binaries/Win64/UE4Editor-MobileLauncherProfileWizard.dll (API version 3709383).
LogModuleManager: Display: Found up-to-date module file ../../../Engine/Plugins/Editor/PluginBrowser/Binaries/Win64/UE4Editor-PluginBrowser.dll (API version 3709383).
LogModuleManager: Display: Found up-to-date module file ../../../Engine/Plugins/Editor/SpeedTreeImporter/Binaries/Win64/UE4Editor-SpeedTreeImporter.dll (API version 3709383).
LogModuleManager: Display: Found up-to-date module file ../../../Engine/Plugins/Experimental/AlembicImporter/Binaries/Win64/UE4Editor-AlembicImporter.dll (API version 3709383).
LogModuleManager: Display: Found up-to-date module file ../../../Engine/Plugins/Experimental/AlembicImporter/Binaries/Win64/UE4Editor-AlembicLibrary.dll (API version 3709383).
LogModuleManager: Display: Found up-to-date module file ../../../Engine/Plugins/Experimental/CharacterAI/Binaries/Win64/UE4Editor-CharacterAI.dll (API version 3709383).
LogModuleManager: Display: Found up-to-date module file ../../../Engine/Plugins/Experimental/HTML5Networking/Binaries/Win64/UE4Editor-HTML5Networking.dll (API version 3709383).
LogModuleManager: Display: Found up-to-date module file ../../../Engine/Plugins/Marketplace/SimpleUDPTCPSocketClient/Binaries/Win64/UE4Editor-SocketClient.dll (API version 3709383).
LogModuleManager: Display: Found up-to-date module file ../../../Engine/Plugins/Media/AndroidMedia/Binaries/Win64/UE4Editor-AndroidMediaEditor.dll (API version 3709383).
LogModuleManager: Display: Found up-to-date module file ../../../Engine/Plugins/Media/AndroidMedia/Binaries/Win64/UE4Editor-AndroidMediaFactory.dll (API version 3709383).
LogModuleManager: Display: Found up-to-date module file ../../../Engine/Plugins/Media/AvfMedia/Binaries/Win64/UE4Editor-AvfMediaEditor.dll (API version 3709383).
LogModuleManager: Display: Found up-to-date module file ../../../Engine/Plugins/Media/AvfMedia/Binaries/Win64/UE4Editor-AvfMediaFactory.dll (API version 3709383).
LogModuleManager: Display: Found up-to-date module file ../../../Engine/Plugins/Media/AvfMedia/Binaries/Win64/UE4Editor-AvfMediaFactory.dll (API version 3709383).
LogModuleManager: Display: Found up-to-date module file ../../../Engine/Plugins/Media/ImgMedia/Binaries/Win64/UE4Editor-ImgMedia.dll (API version 3709383).
LogModuleManager: Display: Found up-to-date module file ../../../Engine/Plugins/Media/ImgMedia/Binaries/Win64/UE4Editor-ImgMediaEditor.dll (API version 3709383).
LogModuleManager: Display: Found up-to-date module file ../../../Engine/Plugins/Media/ImgMedia/Binaries/Win64/UE4Editor-ImgMediaFactory.dll (API version 3709383).
LogModuleManager: Display: Found up-to-date module file ../../../Engine/Plugins/Media/ImgMedia/Binaries/Win64/UE4Editor-ImgMediaFactory.dll (API version 3709383).
LogModuleManager: Display: Found up-to-date module file ../../../Engine/Plugins/Media/ImgMedia/Binaries/Win64/UE4Editor-OpenExrWrapper.dll (API version 3709383).
LogModuleManager: Display: Found up-to-date module file ../../../Engine/Plugins/Media/MediaCompositing/Binaries/Win64/UE4Editor-MediaCompositing.dll (API version 3709383).
LogModuleManager: Display: Found up-to-date module file ../../../Engine/Plugins/Media/MediaCompositing/Binaries/Win64/UE4Editor-MediaCompositingEditor.dll (API version 3709383).
LogModuleManager: Display: Found up-to-date module file ../../../Engine/Plugins/Media/MediaPlayerEditor/Binaries/Win64/UE4Editor-MediaPlayerEditor.dll (API version 3709383).
LogModuleManager: Display: Found up-to-date module file ../../../Engine/Plugins/Media/WmfMedia/Binaries/Win64/UE4Editor-WmfMedia.dll (API version 3709383).
LogModuleManager: Display: Found up-to-date module file ../../../Engine/Plugins/Media/WmfMedia/Binaries/Win64/UE4Editor-WmfMediaEditor.dll (API version 3709383).
LogModuleManager: Display: Found up-to-date module file ../../../Engine/Plugins/Media/WmfMedia/Binaries/Win64/UE4Editor-WmfMediaFactory.dll (API version 3709383).
LogModuleManager: Display: Found up-to-date module file ../../../Engine/Plugins/Media/WmfMedia/Binaries/Win64/UE4Editor-WmfMediaFactory.dll (API version 3709383).
LogModuleManager: Display: Found up-to-date module file ../../../Engine/Plugins/Messaging/TcpMessaging/Binaries/Win64/UE4Editor-TcpMessaging.dll (API version 3709383).
LogModuleManager: Display: Found up-to-date module file ../../../Engine/Plugins/Messaging/UdpMessaging/Binaries/Win64/UE4Editor-UdpMessaging.dll (API version 3709383).
LogModuleManager: Display: Found up-to-date module file ../../../Engine/Plugins/MovieScene/ActorSequence/Binaries/Win64/UE4Editor-ActorSequence.dll (API version 3709383).
LogModuleManager: Display: Found up-to-date module file ../../../Engine/Plugins/MovieScene/LevelSequenceEditor/Binaries/Win64/UE4Editor-LevelSequenceEditor.dll (API version 3709383).
LogModuleManager: Display: Found up-to-date module file ../../../Engine/Plugins/MovieScene/MatineeToLevelSequence/Binaries/Win64/UE4Editor-MatineeToLevelSequence.dll (API version 3709383).
LogModuleManager: Display: Found up-to-date module file ../../../Engine/Plugins/Online/OnlineSubsystem/Binaries/Win64/UE4Editor-OnlineSubsystem.dll (API version 3709383).
LogModuleManager: Display: Found up-to-date module file ../../../Engine/Plugins/Online/OnlineSubsystemNull/Binaries/Win64/UE4Editor-OnlineSubsystemNull.dll (API version 3709383).
LogModuleManager: Display: Found up-to-date module file ../../../Engine/Plugins/Online/OnlineSubsystemUtils/Binaries/Win64/UE4Editor-OnlineSubsystemUtils.dll (API version 3709383).
LogModuleManager: Display: Found up-to-date module file ../../../Engine/Plugins/Online/OnlineSubsystemUtils/Binaries/Win64/UE4Editor-OnlineBlueprintSupport.dll (API version 3709383).
LogModuleManager: Display: Found up-to-date module file ../../../Engine/Plugins/Runtime/AndroidDeviceProfileSelector/Binaries/Win64/UE4Editor-AndroidDeviceProfileSelector.dll (API version 3709383).
LogModuleManager: Display: Found up-to-date module file ../../../Engine/Plugins/Runtime/AndroidPermission/Binaries/Win64/UE4Editor-AndroidPermission.dll (API version 3709383).
LogModuleManager: Display: Found up-to-date module file ../../../Engine/Plugins/Runtime/AppleARKit/Binaries/Win64/UE4Editor-AppleARKit.dll (API version 3709383).
LogModuleManager: Display: Found up-to-date module file ../../../Engine/Plugins/Runtime/ArchVisCharacter/Binaries/Win64/UE4Editor-ArchVisCharacter.dll (API version 3709383).
LogModuleManager: Display: Found up-to-date module file ../../../Engine/Plugins/Runtime/CableComponent/Binaries/Win64/UE4Editor-CableComponent.dll (API version 3709383).
LogModuleManager: Display: Found up-to-date module file ../../../Engine/Plugins/Runtime/CustomMeshComponent/Binaries/Win64/UE4Editor-CustomMeshComponent.dll (API version 3709383).
LogModuleManager: Display: Found up-to-date module file ../../../Engine/Plugins/Runtime/ExampleDeviceProfileSelector/Binaries/Win64/UE4Editor-ExampleDeviceProfileSelector.dll (API version 3709383).
LogModuleManager: Display: Found up-to-date module file ../../../Engine/Plugins/Runtime/ImmediatePhysics/Binaries/Win64/UE4Editor-ImmediatePhysics.dll (API version 3709383).
LogModuleManager: Display: Found up-to-date module file ../../../Engine/Plugins/Runtime/ImmediatePhysics/Binaries/Win64/UE4Editor-ImmediatePhysicsEditor.dll (API version 3709383).
LogModuleManager: Display: Found up-to-date module file ../../../Engine/Plugins/Runtime/LocationServicesBPLibrary/Binaries/Win64/UE4Editor-LocationServicesBPLibrary.dll (API version 3709383).
LogModuleManager: Display: Found up-to-date module file ../../../Engine/Plugins/Runtime/MobilePatchingUtils/Binaries/Win64/UE4Editor-MobilePatchingUtils.dll (API version 3709383).
LogModuleManager: Display: Found up-to-date module file ../../../Engine/Plugins/Runtime/Oculus/OculusVR/Binaries/Win64/UE4Editor-OculusHMD.dll (API version 3709383).
LogModuleManager: Display: Found up-to-date module file ../../../Engine/Plugins/Runtime/Oculus/OculusVR/Binaries/Win64/UE4Editor-OculusInput.dll (API version 3709383).
LogModuleManager: Display: Found up-to-date module file ../../../Engine/Plugins/Runtime/Oculus/OculusVR/Binaries/Win64/UE4Editor-OculusEditor.dll (API version 3709383).
LogModuleManager: Display: Found up-to-date module file ../../../Engine/Plugins/Runtime/PhysXVehicles/Binaries/Win64/UE4Editor-PhysXVehicles.dll (API version 3709383).
LogModuleManager: Display: Found up-to-date module file ../../../Engine/Plugins/Runtime/PhysXVehicles/Binaries/Win64/UE4Editor-PhysXVehiclesEditor.dll (API version 3709383).
LogModuleManager: Display: Found up-to-date module file ../../../Engine/Plugins/Runtime/ProceduralMeshComponent/Binaries/Win64/UE4Editor-ProceduralMeshComponent.dll (API version 3709383).
LogModuleManager: Display: Found up-to-date module file ../../../Engine/Plugins/Runtime/ProceduralMeshComponent/Binaries/Win64/UE4Editor-ProceduralMeshComponentEditor.dll (API version 3709383).
LogModuleManager: Display: Found up-to-date module file ../../../Engine/Plugins/Runtime/RuntimePhysXCooking/Binaries/Win64/UE4Editor-RuntimePhysXCooking.dll (API version 3709383).
LogModuleManager: Display: Found up-to-date module file ../../../Engine/Plugins/Runtime/Steam/SteamVR/Binaries/Win64/UE4Editor-SteamVR.dll (API version 3709383).
LogModuleManager: Display: Found up-to-date module file ../../../Engine/Plugins/Runtime/Steam/SteamVR/Binaries/Win64/UE4Editor-SteamVRController.dll (API version 3709383).
LogModuleManager: Display: Found up-to-date module file ../../../Engine/Plugins/Runtime/WindowsMoviePlayer/Binaries/Win64/UE4Editor-WindowsMoviePlayer.dll (API version 3709383).
LogInit: Using libcurl 7.47.1
LogInit:  - built for x86_64-pc-win32
LogInit:  - supports SSL with OpenSSL/1.0.2g
LogInit:  - supports HTTP deflate (compression) using libz 1.2.8
LogInit:  - other features:
LogInit:      CURL_VERSION_SSL
LogInit:      CURL_VERSION_LIBZ
LogInit:      CURL_VERSION_IPV6
LogInit:      CURL_VERSION_ASYNCHDNS
LogInit:      CURL_VERSION_LARGEFILE
LogInit:      CURL_VERSION_IDN
LogInit:  CurlRequestOptions (configurable via config and command line):
LogInit:  - bVerifyPeer = false  - Libcurl will NOT verify peer certificate
LogInit:  - bUseHttpProxy = false  - Libcurl will NOT use HTTP proxy
LogInit:  - bDontReuseConnections = false  - Libcurl will reuse connections
LogInit:  - CertBundlePath = nullptr  - Libcurl will use whatever was configured at build time.
LogInit: Build: ++UE4+Release-4.18-CL-3832480
LogInit: Engine Version: 4.18.3-3832480+++UE4+Release-4.18
LogInit: Compatible Engine Version: 4.18.0-3709383+++UE4+Release-4.18
LogInit: Net CL: 3709383
LogDevObjectVersion: Number of dev versions registered: 16
LogDevObjectVersion:   Dev-Blueprints (B0D832E4-1F89-4F0D-ACCF-7EB736FD4AA2): 10
LogDevObjectVersion:   Dev-Build (E1C64328-A22C-4D53-A36C-8E866417BD8C): 0
LogDevObjectVersion:   Dev-Core (375EC13C-06E4-48FB-B500-84F0262A717E): 2
LogDevObjectVersion:   Dev-Editor (E4B068ED-F494-42E9-A231-DA0B2E46BB41): 20
LogDevObjectVersion:   Dev-Framework (CFFC743F-43B0-4480-9391-14DF171D2073): 30
LogDevObjectVersion:   Dev-Mobile (B02B49B5-BB20-44E9-A304-32B752E40360): 0
LogDevObjectVersion:   Dev-Networking (A4E4105C-59A1-49B5-A7C5-40C4547EDFEE): 0
LogDevObjectVersion:   Dev-Online (39C831C9-5AE6-47DC-9A44-9C173E1C8E7C): 0
LogDevObjectVersion:   Dev-Physics (78F01B33-EBEA-4F98-B9B4-84EACCB95AA2): 0
LogDevObjectVersion:   Dev-Platform (6631380F-2D4D-43E0-8009-CF276956A95A): 0
LogDevObjectVersion:   Dev-Rendering (12F88B9F-8875-4AFC-A67C-D90C383ABD29): 20
LogDevObjectVersion:   Dev-Sequencer (7B5AE74C-D270-4C10-A958-57980B212A5A): 4
LogDevObjectVersion:   Dev-VR (D7296918-1DD6-4BDD-9DE2-64A83CC13884): 0
LogDevObjectVersion:   Dev-LoadTimes (C2A15278-BFE7-4AFE-6C17-90FF531DF755): 1
LogDevObjectVersion:   Private-Geometry (6EACA3D4-40EC-4CC1-B786-8BED09428FC5): 1
LogDevObjectVersion:   Dev-AnimPhys (29E575DD-E0A3-4627-9D10-D276232CDCEA): 12
LogInit: Compiled (64-bit): Jan 12 2018 02:04:55
LogInit: Compiled with Visual C++: 19.00.24215.01
LogInit: Build Configuration: Development
LogInit: Branch Name: ++UE4+Release-4.18
LogInit: Command line:  -game
LogInit: Base directory: D:/EpicGames/UE_4.18/Engine/Binaries/Win64/
LogInit: Installed Engine Build: 1
LogInit: Presizing for max 8388607 objects, including 0 objects not considered by GC, pre-allocating 0 bytes for permanent pool.
LogInit: Object subsystem initialized
[2018.02.08-07.06.32:258][  0]LogInit: Selected Device Profile: [Windows]
[2018.02.08-07.06.32:258][  0]LogInit: Applying CVar settings loaded from the selected device profile: [Windows]
[2018.02.08-07.06.32:274][  0]LogInit: Computer: GLADOS
[2018.02.08-07.06.32:274][  0]LogInit: User: Victo
[2018.02.08-07.06.32:274][  0]LogInit: CPU Page size=4096, Cores=4
[2018.02.08-07.06.32:274][  0]LogInit: High frequency timer resolution =3.417990 MHz
[2018.02.08-07.06.32:274][  0]LogMemory: Memory total: Physical=15.9GB (16GB approx)
[2018.02.08-07.06.32:274][  0]LogMemory: Platform Memory Stats for Windows
[2018.02.08-07.06.32:274][  0]LogMemory: Process Physical Memory: 273.17 MB used, 273.17 MB peak
[2018.02.08-07.06.32:274][  0]LogMemory: Process Virtual Memory: 272.08 MB used, 272.08 MB peak
[2018.02.08-07.06.32:274][  0]LogMemory: Physical Memory: 8021.21 MB used,  8248.35 MB free, 16269.56 MB total
[2018.02.08-07.06.32:274][  0]LogMemory: Virtual Memory: 646.39 MB used,  8248.35 MB free, 134217728.00 MB total
[2018.02.08-07.06.32:456][  0]LogInit: Using OS detected language (en-US).
[2018.02.08-07.06.32:456][  0]LogInit: Using OS detected locale (en-US).
[2018.02.08-07.06.32:461][  0]LogTextLocalizationManager: No specific localization for 'en-US' exists, so the 'en' localization will be used.
[2018.02.08-07.06.33:002][  0]LogD3D11RHI: D3D11 adapters:
[2018.02.08-07.06.33:598][  0]LogD3D11RHI:    0. 'NVIDIA GeForce GTX 1080' (Feature Level 11_0)
[2018.02.08-07.06.33:598][  0]LogD3D11RHI:       8144/0/8134 MB DedicatedVideo/DedicatedSystem/SharedSystem, Outputs:2, VendorId:0x10de
[2018.02.08-07.06.33:602][  0]LogD3D11RHI:    1. 'Intel(R) HD Graphics 4000' (Feature Level 11_0)
[2018.02.08-07.06.33:602][  0]LogD3D11RHI:       32/0/1760 MB DedicatedVideo/DedicatedSystem/SharedSystem, Outputs:0, VendorId:0x8086
[2018.02.08-07.06.33:603][  0]LogD3D11RHI:    2. 'Microsoft Basic Render Driver' (Feature Level 11_0)
[2018.02.08-07.06.33:603][  0]LogD3D11RHI:       0/0/8134 MB DedicatedVideo/DedicatedSystem/SharedSystem, Outputs:0, VendorId:0x1414
[2018.02.08-07.06.33:603][  0]LogD3D11RHI: Chosen D3D11 Adapter: 0
[2018.02.08-07.06.33:612][  0]LogD3D11RHI: Creating new Direct3DDevice
[2018.02.08-07.06.33:612][  0]LogD3D11RHI:     GPU DeviceId: 0x1b80 (for the marketing name, search the web for "GPU Device Id")
[2018.02.08-07.06.33:612][  0]LogWindows: EnumDisplayDevices:
[2018.02.08-07.06.33:613][  0]LogWindows:    0. 'NVIDIA GeForce GTX 1080' (P:1 D:1)
[2018.02.08-07.06.33:613][  0]LogWindows:    1. 'NVIDIA GeForce GTX 1080' (P:0 D:1)
[2018.02.08-07.06.33:613][  0]LogWindows:    2. 'NVIDIA GeForce GTX 1080' (P:0 D:0)
[2018.02.08-07.06.33:613][  0]LogWindows:    3. 'NVIDIA GeForce GTX 1080' (P:0 D:0)
[2018.02.08-07.06.33:613][  0]LogWindows:    4. 'Intel(R) HD Graphics 4000' (P:0 D:0)
[2018.02.08-07.06.33:613][  0]LogWindows:    5. 'Intel(R) HD Graphics 4000' (P:0 D:0)
[2018.02.08-07.06.33:613][  0]LogWindows:    6. 'Intel(R) HD Graphics 4000' (P:0 D:0)
[2018.02.08-07.06.33:614][  0]LogWindows: DebugString: PrimaryIsNotTheChoosenAdapter PrimaryIsNotTheChoosenAdapter PrimaryIsNotTheChoosenAdapter FoundDriverCount:4 
[2018.02.08-07.06.33:614][  0]LogD3D11RHI:     Adapter Name: NVIDIA GeForce GTX 1080
[2018.02.08-07.06.33:614][  0]LogD3D11RHI:   Driver Version: 376.51 (internal:21.21.13.7651, unified:376.51)
[2018.02.08-07.06.33:614][  0]LogD3D11RHI:      Driver Date: 12-25-2016
[2018.02.08-07.06.33:614][  0]LogRHI: Texture pool is 5701 MB (70% of 8144 MB)
[2018.02.08-07.06.34:134][  0]LogD3D11RHI: Async texture creation enabled
[2018.02.08-07.06.34:268][  0]LogD3D11RHI: GPU Timing Frequency: 1000.000000 (Debug: 2 1)
[2018.02.08-07.06.34:366][  0]LogShaderCompilers: Guid format shader working directory is -15 characters bigger than the processId version (E:/Programs/FRC/Projects/VictoryDashboard/VictoryDashboardUE/Intermediate/Shaders/WorkingDirectory/14864/).
[2018.02.08-07.06.34:366][  0]LogShaderCompilers: Cleaned the shader compiler working directory 'C:/Users/Victo/AppData/Local/Temp/UnrealShaderWorkingDir/16C7C69F4EE42F4045AFD5BDBEA8E209/'.
[2018.02.08-07.06.34:366][  0]LogShaderCompilers: Display: Using Local Shader Compiler.
[2018.02.08-07.06.35:547][  0]LogTemp: Display: Loaded TP WindowsClientTargetPlatform
[2018.02.08-07.06.35:599][  0]LogTemp: Display: Loaded TP WindowsNoEditorTargetPlatform
[2018.02.08-07.06.35:657][  0]LogTemp: Display: Loaded TP WindowsServerTargetPlatform
[2018.02.08-07.06.35:706][  0]LogTemp: Display: Loaded TP WindowsTargetPlatform
[2018.02.08-07.06.35:706][  0]LogTargetPlatformManager: Display: Building Assets For Windows
[2018.02.08-07.06.36:205][  0]LogDerivedDataCache: Display: Max Cache Size: 512 MB
[2018.02.08-07.06.36:308][  0]LogDerivedDataCache: Loaded boot cache 0.10s 78MB C:/Users/Victo/AppData/Local/UnrealEngine/4.18/DerivedDataCache/Boot.ddc.
[2018.02.08-07.06.36:308][  0]LogDerivedDataCache: Display: Loaded Boot cache: C:/Users/Victo/AppData/Local/UnrealEngine/4.18/DerivedDataCache/Boot.ddc
[2018.02.08-07.06.36:308][  0]LogDerivedDataCache: FDerivedDataBackendGraph:  Pak pak cache file E:/Programs/FRC/Projects/VictoryDashboard/VictoryDashboardUE/DerivedDataCache/DDC.ddp not found, will not use a pak cache.
[2018.02.08-07.06.36:308][  0]LogDerivedDataCache: Unable to find inner node Pak for hierarchical cache Hierarchy.
[2018.02.08-07.06.36:308][  0]LogDerivedDataCache: FDerivedDataBackendGraph:  CompressedPak pak cache file E:/Programs/FRC/Projects/VictoryDashboard/VictoryDashboardUE/DerivedDataCache/Compressed.ddp not found, will not use a pak cache.
[2018.02.08-07.06.36:308][  0]LogDerivedDataCache: Unable to find inner node CompressedPak for hierarchical cache Hierarchy.
[2018.02.08-07.06.36:326][  0]LogDerivedDataCache: Display: Pak cache opened for reading ../../../Engine/DerivedDataCache/Compressed.ddp.
[2018.02.08-07.06.36:338][  0]LogDerivedDataCache: Using Local data cache path C:/Users/Victo/AppData/Local/UnrealEngine/Common/DerivedDataCache: Writable
[2018.02.08-07.06.36:353][  0]LogMaterial: Verifying Global Shaders for PCD3D_SM5
[2018.02.08-07.06.36:353][  0]LogSlate: Using Freetype 2.6.0
[2018.02.08-07.06.36:354][  0]LogSlate: SlateFontCache - WITH_FREETYPE: 1, WITH_HARFBUZZ: 1
[2018.02.08-07.06.36:354][  0]LogSlate: SlateFontCache - WITH_FREETYPE: 1, WITH_HARFBUZZ: 1
[2018.02.08-07.06.36:754][  0]LogAssetRegistry: FAssetRegistry took 0.0046 seconds to start up
[2018.02.08-07.06.36:831][  0]LogPackageLocalizationCache: Processed 7 localized package path(s) for 2 prioritized culture(s) in 0.076598 seconds
[2018.02.08-07.06.36:955][  0]LogInit: Selected Device Profile: [Windows]
[2018.02.08-07.06.37:314][  0]LogSimplygon: Simplygon DLL not present - disabling.
[2018.02.08-07.06.37:361][  0]LogMeshReduction: Using SimplygonSwarm for distributed automatic mesh merging
[2018.02.08-07.06.37:361][  0]LogMeshReduction: Using QuadricMeshReduction for automatic static mesh reduction
[2018.02.08-07.06.37:361][  0]LogMeshReduction: No automatic skeletal mesh reduction module available
[2018.02.08-07.06.37:361][  0]LogMeshReduction: No automatic mesh merging module available
[2018.02.08-07.06.37:361][  0]LogMeshMerging: No automatic mesh merging module available
[2018.02.08-07.06.37:389][  0]LogNetVersion: VictoryDashboardUE , NetCL: 3709383, EngineNetVer: 2, GameNetVer: 0 (Checksum: 3474883338)
[2018.02.08-07.06.37:968][  0]LogInit: WinSock: version 1.1 (2.2), MaxSocks=32767, MaxUdp=65467
[2018.02.08-07.06.39:540][  0]LogMoviePlayer: Initializing movie player
[2018.02.08-07.06.39:966][  0]LogCollectionManager: Loaded 0 collections in 0.001505 seconds
[2018.02.08-07.06.40:018][  0]LogFileCache: Scanning file cache for directory 'E:/Programs/FRC/Projects/VictoryDashboard/VictoryDashboardUE/Saved/Collections/' took 0.01s
[2018.02.08-07.06.40:018][  0]LogFileCache: Scanning file cache for directory 'E:/Programs/FRC/Projects/VictoryDashboard/VictoryDashboardUE/Content/Developers/Victo/Collections/' took 0.01s
[2018.02.08-07.06.40:018][  0]LogFileCache: Scanning file cache for directory 'E:/Programs/FRC/Projects/VictoryDashboard/VictoryDashboardUE/Content/Collections/' took 0.01s
[2018.02.08-07.06.40:018][  0]LogCollectionManager: Rebuilt the object cache for 0 collections in 0.000001 seconds (found 0 objects)
[2018.02.08-07.06.40:018][  0]LogCollectionManager: Fixed up redirectors for 0 collections in 0.000130 seconds (updated 0 objects)
[2018.02.08-07.06.40:646][  0]LogModuleManager: Warning: No filename provided for module VictoryDashboardUE
[2018.02.08-07.06.40:646][  0]LogModuleManager: Warning: ModuleManager: Unable to load module 'VictoryDashboardUE' because the file 'D:/EpicGames/UE_4.18/Engine/Binaries/Win64/' was not found.
[2018.02.08-07.06.40:664][  0]LogWindowsTextInputMethodSystem: Display: IME system now deactivated.
[2018.02.08-07.06.43:572][  0]LogWindowsTextInputMethodSystem: Display: IME system now deactivated.
[2018.02.08-07.06.43:597][  0]LogExit: Preparing to exit.
[2018.02.08-07.06.43:597][  0]LogMoviePlayer: Shutting down movie player
[2018.02.08-07.06.43:623][  0]LogUObjectArray: 33887 objects as part of root set at end of initial load.
[2018.02.08-07.06.43:623][  0]LogUObjectAllocator: 8064160 out of 0 bytes used by permanent object pool.
[2018.02.08-07.06.43:623][  0]LogUObjectArray: CloseDisregardForGC: 0/0 objects in disregard for GC pool
[2018.02.08-07.06.43:686][  0]LogExit: Object subsystem successfully closed.
[2018.02.08-07.06.43:693][  0]LogD3D11RHI: Shutdown
[2018.02.08-07.06.43:693][  0]LogD3D11RHI: CleanupD3DDevice
[2018.02.08-07.06.43:805][  0]LogD3D11RHI: ~FD3D11DynamicRHI
[2018.02.08-07.06.43:806][  0]LogModuleManager: Shutting down and abandoning module RuntimePhysXCooking (228)
[2018.02.08-07.06.43:806][  0]LogModuleManager: Shutting down and abandoning module PhysXVehiclesEditor (226)
[2018.02.08-07.06.43:806][  0]LogModuleManager: Shutting down and abandoning module PhysXVehicles (224)
[2018.02.08-07.06.43:806][  0]LogModuleManager: Shutting down and abandoning module LocationServicesBPLibrary (222)
[2018.02.08-07.06.43:806][  0]LogModuleManager: Shutting down and abandoning module ImmediatePhysicsEditor (220)
[2018.02.08-07.06.43:806][  0]LogModuleManager: Shutting down and abandoning module ImmediatePhysics (218)
[2018.02.08-07.06.43:806][  0]LogModuleManager: Shutting down and abandoning module UdpMessaging (216)
[2018.02.08-07.06.43:806][  0]LogModuleManager: Shutting down and abandoning module TcpMessaging (214)
[2018.02.08-07.06.43:806][  0]LogModuleManager: Shutting down and abandoning module GameplayTagsEditor (212)
[2018.02.08-07.06.43:806][  0]LogModuleManager: Shutting down and abandoning module FacialAnimation (210)
[2018.02.08-07.06.43:806][  0]LogModuleManager: Shutting down and abandoning module AssetManagerEditor (208)
[2018.02.08-07.06.43:806][  0]LogModuleManager: Shutting down and abandoning module GraphEditor (207)
[2018.02.08-07.06.43:807][  0]LogModuleManager: Shutting down and abandoning module ContentBrowser (205)
[2018.02.08-07.06.43:807][  0]LogModuleManager: Shutting down and abandoning module CollectionManager (204)
[2018.02.08-07.06.43:807][  0]LogDirectoryWatcher: A directory notification for 'E:/Programs/FRC/Projects/VictoryDashboard/VictoryDashboardUE/Content/Collections/' was aborted.
[2018.02.08-07.06.43:807][  0]LogDirectoryWatcher: A directory notification for 'E:/Programs/FRC/Projects/VictoryDashboard/VictoryDashboardUE/Content/Developers/Victo/Collections/' was aborted.
[2018.02.08-07.06.43:807][  0]LogDirectoryWatcher: A directory notification for 'E:/Programs/FRC/Projects/VictoryDashboard/VictoryDashboardUE/Saved/Collections/' was aborted.
[2018.02.08-07.06.43:807][  0]LogModuleManager: Shutting down and abandoning module DirectoryWatcher (203)
[2018.02.08-07.06.43:807][  0]LogModuleManager: Shutting down and abandoning module LightPropagationVolumeRuntime (198)
[2018.02.08-07.06.43:807][  0]LogModuleManager: Shutting down and abandoning module Paper2D (196)
[2018.02.08-07.06.43:807][  0]LogModuleManager: Shutting down and abandoning module WindowsMoviePlayer (194)
[2018.02.08-07.06.43:807][  0]LogModuleManager: Shutting down and abandoning module WmfMedia (192)
[2018.02.08-07.06.43:807][  0]LogModuleManager: Shutting down and abandoning module ImgMedia (190)
[2018.02.08-07.06.43:807][  0]LogModuleManager: Shutting down and abandoning module SocketClient (188)
[2018.02.08-07.06.43:807][  0]LogModuleManager: Shutting down and abandoning module PacketHandler (186)
[2018.02.08-07.06.43:807][  0]LogModuleManager: Shutting down and abandoning module ClothingSystemEditor (184)
[2018.02.08-07.06.43:807][  0]LogModuleManager: Shutting down and abandoning module ClothingSystemRuntime (182)
[2018.02.08-07.06.43:807][  0]LogModuleManager: Shutting down and abandoning module MediaAssets (180)
[2018.02.08-07.06.43:807][  0]LogModuleManager: Shutting down and abandoning module Media (179)
[2018.02.08-07.06.43:813][  0]LogModuleManager: Shutting down and abandoning module Overlay (176)
[2018.02.08-07.06.43:813][  0]LogModuleManager: Shutting down and abandoning module OverlayEditor (175)
[2018.02.08-07.06.43:813][  0]LogModuleManager: Shutting down and abandoning module VREditor (172)
[2018.02.08-07.06.43:813][  0]LogModuleManager: Shutting down and abandoning module StringTableEditor (170)
[2018.02.08-07.06.43:813][  0]LogModuleManager: Shutting down and abandoning module GameplayTasksEditor (168)
[2018.02.08-07.06.43:813][  0]LogModuleManager: Shutting down and abandoning module BehaviorTreeEditor (166)
[2018.02.08-07.06.43:813][  0]LogModuleManager: Shutting down and abandoning module FunctionalTesting (164)
[2018.02.08-07.06.43:813][  0]LogModuleManager: Shutting down and abandoning module CollisionAnalyzer (162)
[2018.02.08-07.06.43:813][  0]LogModuleManager: Shutting down and abandoning module WorkspaceMenuStructure (161)
[2018.02.08-07.06.43:813][  0]LogModuleManager: Shutting down and abandoning module UMG (158)
[2018.02.08-07.06.43:813][  0]LogModuleManager: Shutting down and abandoning module UMGEditor (157)
[2018.02.08-07.06.43:813][  0]LogModuleManager: Shutting down and abandoning module Sequencer (156)
[2018.02.08-07.06.43:813][  0]LogModuleManager: Shutting down and abandoning module MessageLog (153)
[2018.02.08-07.06.43:813][  0]LogModuleManager: Shutting down and abandoning module SlateReflector (148)
[2018.02.08-07.06.43:813][  0]LogModuleManager: Shutting down and abandoning module Slate (146)
[2018.02.08-07.06.43:813][  0]LogModuleManager: Shutting down and abandoning module EditorStyle (144)
[2018.02.08-07.06.43:815][  0]LogModuleManager: Shutting down and abandoning module MRMesh (142)
[2018.02.08-07.06.43:815][  0]LogModuleManager: Shutting down and abandoning module Messaging (140)
[2018.02.08-07.06.43:815][  0]LogModuleManager: Shutting down and abandoning module SourceCodeAccess (138)
[2018.02.08-07.06.43:815][  0]LogModuleManager: Shutting down and abandoning module HeadMountedDisplay (136)
[2018.02.08-07.06.43:815][  0]LogModuleManager: Shutting down and abandoning module XAudio2 (134)
[2018.02.08-07.06.43:815][  0]LogModuleManager: Shutting down and abandoning module Networking (132)
[2018.02.08-07.06.43:815][  0]LogModuleManager: Shutting down and abandoning module Core (128)
[2018.02.08-07.06.43:815][  0]LogModuleManager: Shutting down and abandoning module LevelSequence (126)
[2018.02.08-07.06.43:815][  0]LogModuleManager: Shutting down and abandoning module KismetCompiler (124)
[2018.02.08-07.06.43:815][  0]LogModuleManager: Shutting down and abandoning module MeshUtilities (122)
[2018.02.08-07.06.43:815][  0]LogModuleManager: Shutting down and abandoning module MeshMergeUtilities (121)
[2018.02.08-07.06.43:815][  0]LogModuleManager: Shutting down and abandoning module MeshReductionInterface (120)
[2018.02.08-07.06.43:815][  0]LogModuleManager: Shutting down and abandoning module SimplygonSwarm (119)
[2018.02.08-07.06.43:815][  0]LogModuleManager: Shutting down and abandoning module SimplygonMeshReduction (117)
[2018.02.08-07.06.43:815][  0]LogModuleManager: Shutting down and abandoning module QuadricMeshReduction (115)
[2018.02.08-07.06.43:815][  0]LogModuleManager: Shutting down and abandoning module MaterialBaking (111)
[2018.02.08-07.06.43:815][  0]LogModuleManager: Shutting down and abandoning module DerivedDataCache (106)
[2018.02.08-07.06.43:833][  0]LogDerivedDataCache: Shutdown
[2018.02.08-07.06.43:833][  0]LogModuleManager: Shutting down and abandoning module TargetPlatform (104)
[2018.02.08-07.06.43:833][  0]LogModuleManager: Shutting down and abandoning module VulkanShaderFormat (103)
[2018.02.08-07.06.43:833][  0]LogModuleManager: Shutting down and abandoning module ShaderFormatVectorVM (101)
[2018.02.08-07.06.43:833][  0]LogModuleManager: Shutting down and abandoning module ShaderFormatOpenGL (99)
[2018.02.08-07.06.43:833][  0]LogModuleManager: Shutting down and abandoning module ShaderFormatD3D (97)
[2018.02.08-07.06.43:833][  0]LogModuleManager: Shutting down and abandoning module MetalShaderFormat (95)
[2018.02.08-07.06.43:833][  0]LogModuleManager: Shutting down and abandoning module TextureFormatUncompressed (93)
[2018.02.08-07.06.43:833][  0]LogModuleManager: Shutting down and abandoning module TextureFormatPVR (91)
[2018.02.08-07.06.43:833][  0]LogModuleManager: Shutting down and abandoning module TextureFormatDXT (89)
[2018.02.08-07.06.43:833][  0]LogModuleManager: Shutting down and abandoning module TextureFormatIntelISPCTexComp (87)
[2018.02.08-07.06.43:833][  0]LogModuleManager: Shutting down and abandoning module TextureFormatASTC (85)
[2018.02.08-07.06.43:833][  0]LogModuleManager: Shutting down and abandoning module ImageWrapper (84)
[2018.02.08-07.06.43:833][  0]LogModuleManager: Shutting down and abandoning module TextureFormatAndroid (81)
[2018.02.08-07.06.43:833][  0]LogModuleManager: Shutting down and abandoning module AudioFormatOpus (79)
[2018.02.08-07.06.43:833][  0]LogModuleManager: Shutting down and abandoning module AudioFormatOgg (77)
[2018.02.08-07.06.43:833][  0]LogModuleManager: Shutting down and abandoning module AudioFormatADPCM (75)
[2018.02.08-07.06.43:833][  0]LogModuleManager: Shutting down and abandoning module WindowsTargetPlatform (73)
[2018.02.08-07.06.43:833][  0]LogModuleManager: Shutting down and abandoning module WindowsServerTargetPlatform (71)
[2018.02.08-07.06.43:833][  0]LogModuleManager: Shutting down and abandoning module WindowsNoEditorTargetPlatform (69)
[2018.02.08-07.06.43:833][  0]LogModuleManager: Shutting down and abandoning module WindowsClientTargetPlatform (67)
[2018.02.08-07.06.43:833][  0]LogModuleManager: Shutting down and abandoning module InputCore (64)
[2018.02.08-07.06.43:833][  0]LogModuleManager: Shutting down and abandoning module Settings (62)
[2018.02.08-07.06.43:833][  0]LogModuleManager: Shutting down and abandoning module PhysXCooking (60)
[2018.02.08-07.06.43:833][  0]LogModuleManager: Shutting down and abandoning module SteamVR (58)
[2018.02.08-07.06.43:833][  0]LogModuleManager: Shutting down and abandoning module OculusHMD (56)
[2018.02.08-07.06.43:833][  0]LogModuleManager: Shutting down and abandoning module ExampleDeviceProfileSelector (54)
[2018.02.08-07.06.43:833][  0]LogModuleManager: Shutting down and abandoning module AppleARKit (52)
[2018.02.08-07.06.43:833][  0]LogModuleManager: Shutting down and abandoning module AugmentedReality (51)
[2018.02.08-07.06.43:833][  0]LogModuleManager: Shutting down and abandoning module OnlineBlueprintSupport (48)
[2018.02.08-07.06.43:833][  0]LogModuleManager: Shutting down and abandoning module OnlineSubsystem (44)
[2018.02.08-07.06.43:833][  0]LogModuleManager: Shutting down and abandoning module XMPP (43)
[2018.02.08-07.06.43:833][  0]LogModuleManager: Shutting down and abandoning module HTTP (41)
[2018.02.08-07.06.43:853][  0]LogModuleManager: Shutting down and abandoning module SSL (40)
[2018.02.08-07.06.43:854][  0]LogModuleManager: Shutting down and abandoning module AnimationModifiers (36)
[2018.02.08-07.06.43:855][  0]LogModuleManager: Shutting down and abandoning module PropertyEditor (35)
[2018.02.08-07.06.43:855][  0]LogModuleManager: Shutting down and abandoning module AudioEditor (32)
[2018.02.08-07.06.43:855][  0]LogModuleManager: Shutting down and abandoning module TextureCompressor (30)
[2018.02.08-07.06.43:855][  0]LogModuleManager: Shutting down and abandoning module ShaderCore (28)
[2018.02.08-07.06.43:855][  0]LogModuleManager: Shutting down and abandoning module Landscape (26)
[2018.02.08-07.06.43:855][  0]LogModuleManager: Shutting down and abandoning module SlateRHIRenderer (24)
[2018.02.08-07.06.43:855][  0]LogModuleManager: Shutting down and abandoning module OpenGLDrv (22)
[2018.02.08-07.06.43:855][  0]LogModuleManager: Shutting down and abandoning module D3D11RHI (20)
[2018.02.08-07.06.43:855][  0]LogModuleManager: Shutting down and abandoning module AnimGraphRuntime (18)
[2018.02.08-07.06.43:855][  0]LogModuleManager: Shutting down and abandoning module Renderer (16)
[2018.02.08-07.06.43:855][  0]LogModuleManager: Shutting down and abandoning module Engine (14)
[2018.02.08-07.06.43:855][  0]LogModuleManager: Shutting down and abandoning module CoreUObject (12)
[2018.02.08-07.06.43:855][  0]LogModuleManager: Shutting down and abandoning module NetworkFile (10)
[2018.02.08-07.06.43:855][  0]LogModuleManager: Shutting down and abandoning module CookedIterativeFile (8)
[2018.02.08-07.06.43:855][  0]LogModuleManager: Shutting down and abandoning module StreamingFile (6)
[2018.02.08-07.06.43:855][  0]LogModuleManager: Shutting down and abandoning module SandboxFile (4)
[2018.02.08-07.06.43:855][  0]LogModuleManager: Shutting down and abandoning module PakFile (2)
[2018.02.08-07.06.43:857][  0]LogExit: Exiting.
[2018.02.08-07.06.43:859][  0]Log file closed, 02/07/18 23:06:43
