Log file open, 03/03/18 22:16:18
LogWindows: Failed to load 'aqProf.dll' (GetLastError=126)
LogWindows: File 'aqProf.dll' does not exist
LogWindows: Failed to load 'VSPerf140.dll' (GetLastError=126)
LogWindows: File 'VSPerf140.dll' does not exist
LogWindows: Failed to load 'VtuneApi.dll' (GetLastError=126)
LogWindows: File 'VtuneApi.dll' does not exist
LogWindows: Failed to load 'VtuneApi32e.dll' (GetLastError=126)
LogWindows: File 'VtuneApi32e.dll' does not exist
LogInit: Display: Running engine for game: VictoryDashboardUE
LogPlatformFile: Not using cached read wrapper
LogInit: Display: RandInit(-1563716854) SRandInit(-1563716854).
LogInit: Read version file with build ID '3709383'
LogInit: Overriding engine version to CL 3832480, compatible CL 3709383
LogInit: Registered custom module enumerator with build ID '3709383'
LogTaskGraph: Started task graph with 5 named threads and 14 total threads with 3 sets of task threads.
LogStats: Stats thread started at 0.706700
LogD3D11RHI: Aftermath initialized
LogPluginManager: Mounting plugin Paper2D
LogPluginManager: Mounting plugin LightPropagationVolume
LogPluginManager: Mounting plugin CodeLiteSourceCodeAccess
LogPluginManager: Mounting plugin GitSourceControl
LogPluginManager: Mounting plugin KDevelopSourceCodeAccess
LogPluginManager: Mounting plugin NullSourceCodeAccess
LogPluginManager: Mounting plugin PerforceSourceControl
LogPluginManager: Mounting plugin SubversionSourceControl
LogPluginManager: Mounting plugin UObjectPlugin
LogPluginManager: Mounting plugin VisualStudioCodeSourceCodeAccess
LogPluginManager: Mounting plugin VisualStudioSourceCodeAccess
LogPluginManager: Mounting plugin XCodeSourceCodeAccess
LogPluginManager: Mounting plugin AssetManagerEditor
LogPluginManager: Mounting plugin AudioCapture
LogPluginManager: Mounting plugin FacialAnimation
LogPluginManager: Mounting plugin GameplayTagsEditor
LogPluginManager: Mounting plugin MobileLauncherProfileWizard
LogPluginManager: Mounting plugin PluginBrowser
LogPluginManager: Mounting plugin SpeedTreeImporter
LogPluginManager: Mounting plugin AlembicImporter
LogPluginManager: Mounting plugin CharacterAI
LogPluginManager: Mounting plugin HTML5Networking
LogPluginManager: Mounting plugin SocketClient
LogPluginManager: Mounting plugin AndroidMedia
LogPluginManager: Mounting plugin AvfMedia
LogPluginManager: Mounting plugin ImgMedia
LogPluginManager: Mounting plugin MediaCompositing
LogPluginManager: Mounting plugin MediaPlayerEditor
LogPluginManager: Mounting plugin WmfMedia
LogPluginManager: Mounting plugin TcpMessaging
LogPluginManager: Mounting plugin UdpMessaging
LogPluginManager: Mounting plugin ActorSequence
LogPluginManager: Mounting plugin LevelSequenceEditor
LogPluginManager: Mounting plugin MatineeToLevelSequence
LogPluginManager: Mounting plugin OnlineSubsystemGooglePlay
LogPluginManager: Mounting plugin OnlineSubsystemIOS
LogPluginManager: Mounting plugin OnlineSubsystem
LogPluginManager: Mounting plugin OnlineSubsystemNull
LogPluginManager: Mounting plugin OnlineSubsystemUtils
LogPluginManager: Mounting plugin AndroidDeviceProfileSelector
LogPluginManager: Mounting plugin AndroidMoviePlayer
LogPluginManager: Mounting plugin AndroidPermission
LogPluginManager: Mounting plugin AppleARKit
LogPluginManager: Mounting plugin AppleMoviePlayer
LogPluginManager: Mounting plugin ArchVisCharacter
LogPluginManager: Mounting plugin CableComponent
LogPluginManager: Mounting plugin CustomMeshComponent
LogPluginManager: Mounting plugin ExampleDeviceProfileSelector
LogPluginManager: Mounting plugin GoogleCloudMessaging
LogPluginManager: Mounting plugin ImmediatePhysics
LogPluginManager: Mounting plugin IOSDeviceProfileSelector
LogPluginManager: Mounting plugin LinuxDeviceProfileSelector
LogPluginManager: Mounting plugin LocationServicesBPLibrary
LogPluginManager: Mounting plugin MobilePatchingUtils
LogPluginManager: Mounting plugin OculusVR
LogPluginManager: Plugin shader directory ../../../Engine/Plugins/Runtime/Oculus/OculusVR/Shaders found
LogPluginManager: Mapping shader source directory ../../../Engine/Plugins/Runtime/Oculus/OculusVR/Shaders to virtual directory /Plugin/OculusVR
LogPluginManager: Mounting plugin PhysXVehicles
LogPluginManager: Mounting plugin ProceduralMeshComponent
LogPluginManager: Mounting plugin RuntimePhysXCooking
LogPluginManager: Mounting plugin SteamVR
LogPluginManager: Mounting plugin WindowsMoviePlayer
LogModuleManager: Display: Found up-to-date module file E:/Programs/FRC/Projects/VictoryDashboard/VictoryDashboardUE/Binaries/Win64/UE4Editor-VictoryDashboardUE.dll (API version 3709383).
LogModuleManager: Display: Found up-to-date module file ../../../Engine/Plugins/2D/Paper2D/Binaries/Win64/UE4Editor-Paper2D.dll (API version 3709383).
LogModuleManager: Display: Found up-to-date module file ../../../Engine/Plugins/2D/Paper2D/Binaries/Win64/UE4Editor-Paper2DEditor.dll (API version 3709383).
LogModuleManager: Display: Found up-to-date module file ../../../Engine/Plugins/2D/Paper2D/Binaries/Win64/UE4Editor-PaperSpriteSheetImporter.dll (API version 3709383).
LogModuleManager: Display: Found up-to-date module file ../../../Engine/Plugins/2D/Paper2D/Binaries/Win64/UE4Editor-PaperTiledImporter.dll (API version 3709383).
LogModuleManager: Display: Found up-to-date module file ../../../Engine/Plugins/2D/Paper2D/Binaries/Win64/UE4Editor-SmartSnapping.dll (API version 3709383).
LogModuleManager: Display: Found up-to-date module file ../../../Engine/Plugins/Blendables/LightPropagationVolume/Binaries/Win64/UE4Editor-LightPropagationVolumeRuntime.dll (API version 3709383).
LogModuleManager: Display: Found up-to-date module file ../../../Engine/Plugins/Blendables/LightPropagationVolume/Binaries/Win64/UE4Editor-LightPropagationVolumeEditor.dll (API version 3709383).
LogModuleManager: Display: Found up-to-date module file ../../../Engine/Plugins/Developer/GitSourceControl/Binaries/Win64/UE4Editor-GitSourceControl.dll (API version 3709383).
LogModuleManager: Display: Found up-to-date module file ../../../Engine/Plugins/Developer/PerforceSourceControl/Binaries/Win64/UE4Editor-PerforceSourceControl.dll (API version 3709383).
LogModuleManager: Display: Found up-to-date module file ../../../Engine/Plugins/Developer/SubversionSourceControl/Binaries/Win64/UE4Editor-SubversionSourceControl.dll (API version 3709383).
LogModuleManager: Display: Found up-to-date module file ../../../Engine/Plugins/Developer/UObjectPlugin/Binaries/Win64/UE4Editor-UObjectPlugin.dll (API version 3709383).
LogModuleManager: Display: Found up-to-date module file ../../../Engine/Plugins/Developer/VisualStudioCodeSourceCodeAccess/Binaries/Win64/UE4Editor-VisualStudioCodeSourceCodeAccess.dll (API version 3709383).
LogModuleManager: Display: Found up-to-date module file ../../../Engine/Plugins/Developer/VisualStudioSourceCodeAccess/Binaries/Win64/UE4Editor-VisualStudioSourceCodeAccess.dll (API version 3709383).
LogModuleManager: Display: Found up-to-date module file ../../../Engine/Plugins/Editor/AssetManagerEditor/Binaries/Win64/UE4Editor-AssetManagerEditor.dll (API version 3709383).
LogModuleManager: Display: Found up-to-date module file ../../../Engine/Plugins/Editor/AudioCapture/Binaries/Win64/UE4Editor-AudioCapture.dll (API version 3709383).
LogModuleManager: Display: Found up-to-date module file ../../../Engine/Plugins/Editor/FacialAnimation/Binaries/Win64/UE4Editor-FacialAnimation.dll (API version 3709383).
LogModuleManager: Display: Found up-to-date module file ../../../Engine/Plugins/Editor/FacialAnimation/Binaries/Win64/UE4Editor-FacialAnimationEditor.dll (API version 3709383).
LogModuleManager: Display: Found up-to-date module file ../../../Engine/Plugins/Editor/GameplayTagsEditor/Binaries/Win64/UE4Editor-GameplayTagsEditor.dll (API version 3709383).
LogModuleManager: Display: Found up-to-date module file ../../../Engine/Plugins/Editor/MobileLauncherProfileWizard/Binaries/Win64/UE4Editor-MobileLauncherProfileWizard.dll (API version 3709383).
LogModuleManager: Display: Found up-to-date module file ../../../Engine/Plugins/Editor/PluginBrowser/Binaries/Win64/UE4Editor-PluginBrowser.dll (API version 3709383).
LogModuleManager: Display: Found up-to-date module file ../../../Engine/Plugins/Editor/SpeedTreeImporter/Binaries/Win64/UE4Editor-SpeedTreeImporter.dll (API version 3709383).
LogModuleManager: Display: Found up-to-date module file ../../../Engine/Plugins/Experimental/AlembicImporter/Binaries/Win64/UE4Editor-AlembicImporter.dll (API version 3709383).
LogModuleManager: Display: Found up-to-date module file ../../../Engine/Plugins/Experimental/AlembicImporter/Binaries/Win64/UE4Editor-AlembicLibrary.dll (API version 3709383).
LogModuleManager: Display: Found up-to-date module file ../../../Engine/Plugins/Experimental/CharacterAI/Binaries/Win64/UE4Editor-CharacterAI.dll (API version 3709383).
LogModuleManager: Display: Found up-to-date module file ../../../Engine/Plugins/Experimental/HTML5Networking/Binaries/Win64/UE4Editor-HTML5Networking.dll (API version 3709383).
LogModuleManager: Display: Found up-to-date module file ../../../Engine/Plugins/Marketplace/SimpleUDPTCPSocketClient/Binaries/Win64/UE4Editor-SocketClient.dll (API version 3709383).
LogModuleManager: Display: Found up-to-date module file ../../../Engine/Plugins/Media/AndroidMedia/Binaries/Win64/UE4Editor-AndroidMediaEditor.dll (API version 3709383).
LogModuleManager: Display: Found up-to-date module file ../../../Engine/Plugins/Media/AndroidMedia/Binaries/Win64/UE4Editor-AndroidMediaFactory.dll (API version 3709383).
LogModuleManager: Display: Found up-to-date module file ../../../Engine/Plugins/Media/AvfMedia/Binaries/Win64/UE4Editor-AvfMediaEditor.dll (API version 3709383).
LogModuleManager: Display: Found up-to-date module file ../../../Engine/Plugins/Media/AvfMedia/Binaries/Win64/UE4Editor-AvfMediaFactory.dll (API version 3709383).
LogModuleManager: Display: Found up-to-date module file ../../../Engine/Plugins/Media/AvfMedia/Binaries/Win64/UE4Editor-AvfMediaFactory.dll (API version 3709383).
LogModuleManager: Display: Found up-to-date module file ../../../Engine/Plugins/Media/ImgMedia/Binaries/Win64/UE4Editor-ImgMedia.dll (API version 3709383).
LogModuleManager: Display: Found up-to-date module file ../../../Engine/Plugins/Media/ImgMedia/Binaries/Win64/UE4Editor-ImgMediaEditor.dll (API version 3709383).
LogModuleManager: Display: Found up-to-date module file ../../../Engine/Plugins/Media/ImgMedia/Binaries/Win64/UE4Editor-ImgMediaFactory.dll (API version 3709383).
LogModuleManager: Display: Found up-to-date module file ../../../Engine/Plugins/Media/ImgMedia/Binaries/Win64/UE4Editor-ImgMediaFactory.dll (API version 3709383).
LogModuleManager: Display: Found up-to-date module file ../../../Engine/Plugins/Media/ImgMedia/Binaries/Win64/UE4Editor-OpenExrWrapper.dll (API version 3709383).
LogModuleManager: Display: Found up-to-date module file ../../../Engine/Plugins/Media/MediaCompositing/Binaries/Win64/UE4Editor-MediaCompositing.dll (API version 3709383).
LogModuleManager: Display: Found up-to-date module file ../../../Engine/Plugins/Media/MediaCompositing/Binaries/Win64/UE4Editor-MediaCompositingEditor.dll (API version 3709383).
LogModuleManager: Display: Found up-to-date module file ../../../Engine/Plugins/Media/MediaPlayerEditor/Binaries/Win64/UE4Editor-MediaPlayerEditor.dll (API version 3709383).
LogModuleManager: Display: Found up-to-date module file ../../../Engine/Plugins/Media/WmfMedia/Binaries/Win64/UE4Editor-WmfMedia.dll (API version 3709383).
LogModuleManager: Display: Found up-to-date module file ../../../Engine/Plugins/Media/WmfMedia/Binaries/Win64/UE4Editor-WmfMediaEditor.dll (API version 3709383).
LogModuleManager: Display: Found up-to-date module file ../../../Engine/Plugins/Media/WmfMedia/Binaries/Win64/UE4Editor-WmfMediaFactory.dll (API version 3709383).
LogModuleManager: Display: Found up-to-date module file ../../../Engine/Plugins/Media/WmfMedia/Binaries/Win64/UE4Editor-WmfMediaFactory.dll (API version 3709383).
LogModuleManager: Display: Found up-to-date module file ../../../Engine/Plugins/Messaging/TcpMessaging/Binaries/Win64/UE4Editor-TcpMessaging.dll (API version 3709383).
LogModuleManager: Display: Found up-to-date module file ../../../Engine/Plugins/Messaging/UdpMessaging/Binaries/Win64/UE4Editor-UdpMessaging.dll (API version 3709383).
LogModuleManager: Display: Found up-to-date module file ../../../Engine/Plugins/MovieScene/ActorSequence/Binaries/Win64/UE4Editor-ActorSequence.dll (API version 3709383).
LogModuleManager: Display: Found up-to-date module file ../../../Engine/Plugins/MovieScene/LevelSequenceEditor/Binaries/Win64/UE4Editor-LevelSequenceEditor.dll (API version 3709383).
LogModuleManager: Display: Found up-to-date module file ../../../Engine/Plugins/MovieScene/MatineeToLevelSequence/Binaries/Win64/UE4Editor-MatineeToLevelSequence.dll (API version 3709383).
LogModuleManager: Display: Found up-to-date module file ../../../Engine/Plugins/Online/OnlineSubsystem/Binaries/Win64/UE4Editor-OnlineSubsystem.dll (API version 3709383).
LogModuleManager: Display: Found up-to-date module file ../../../Engine/Plugins/Online/OnlineSubsystemNull/Binaries/Win64/UE4Editor-OnlineSubsystemNull.dll (API version 3709383).
LogModuleManager: Display: Found up-to-date module file ../../../Engine/Plugins/Online/OnlineSubsystemUtils/Binaries/Win64/UE4Editor-OnlineSubsystemUtils.dll (API version 3709383).
LogModuleManager: Display: Found up-to-date module file ../../../Engine/Plugins/Online/OnlineSubsystemUtils/Binaries/Win64/UE4Editor-OnlineBlueprintSupport.dll (API version 3709383).
LogModuleManager: Display: Found up-to-date module file ../../../Engine/Plugins/Runtime/AndroidDeviceProfileSelector/Binaries/Win64/UE4Editor-AndroidDeviceProfileSelector.dll (API version 3709383).
LogModuleManager: Display: Found up-to-date module file ../../../Engine/Plugins/Runtime/AndroidPermission/Binaries/Win64/UE4Editor-AndroidPermission.dll (API version 3709383).
LogModuleManager: Display: Found up-to-date module file ../../../Engine/Plugins/Runtime/AppleARKit/Binaries/Win64/UE4Editor-AppleARKit.dll (API version 3709383).
LogModuleManager: Display: Found up-to-date module file ../../../Engine/Plugins/Runtime/ArchVisCharacter/Binaries/Win64/UE4Editor-ArchVisCharacter.dll (API version 3709383).
LogModuleManager: Display: Found up-to-date module file ../../../Engine/Plugins/Runtime/CableComponent/Binaries/Win64/UE4Editor-CableComponent.dll (API version 3709383).
LogModuleManager: Display: Found up-to-date module file ../../../Engine/Plugins/Runtime/CustomMeshComponent/Binaries/Win64/UE4Editor-CustomMeshComponent.dll (API version 3709383).
LogModuleManager: Display: Found up-to-date module file ../../../Engine/Plugins/Runtime/ExampleDeviceProfileSelector/Binaries/Win64/UE4Editor-ExampleDeviceProfileSelector.dll (API version 3709383).
LogModuleManager: Display: Found up-to-date module file ../../../Engine/Plugins/Runtime/ImmediatePhysics/Binaries/Win64/UE4Editor-ImmediatePhysics.dll (API version 3709383).
LogModuleManager: Display: Found up-to-date module file ../../../Engine/Plugins/Runtime/ImmediatePhysics/Binaries/Win64/UE4Editor-ImmediatePhysicsEditor.dll (API version 3709383).
LogModuleManager: Display: Found up-to-date module file ../../../Engine/Plugins/Runtime/LocationServicesBPLibrary/Binaries/Win64/UE4Editor-LocationServicesBPLibrary.dll (API version 3709383).
LogModuleManager: Display: Found up-to-date module file ../../../Engine/Plugins/Runtime/MobilePatchingUtils/Binaries/Win64/UE4Editor-MobilePatchingUtils.dll (API version 3709383).
LogModuleManager: Display: Found up-to-date module file ../../../Engine/Plugins/Runtime/Oculus/OculusVR/Binaries/Win64/UE4Editor-OculusHMD.dll (API version 3709383).
LogModuleManager: Display: Found up-to-date module file ../../../Engine/Plugins/Runtime/Oculus/OculusVR/Binaries/Win64/UE4Editor-OculusInput.dll (API version 3709383).
LogModuleManager: Display: Found up-to-date module file ../../../Engine/Plugins/Runtime/Oculus/OculusVR/Binaries/Win64/UE4Editor-OculusEditor.dll (API version 3709383).
LogModuleManager: Display: Found up-to-date module file ../../../Engine/Plugins/Runtime/PhysXVehicles/Binaries/Win64/UE4Editor-PhysXVehicles.dll (API version 3709383).
LogModuleManager: Display: Found up-to-date module file ../../../Engine/Plugins/Runtime/PhysXVehicles/Binaries/Win64/UE4Editor-PhysXVehiclesEditor.dll (API version 3709383).
LogModuleManager: Display: Found up-to-date module file ../../../Engine/Plugins/Runtime/ProceduralMeshComponent/Binaries/Win64/UE4Editor-ProceduralMeshComponent.dll (API version 3709383).
LogModuleManager: Display: Found up-to-date module file ../../../Engine/Plugins/Runtime/ProceduralMeshComponent/Binaries/Win64/UE4Editor-ProceduralMeshComponentEditor.dll (API version 3709383).
LogModuleManager: Display: Found up-to-date module file ../../../Engine/Plugins/Runtime/RuntimePhysXCooking/Binaries/Win64/UE4Editor-RuntimePhysXCooking.dll (API version 3709383).
LogModuleManager: Display: Found up-to-date module file ../../../Engine/Plugins/Runtime/Steam/SteamVR/Binaries/Win64/UE4Editor-SteamVR.dll (API version 3709383).
LogModuleManager: Display: Found up-to-date module file ../../../Engine/Plugins/Runtime/Steam/SteamVR/Binaries/Win64/UE4Editor-SteamVRController.dll (API version 3709383).
LogModuleManager: Display: Found up-to-date module file ../../../Engine/Plugins/Runtime/WindowsMoviePlayer/Binaries/Win64/UE4Editor-WindowsMoviePlayer.dll (API version 3709383).
LogInit: Using libcurl 7.47.1
LogInit:  - built for x86_64-pc-win32
LogInit:  - supports SSL with OpenSSL/1.0.2g
LogInit:  - supports HTTP deflate (compression) using libz 1.2.8
LogInit:  - other features:
LogInit:      CURL_VERSION_SSL
LogInit:      CURL_VERSION_LIBZ
LogInit:      CURL_VERSION_IPV6
LogInit:      CURL_VERSION_ASYNCHDNS
LogInit:      CURL_VERSION_LARGEFILE
LogInit:      CURL_VERSION_IDN
LogInit:  CurlRequestOptions (configurable via config and command line):
LogInit:  - bVerifyPeer = false  - Libcurl will NOT verify peer certificate
LogInit:  - bUseHttpProxy = false  - Libcurl will NOT use HTTP proxy
LogInit:  - bDontReuseConnections = false  - Libcurl will reuse connections
LogInit:  - CertBundlePath = nullptr  - Libcurl will use whatever was configured at build time.
LogInit: Build: ++UE4+Release-4.18-CL-3832480
LogInit: Engine Version: 4.18.3-3832480+++UE4+Release-4.18
LogInit: Compatible Engine Version: 4.18.0-3709383+++UE4+Release-4.18
LogInit: Net CL: 3709383
LogDevObjectVersion: Number of dev versions registered: 16
LogDevObjectVersion:   Dev-Blueprints (B0D832E4-1F89-4F0D-ACCF-7EB736FD4AA2): 10
LogDevObjectVersion:   Dev-Build (E1C64328-A22C-4D53-A36C-8E866417BD8C): 0
LogDevObjectVersion:   Dev-Core (375EC13C-06E4-48FB-B500-84F0262A717E): 2
LogDevObjectVersion:   Dev-Editor (E4B068ED-F494-42E9-A231-DA0B2E46BB41): 20
LogDevObjectVersion:   Dev-Framework (CFFC743F-43B0-4480-9391-14DF171D2073): 30
LogDevObjectVersion:   Dev-Mobile (B02B49B5-BB20-44E9-A304-32B752E40360): 0
LogDevObjectVersion:   Dev-Networking (A4E4105C-59A1-49B5-A7C5-40C4547EDFEE): 0
LogDevObjectVersion:   Dev-Online (39C831C9-5AE6-47DC-9A44-9C173E1C8E7C): 0
LogDevObjectVersion:   Dev-Physics (78F01B33-EBEA-4F98-B9B4-84EACCB95AA2): 0
LogDevObjectVersion:   Dev-Platform (6631380F-2D4D-43E0-8009-CF276956A95A): 0
LogDevObjectVersion:   Dev-Rendering (12F88B9F-8875-4AFC-A67C-D90C383ABD29): 20
LogDevObjectVersion:   Dev-Sequencer (7B5AE74C-D270-4C10-A958-57980B212A5A): 4
LogDevObjectVersion:   Dev-VR (D7296918-1DD6-4BDD-9DE2-64A83CC13884): 0
LogDevObjectVersion:   Dev-LoadTimes (C2A15278-BFE7-4AFE-6C17-90FF531DF755): 1
LogDevObjectVersion:   Private-Geometry (6EACA3D4-40EC-4CC1-B786-8BED09428FC5): 1
LogDevObjectVersion:   Dev-AnimPhys (29E575DD-E0A3-4627-9D10-D276232CDCEA): 12
LogInit: Compiled (64-bit): Jan 12 2018 02:04:55
LogInit: Compiled with Visual C++: 19.00.24215.01
LogInit: Build Configuration: Development
LogInit: Branch Name: ++UE4+Release-4.18
LogInit: Command line:  
LogInit: Base directory: D:/EpicGames/UE_4.18/Engine/Binaries/Win64/
LogInit: Installed Engine Build: 1
LogInit: Presizing for max 8388607 objects, including 0 objects not considered by GC, pre-allocating 0 bytes for permanent pool.
LogInit: Object subsystem initialized
[2018.03.04-06.16.22:512][  0]LogInit: Selected Device Profile: [Windows]
[2018.03.04-06.16.22:512][  0]LogInit: Applying CVar settings loaded from the selected device profile: [Windows]
[2018.03.04-06.16.22:560][  0]LogInit: Computer: GLADOS
[2018.03.04-06.16.22:560][  0]LogInit: User: Victo
[2018.03.04-06.16.22:560][  0]LogInit: CPU Page size=4096, Cores=4
[2018.03.04-06.16.22:560][  0]LogInit: High frequency timer resolution =3.417994 MHz
[2018.03.04-06.16.22:560][  0]LogMemory: Memory total: Physical=15.9GB (16GB approx)
[2018.03.04-06.16.22:560][  0]LogMemory: Platform Memory Stats for Windows
[2018.03.04-06.16.22:560][  0]LogMemory: Process Physical Memory: 271.62 MB used, 271.62 MB peak
[2018.03.04-06.16.22:560][  0]LogMemory: Process Virtual Memory: 269.79 MB used, 269.79 MB peak
[2018.03.04-06.16.22:560][  0]LogMemory: Physical Memory: 7461.64 MB used,  8807.92 MB free, 16269.56 MB total
[2018.03.04-06.16.22:560][  0]LogMemory: Virtual Memory: 680.11 MB used,  8807.92 MB free, 134217728.00 MB total
[2018.03.04-06.16.23:205][  0]LogInit: Using OS detected language (en-US).
[2018.03.04-06.16.23:205][  0]LogInit: Using OS detected locale (en-US).
[2018.03.04-06.16.23:426][  0]LogTextLocalizationManager: No specific localization for 'en-US' exists, so the 'en' localization will be used.
[2018.03.04-06.16.24:584][  0]LogInit: Setting process to per monitor DPI aware
[2018.03.04-06.16.27:488][  0]LogD3D11RHI: D3D11 adapters:
[2018.03.04-06.16.27:550][  0]LogD3D11RHI:    0. 'NVIDIA GeForce GTX 1080' (Feature Level 11_0)
[2018.03.04-06.16.27:550][  0]LogD3D11RHI:       8086/0/8134 MB DedicatedVideo/DedicatedSystem/SharedSystem, Outputs:2, VendorId:0x10de
[2018.03.04-06.16.27:553][  0]LogD3D11RHI:    1. 'Intel(R) HD Graphics 4000' (Feature Level 11_0)
[2018.03.04-06.16.27:553][  0]LogD3D11RHI:       32/0/1760 MB DedicatedVideo/DedicatedSystem/SharedSystem, Outputs:0, VendorId:0x8086
[2018.03.04-06.16.27:555][  0]LogD3D11RHI:    2. 'Microsoft Basic Render Driver' (Feature Level 11_0)
[2018.03.04-06.16.27:555][  0]LogD3D11RHI:       0/0/8134 MB DedicatedVideo/DedicatedSystem/SharedSystem, Outputs:0, VendorId:0x1414
[2018.03.04-06.16.27:555][  0]LogD3D11RHI: Chosen D3D11 Adapter: 0
[2018.03.04-06.16.27:563][  0]LogD3D11RHI: Creating new Direct3DDevice
[2018.03.04-06.16.27:563][  0]LogD3D11RHI:     GPU DeviceId: 0x1b80 (for the marketing name, search the web for "GPU Device Id")
[2018.03.04-06.16.27:563][  0]LogWindows: EnumDisplayDevices:
[2018.03.04-06.16.27:563][  0]LogWindows:    0. 'NVIDIA GeForce GTX 1080' (P:1 D:1)
[2018.03.04-06.16.27:563][  0]LogWindows:    1. 'NVIDIA GeForce GTX 1080' (P:0 D:1)
[2018.03.04-06.16.27:563][  0]LogWindows:    2. 'NVIDIA GeForce GTX 1080' (P:0 D:0)
[2018.03.04-06.16.27:563][  0]LogWindows:    3. 'NVIDIA GeForce GTX 1080' (P:0 D:0)
[2018.03.04-06.16.27:564][  0]LogWindows:    4. 'Intel(R) HD Graphics 4000' (P:0 D:0)
[2018.03.04-06.16.27:564][  0]LogWindows:    5. 'Intel(R) HD Graphics 4000' (P:0 D:0)
[2018.03.04-06.16.27:564][  0]LogWindows:    6. 'Intel(R) HD Graphics 4000' (P:0 D:0)
[2018.03.04-06.16.27:564][  0]LogWindows: DebugString: GetVideoDriverDetailsInvalid PrimaryIsNotTheChoosenAdapter GetVideoDriverDetailsInvalid PrimaryIsNotTheChoosenAdapter GetVideoDriverDetailsInvalid PrimaryIsNotTheChoosenAdapter GetVideoDriverDetailsInvalid PrimaryIsNotTheChoosenAdapter GetVideoDriverDetailsInvalid PrimaryIsNotTheChoosenAdapter GetVideoDriverDetailsInvalid PrimaryIsNotTheChoosenAdapter GetVideoDriverDetailsInvalid PrimaryIsNotTheChoosenAdapter FoundDriverCount:0 
[2018.03.04-06.16.27:564][  0]LogD3D11RHI:     Adapter Name: NVIDIA GeForce GTX 1080
[2018.03.04-06.16.27:564][  0]LogD3D11RHI:   Driver Version: Unknown (internal:Unknown, unified:Unknown)
[2018.03.04-06.16.27:564][  0]LogD3D11RHI:      Driver Date: Unknown
[2018.03.04-06.16.27:564][  0]LogRHI: Texture pool is 5660 MB (70% of 8086 MB)
[2018.03.04-06.16.27:600][  0]LogD3D11RHI: Async texture creation enabled
[2018.03.04-06.16.27:690][  0]LogD3D11RHI: GPU Timing Frequency: 1000.000000 (Debug: 2 1)
[2018.03.04-06.16.27:693][  0]LogShaderCompilers: Guid format shader working directory is -15 characters bigger than the processId version (E:/Programs/FRC/Projects/VictoryDashboard/VictoryDashboardUE/Intermediate/Shaders/WorkingDirectory/21340/).
[2018.03.04-06.16.27:693][  0]LogShaderCompilers: Cleaned the shader compiler working directory 'C:/Users/Victo/AppData/Local/Temp/UnrealShaderWorkingDir/2401A20D4716D39E902E479C89C37F88/'.
[2018.03.04-06.16.27:693][  0]LogShaderCompilers: Display: Using Local Shader Compiler.
[2018.03.04-06.16.31:770][  0]LogTemp: Display: Loaded TP AllDesktopTargetPlatform
[2018.03.04-06.16.31:826][  0]LogTemp: Display: Loaded TP MacClientTargetPlatform
[2018.03.04-06.16.31:874][  0]LogTemp: Display: Loaded TP MacNoEditorTargetPlatform
[2018.03.04-06.16.31:919][  0]LogTemp: Display: Loaded TP MacServerTargetPlatform
[2018.03.04-06.16.31:991][  0]LogTemp: Display: Loaded TP MacTargetPlatform
[2018.03.04-06.16.32:038][  0]LogTemp: Display: Loaded TP WindowsClientTargetPlatform
[2018.03.04-06.16.32:084][  0]LogTemp: Display: Loaded TP WindowsNoEditorTargetPlatform
[2018.03.04-06.16.32:133][  0]LogTemp: Display: Loaded TP WindowsServerTargetPlatform
[2018.03.04-06.16.32:173][  0]LogTemp: Display: Loaded TP WindowsTargetPlatform
[2018.03.04-06.16.32:216][  0]LogTemp: Display: Loaded TP Android_ASTCTargetPlatform
[2018.03.04-06.16.32:263][  0]LogTemp: Display: Loaded TP Android_ATCTargetPlatform
[2018.03.04-06.16.32:307][  0]LogTemp: Display: Loaded TP Android_DXTTargetPlatform
[2018.03.04-06.16.32:350][  0]LogTemp: Display: Loaded TP Android_ETC1TargetPlatform
[2018.03.04-06.16.32:395][  0]LogTemp: Display: Loaded TP Android_ETC2TargetPlatform
[2018.03.04-06.16.32:486][  0]LogTemp: Display: Loaded TP Android_MultiTargetPlatform
[2018.03.04-06.16.32:486][  0]LogTemp: Display: Loaded TP Android_PVRTCTargetPlatform
[2018.03.04-06.16.32:556][  0]LogTemp: Display: Loaded TP AndroidTargetPlatform
[2018.03.04-06.16.32:589][  0]LogTemp: Display: Loaded TP HTML5TargetPlatform
[2018.03.04-06.16.32:726][  0]LogTemp: Display: Loaded TP IOSTargetPlatform
[2018.03.04-06.16.32:753][  0]LogTemp: Display: Loaded TP TVOSTargetPlatform
[2018.03.04-06.16.32:801][  0]LogTemp: Display: Loaded TP LinuxClientTargetPlatform
[2018.03.04-06.16.32:847][  0]LogTemp: Display: Loaded TP LinuxNoEditorTargetPlatform
[2018.03.04-06.16.32:894][  0]LogTemp: Display: Loaded TP LinuxServerTargetPlatform
[2018.03.04-06.16.32:954][  0]LogTemp: Display: Loaded TP LinuxTargetPlatform
[2018.03.04-06.16.32:954][  0]LogTargetPlatformManager: Display: Building Assets For Windows
[2018.03.04-06.16.34:049][  0]LogDerivedDataCache: Display: Max Cache Size: 512 MB
[2018.03.04-06.16.34:392][  0]LogDerivedDataCache: Loaded boot cache 0.34s 78MB C:/Users/Victo/AppData/Local/UnrealEngine/4.18/DerivedDataCache/Boot.ddc.
[2018.03.04-06.16.34:392][  0]LogDerivedDataCache: Display: Loaded Boot cache: C:/Users/Victo/AppData/Local/UnrealEngine/4.18/DerivedDataCache/Boot.ddc
[2018.03.04-06.16.34:392][  0]LogDerivedDataCache: FDerivedDataBackendGraph:  Pak pak cache file E:/Programs/FRC/Projects/VictoryDashboard/VictoryDashboardUE/DerivedDataCache/DDC.ddp not found, will not use a pak cache.
[2018.03.04-06.16.34:392][  0]LogDerivedDataCache: Unable to find inner node Pak for hierarchical cache Hierarchy.
[2018.03.04-06.16.34:392][  0]LogDerivedDataCache: FDerivedDataBackendGraph:  CompressedPak pak cache file E:/Programs/FRC/Projects/VictoryDashboard/VictoryDashboardUE/DerivedDataCache/Compressed.ddp not found, will not use a pak cache.
[2018.03.04-06.16.34:392][  0]LogDerivedDataCache: Unable to find inner node CompressedPak for hierarchical cache Hierarchy.
[2018.03.04-06.16.34:430][  0]LogDerivedDataCache: Display: Pak cache opened for reading ../../../Engine/DerivedDataCache/Compressed.ddp.
[2018.03.04-06.16.34:442][  0]LogDerivedDataCache: Using Local data cache path C:/Users/Victo/AppData/Local/UnrealEngine/Common/DerivedDataCache: Writable
[2018.03.04-06.16.34:453][  0]LogMaterial: Verifying Global Shaders for PCD3D_SM5
[2018.03.04-06.16.34:454][  0]LogSlate: Using Freetype 2.6.0
[2018.03.04-06.16.34:495][  0]LogSlate: SlateFontCache - WITH_FREETYPE: 1, WITH_HARFBUZZ: 1
[2018.03.04-06.16.34:495][  0]LogSlate: SlateFontCache - WITH_FREETYPE: 1, WITH_HARFBUZZ: 1
[2018.03.04-06.16.39:537][  0]LogInit: Selected Device Profile: [Windows]
[2018.03.04-06.16.40:153][  0]LogSimplygon: Simplygon DLL not present - disabling.
[2018.03.04-06.16.40:198][  0]LogMeshReduction: Using SimplygonSwarm for distributed automatic mesh merging
[2018.03.04-06.16.40:198][  0]LogMeshReduction: Using QuadricMeshReduction for automatic static mesh reduction
[2018.03.04-06.16.40:198][  0]LogMeshReduction: No automatic skeletal mesh reduction module available
[2018.03.04-06.16.40:198][  0]LogMeshReduction: No automatic mesh merging module available
[2018.03.04-06.16.40:198][  0]LogMeshMerging: No automatic mesh merging module available
[2018.03.04-06.16.40:334][  0]LogNetVersion: VictoryDashboardUE , NetCL: 3709383, EngineNetVer: 2, GameNetVer: 0 (Checksum: 3474883338)
[2018.03.04-06.16.40:710][  0]LogAssetRegistry: FAssetRegistry took 0.0266 seconds to start up
[2018.03.04-06.16.41:803][  0]LogPackageLocalizationCache: Processed 7 localized package path(s) for 2 prioritized culture(s) in 0.068537 seconds
[2018.03.04-06.16.41:809][  0]LogUObjectArray: 35870 objects as part of root set at end of initial load.
[2018.03.04-06.16.41:809][  0]LogUObjectAllocator: 7363696 out of 0 bytes used by permanent object pool.
[2018.03.04-06.16.41:809][  0]LogUObjectArray: CloseDisregardForGC: 0/0 objects in disregard for GC pool
[2018.03.04-06.16.41:854][  0]LogInit: WinSock: version 1.1 (2.2), MaxSocks=32767, MaxUdp=65467
[2018.03.04-06.16.52:074][  0]LogTcpMessaging: Initializing TcpMessaging bridge
[2018.03.04-06.16.52:114][  0]LogUdpMessaging: Initializing bridge on interface 0.0.0.0:0 to multicast group 230.0.0.1:6666.
[2018.03.04-06.16.52:917][  0]LogMaterial: Uniform references updated for custom material expression Custom.
[2018.03.04-06.16.53:393][  0]SourceControl: Source control is disabled
[2018.03.04-06.16.53:393][  0]SourceControl: Source control is disabled
[2018.03.04-06.16.53:445][  0]SourceControl: Source control is disabled
[2018.03.04-06.16.53:494][  0]SourceControl: Source control is disabled
[2018.03.04-06.16.54:349][  0]LogAndroidPermission: UAndroidPermissionCallbackProxy::GetInstance
[2018.03.04-06.16.54:601][  0]LogOcInput: OculusInput pre-init called
[2018.03.04-06.16.54:889][  0]LogEngine: Initializing Engine...
[2018.03.04-06.16.54:979][  0]LogHMD: Failed to initialize OpenVR with code 126
[2018.03.04-06.16.55:457][  0]LogStats: UGameplayTagsManager::ConstructGameplayTagTree: Construct from data asset -  0.000 s
[2018.03.04-06.16.55:457][  0]LogStats: UGameplayTagsManager::ConstructGameplayTagTree: GameplayTagTreeChangedEvent.Broadcast -  0.000 s
[2018.03.04-06.16.55:577][  0]LogAIModule: Creating AISystem for world Untitled
[2018.03.04-06.16.55:592][  0]LogInit: XAudio2 using 'Speakers (Logitech G933 Gaming Headset)' : 6 channels at 48 kHz using 16 bits per sample (channel mask 0x3f)
[2018.03.04-06.16.55:618][  0]LogInit: FAudioDevice initialized.
[2018.03.04-06.16.55:712][  0]LogDerivedDataCache: Saved boot cache 0.09s 78MB C:/Users/Victo/AppData/Local/UnrealEngine/4.18/DerivedDataCache/Boot.ddc.
[2018.03.04-06.16.55:729][  0]LogInit: Texture streaming: Enabled
[2018.03.04-06.16.55:821][  0]LogEngineSessionManager: EngineSessionManager initialized
[2018.03.04-06.16.55:941][  0]LogInit: Transaction tracking system initialized
[2018.03.04-06.16.56:239][  0]BlueprintLog: New page: Editor Load
[2018.03.04-06.16.57:012][  0]LocalizationService: Localization service is disabled
[2018.03.04-06.16.57:749][  0]LogConsoleResponse: Display: 
[2018.03.04-06.16.58:716][  0]LogCook: Display: Max memory allowance for cook 16384mb min free memory 0mb
[2018.03.04-06.16.58:716][  0]LogCook: Display: Mobile HDR setting 1
[2018.03.04-06.16.58:716][  0]LogGameplayTags: Display: UGameplayTagsManager::DoneAddingNativeTags. DelegateIsBound: 0
[2018.03.04-06.16.59:690][  0]LogFileCache: Scanning file cache for directory 'E:/Programs/FRC/Projects/VictoryDashboard/VictoryDashboardUE/Content/' took 0.02s
[2018.03.04-06.17.00:829][  0]SourceControl: Source control is disabled
[2018.03.04-06.17.00:829][  0]Cmd: MAP LOAD FILE="../../../Engine/Content/Maps/Templates/Template_Default.umap" TEMPLATE=1 SHOWPROGRESS=1 FEATURELEVEL=3
[2018.03.04-06.17.00:833][  0]LightingResults: New page: Lighting Build
[2018.03.04-06.17.00:874][  0]MapCheck: New page: Map Check
[2018.03.04-06.17.00:874][  0]LightingResults: New page: Lighting Build
[2018.03.04-06.17.01:496][  0]LogAIModule: Creating AISystem for world Untitled_1
[2018.03.04-06.17.01:506][  0]LogEditorServer: Finished looking for orphan Actors (0.000 secs)
[2018.03.04-06.17.01:516][  0]Cmd: MAP CHECKDEP NOCLEARLOG
[2018.03.04-06.17.01:557][  0]MapCheck: Map check complete: 0 Error(s), 0 Warning(s), took 41.493ms to complete.
[2018.03.04-06.17.01:557][  0]LogFileHelpers: Loading map 'Template_Default' took 0.729
[2018.03.04-06.17.01:896][  0]LogCollectionManager: Loaded 0 collections in 0.002196 seconds
[2018.03.04-06.17.01:975][  0]LogFileCache: Scanning file cache for directory 'E:/Programs/FRC/Projects/VictoryDashboard/VictoryDashboardUE/Saved/Collections/' took 0.01s
[2018.03.04-06.17.01:975][  0]LogFileCache: Scanning file cache for directory 'E:/Programs/FRC/Projects/VictoryDashboard/VictoryDashboardUE/Content/Developers/Victo/Collections/' took 0.01s
[2018.03.04-06.17.01:975][  0]LogFileCache: Scanning file cache for directory 'E:/Programs/FRC/Projects/VictoryDashboard/VictoryDashboardUE/Content/Collections/' took 0.01s
[2018.03.04-06.17.01:975][  0]LogCollectionManager: Rebuilt the GUID cache for 0 collections in 0.000001 seconds
[2018.03.04-06.17.01:986][  0]LogContentBrowser: Native class hierarchy populated in 0.0107 seconds. Added 2365 classes and 522 folders.
[2018.03.04-06.17.02:043][  0]LogContentBrowser: Native class hierarchy updated for 'WidgetCarousel' in 0.0005 seconds. Added 0 classes and 0 folders.
[2018.03.04-06.17.05:326][  0]LogContentBrowser: Native class hierarchy updated for 'AddContentDialog' in 0.0006 seconds. Added 0 classes and 0 folders.
[2018.03.04-06.17.05:379][  0]LogContentBrowser: Native class hierarchy updated for 'SceneOutliner' in 0.0010 seconds. Added 1 classes and 2 folders.
[2018.03.04-06.17.05:481][  0]LogSlate: Took 0.004738 seconds to synchronously load lazily loaded font '../../../Engine/Content/Slate/Fonts/Roboto-Regular.ttf' (155K)
[2018.03.04-06.17.05:506][  0]LogSlate: Took 0.021649 seconds to synchronously load lazily loaded font '../../../Engine/Content/Slate/Fonts/Roboto-Bold.ttf' (160K)
[2018.03.04-06.17.05:527][  0]LogSlate: Took 0.015696 seconds to synchronously load lazily loaded font '../../../Engine/Content/Editor/Slate/Fonts/FontAwesome.ttf' (139K)
[2018.03.04-06.17.05:696][  0]LogRenderer: Reallocating scene render targets to support 1136x576 Format 10 NumSamples 1 (Frame:1).
[2018.03.04-06.17.05:888][  0]LogContentBrowser: Native class hierarchy updated for 'HierarchicalLODOutliner' in 0.0007 seconds. Added 1 classes and 2 folders.
[2018.03.04-06.17.05:889][  0]LogLoad: (Engine Initialization) Total time: 67.83 seconds
[2018.03.04-06.17.05:889][  0]LogLoad: (Engine Initialization) Total Blueprint compile time: 0.00 seconds
[2018.03.04-06.17.05:889][  0]LogExternalProfiler: No external profilers were discovered.  External profiling features will not be available.
[2018.03.04-06.17.06:248][  0]LogContentStreaming: Texture pool size now 1000 MB
[2018.03.04-06.17.06:323][  0]LogSlate: Took 0.005032 seconds to synchronously load lazily loaded font '../../../Engine/Content/Slate/Fonts/Roboto-Light.ttf' (159K)
[2018.03.04-06.17.06:568][  1]LogAssetRegistry: Asset discovery search completed in 25.8798 seconds
[2018.03.04-06.17.06:570][  1]LogCollectionManager: Rebuilt the object cache for 0 collections in 0.000000 seconds (found 0 objects)
[2018.03.04-06.17.06:570][  1]LogCollectionManager: Fixed up redirectors for 0 collections in 0.000070 seconds (updated 0 objects)
[2018.03.04-06.17.07:236][  3]LogSlate: Took 0.000201 seconds to synchronously load lazily loaded font '../../../Engine/Content/Slate/Fonts/Roboto-Light.ttf' (159K)
[2018.03.04-06.17.16:892][237]LogSlate: Took 0.000159 seconds to synchronously load lazily loaded font '../../../Engine/Content/Slate/Fonts/Roboto-Light.ttf' (159K)
[2018.03.04-06.17.17:556][237]LogAIModule: Creating AISystem for world Test
[2018.03.04-06.17.17:585][237]Cmd: MAP LOAD FILE="E:/Programs/FRC/Projects/VictoryDashboard/VictoryDashboardUE/Content/Maps/Test.umap" TEMPLATE=0 SHOWPROGRESS=1 FEATURELEVEL=3
[2018.03.04-06.17.17:585][237]LightingResults: New page: Lighting Build
[2018.03.04-06.17.17:586][237]LoadErrors: New page: Loading map: Test.umap
[2018.03.04-06.17.17:586][237]MapCheck: New page: Map Check
[2018.03.04-06.17.17:586][237]LightingResults: New page: Lighting Build
[2018.03.04-06.17.17:661][237]LogEditorServer: Finished looking for orphan Actors (0.000 secs)
[2018.03.04-06.17.17:696][237]Cmd: MAP CHECKDEP NOCLEARLOG
[2018.03.04-06.17.17:747][237]MapCheck: Map check complete: 0 Error(s), 0 Warning(s), took 50.479ms to complete.
[2018.03.04-06.17.17:747][237]LogFileHelpers: Loading map 'Test' took 0.163
[2018.03.04-06.17.19:762][359]LogTemp: Repeating last play command: Selected Viewport
[2018.03.04-06.17.19:806][359]LogBlueprintUserMessages: Early PlayInEditor Detection: Level '/Game/Maps/Test.Test:PersistentLevel' has LevelScriptBlueprint '/Game/Maps/Test.Test:PersistentLevel.Test' with GeneratedClass '/Game/Maps/Test.Test_C' with ClassGeneratedBy '/Game/Maps/Test.Test:PersistentLevel.Test'
[2018.03.04-06.17.19:806][359]LogPlayLevel: PlayLevel: No blueprints needed recompiling
[2018.03.04-06.17.19:807][359]PIE: New page: PIE session: Test (Mar 3, 2018, 2:17:19 PM)
[2018.03.04-06.17.19:807][359]LogPlayLevel: Creating play world package: /Game/Maps/UEDPIE_0_Test
[2018.03.04-06.17.19:811][359]LogPlayLevel: PIE: StaticDuplicateObject took: (0.004272s)
[2018.03.04-06.17.19:812][359]LogAIModule: Creating AISystem for world Test
[2018.03.04-06.17.19:812][359]LogPlayLevel: PIE: World Init took: (0.000614s)
[2018.03.04-06.17.19:812][359]LogPlayLevel: PIE: Created PIE world by copying editor world from /Game/Maps/Test.Test to /Game/Maps/UEDPIE_0_Test.Test (0.005183s)
[2018.03.04-06.17.19:830][359]LogInit: XAudio2 using 'Speakers (Logitech G933 Gaming Headset)' : 6 channels at 48 kHz using 16 bits per sample (channel mask 0x3f)
[2018.03.04-06.17.19:855][359]LogInit: FAudioDevice initialized.
[2018.03.04-06.17.19:899][359]LogLoad: Game class is 'GameModeBase'
[2018.03.04-06.17.19:902][359]LogWorld: Bringing World /Game/Maps/UEDPIE_0_Test.Test up for play (max tick rate 0) at 2018.03.03-22.17.19
[2018.03.04-06.17.19:902][359]LogWorld: Bringing up level for play took: 0.001157
[2018.03.04-06.17.19:942][359]LogContentBrowser: Native class hierarchy updated for 'MovieSceneCapture' in 0.0006 seconds. Added 11 classes and 0 folders.
[2018.03.04-06.17.19:944][359]LogTemp: Warning: Tread:10.0.0.9:9000
[2018.03.04-06.17.19:944][359]PIE: Play in editor start time for /Game/Maps/UEDPIE_0_Test -0.171
[2018.03.04-06.17.19:944][359]LogBlueprintUserMessages: Late PlayInEditor Detection: Level '/Game/Maps/Test.Test:PersistentLevel' has LevelScriptBlueprint '/Game/Maps/Test.Test:PersistentLevel.Test' with GeneratedClass '/Game/Maps/Test.Test_C' with ClassGeneratedBy '/Game/Maps/Test.Test:PersistentLevel.Test'
[2018.03.04-06.17.33:185][924]LogBlueprintUserMessages: Early EndPlayMap Detection: Level '/Game/Maps/Test.Test:PersistentLevel' has LevelScriptBlueprint '/Game/Maps/Test.Test:PersistentLevel.Test' with GeneratedClass '/Game/Maps/Test.Test_C' with ClassGeneratedBy '/Game/Maps/Test.Test:PersistentLevel.Test'
[2018.03.04-06.17.33:229][924]LogBlueprintUserMessages: Late EndPlayMap Detection: Level '/Game/Maps/Test.Test:PersistentLevel' has LevelScriptBlueprint '/Game/Maps/Test.Test:PersistentLevel.Test' with GeneratedClass '/Game/Maps/Test.Test_C' with ClassGeneratedBy '/Game/Maps/Test.Test:PersistentLevel.Test'
[2018.03.04-06.17.44:821][  3]LogTemp: Repeating last play command: Selected Viewport
[2018.03.04-06.17.44:841][  3]LogBlueprintUserMessages: Early PlayInEditor Detection: Level '/Game/Maps/Test.Test:PersistentLevel' has LevelScriptBlueprint '/Game/Maps/Test.Test:PersistentLevel.Test' with GeneratedClass '/Game/Maps/Test.Test_C' with ClassGeneratedBy '/Game/Maps/Test.Test:PersistentLevel.Test'
[2018.03.04-06.17.44:841][  3]LogPlayLevel: PlayLevel: No blueprints needed recompiling
[2018.03.04-06.17.44:841][  3]PIE: New page: PIE session: Test (Mar 3, 2018, 2:17:44 PM)
[2018.03.04-06.17.44:841][  3]LogPlayLevel: Creating play world package: /Game/Maps/UEDPIE_0_Test
[2018.03.04-06.17.44:845][  3]LogPlayLevel: PIE: StaticDuplicateObject took: (0.004203s)
[2018.03.04-06.17.44:846][  3]LogAIModule: Creating AISystem for world Test
[2018.03.04-06.17.44:846][  3]LogPlayLevel: PIE: World Init took: (0.000631s)
[2018.03.04-06.17.44:846][  3]LogPlayLevel: PIE: Created PIE world by copying editor world from /Game/Maps/Test.Test to /Game/Maps/UEDPIE_0_Test.Test (0.005121s)
[2018.03.04-06.17.44:862][  3]LogInit: XAudio2 using 'Speakers (Logitech G933 Gaming Headset)' : 6 channels at 48 kHz using 16 bits per sample (channel mask 0x3f)
[2018.03.04-06.17.44:881][  3]LogInit: FAudioDevice initialized.
[2018.03.04-06.17.44:918][  3]LogLoad: Game class is 'GameModeBase'
[2018.03.04-06.17.44:919][  3]LogWorld: Bringing World /Game/Maps/UEDPIE_0_Test.Test up for play (max tick rate 0) at 2018.03.03-22.17.44
[2018.03.04-06.17.44:919][  3]LogWorld: Bringing up level for play took: 0.001073
[2018.03.04-06.17.44:921][  3]LogTemp: Warning: Tread:10.0.0.9:9000
[2018.03.04-06.17.44:921][  3]PIE: Play in editor start time for /Game/Maps/UEDPIE_0_Test 0.807
[2018.03.04-06.17.44:922][  3]LogBlueprintUserMessages: Late PlayInEditor Detection: Level '/Game/Maps/Test.Test:PersistentLevel' has LevelScriptBlueprint '/Game/Maps/Test.Test:PersistentLevel.Test' with GeneratedClass '/Game/Maps/Test.Test_C' with ClassGeneratedBy '/Game/Maps/Test.Test:PersistentLevel.Test'
[2018.03.04-06.17.47:582][222]LogStreaming: Warning: Failed to open ANSI TEXT file E:/Programs/FRC/Projects/VictoryDashboard/VictoryDashboardUE/Saved/HardwareSurvey/dxdiag.txt
[2018.03.04-06.17.47:621][223]LogSynthBenchmark: Display: FSynthBenchmark (V0.95):  requested WorkScale=5.00
[2018.03.04-06.17.47:621][223]LogSynthBenchmark: Display: ===============
[2018.03.04-06.17.47:621][223]LogSynthBenchmark: Display: Main Processor:
[2018.03.04-06.17.47:815][223]LogSynthBenchmark: Display:          ... 0.019952 s/Run 'RayIntersect'
[2018.03.04-06.17.47:815][223]LogSynthBenchmark: Display:          ... 0.018789 s/Run 'Fractal'
[2018.03.04-06.17.47:815][223]LogSynthBenchmark: Display: 
[2018.03.04-06.17.47:815][223]LogSynthBenchmark: Display:   CompiledTarget_x_Bits: 64
[2018.03.04-06.17.47:815][223]LogSynthBenchmark: Display:   UE_BUILD_SHIPPING: 0
[2018.03.04-06.17.47:815][223]LogSynthBenchmark: Display:   UE_BUILD_TEST: 0
[2018.03.04-06.17.47:815][223]LogSynthBenchmark: Display:   UE_BUILD_DEBUG: 0
[2018.03.04-06.17.47:815][223]LogSynthBenchmark: Display:   TotalPhysicalGBRam: 16
[2018.03.04-06.17.47:815][223]LogSynthBenchmark: Display:   NumberOfCores (physical): 4
[2018.03.04-06.17.47:815][223]LogSynthBenchmark: Display:   NumberOfCores (logical): 8
[2018.03.04-06.17.47:815][223]LogSynthBenchmark: Display:   CPU Perf Index 0: 128.4 (weight 1.00)
[2018.03.04-06.17.47:815][223]LogSynthBenchmark: Display:   CPU Perf Index 1: 152.2 (weight 1.50)
[2018.03.04-06.17.47:815][223]LogSynthBenchmark: Display:  
[2018.03.04-06.17.47:815][223]LogSynthBenchmark: Display: Graphics:
[2018.03.04-06.17.47:815][223]LogSynthBenchmark: Display:   Adapter Name: 'NVIDIA GeForce GTX 1080'
[2018.03.04-06.17.47:815][223]LogSynthBenchmark: Display:   (On Optimus the name might be wrong, memory should be ok)
[2018.03.04-06.17.47:816][223]LogSynthBenchmark: Display:   Vendor Id: 0x10DE
[2018.03.04-06.17.47:816][223]LogSynthBenchmark: Display:   Device Id: 0x1B80
[2018.03.04-06.17.47:816][223]LogSynthBenchmark: Display:   Device Revision: 0xA1
[2018.03.04-06.17.47:816][223]LogSynthBenchmark: Display:   GPU Memory: 8086/0/8135 MB
[2018.03.04-06.17.47:925][223]LogSynthBenchmark: Display:   GPU first test: 0.05s
[2018.03.04-06.17.47:925][223]LogSynthBenchmark: Display:          ... 2.294 s/GigaPix, Confidence=89% 'ALUHeavyNoise' (likely to be very inaccurate)
[2018.03.04-06.17.47:925][223]LogSynthBenchmark: Display:          ... 2.012 s/GigaPix, Confidence=81% 'TexHeavy' (likely to be very inaccurate)
[2018.03.04-06.17.47:925][223]LogSynthBenchmark: Display:          ... 1.580 s/GigaPix, Confidence=89% 'DepTexHeavy' (likely to be very inaccurate)
[2018.03.04-06.17.47:925][223]LogSynthBenchmark: Display:          ... 9.061 s/GigaPix, Confidence=89% 'FillOnly' (likely to be very inaccurate)
[2018.03.04-06.17.47:925][223]LogSynthBenchmark: Display:          ... 0.389 s/GigaPix, Confidence=100% 'Bandwidth' (likely to be very inaccurate)
[2018.03.04-06.17.47:925][223]LogSynthBenchmark: Display:          ... 0.313 s/GigaVert, Confidence=100% 'VertThroughPut1' (likely to be very inaccurate)
[2018.03.04-06.17.47:925][223]LogSynthBenchmark: Display:          ... 2.733 s/GigaVert, Confidence=100% 'VertThroughPut2' (likely to be very inaccurate)
[2018.03.04-06.17.48:132][223]LogSynthBenchmark: Display:   GPU second test: 0.15s
[2018.03.04-06.17.48:132][223]LogSynthBenchmark: Display:          ... 18.726 s/GigaPix, Confidence=89% 'ALUHeavyNoise' (likely to be inaccurate)
[2018.03.04-06.17.48:132][223]LogSynthBenchmark: Display:          ... 15.495 s/GigaPix, Confidence=89% 'TexHeavy' (likely to be inaccurate)
[2018.03.04-06.17.48:132][223]LogSynthBenchmark: Display:          ... 13.922 s/GigaPix, Confidence=81% 'DepTexHeavy' (likely to be inaccurate)
[2018.03.04-06.17.48:132][223]LogSynthBenchmark: Display:          ... 78.038 s/GigaPix, Confidence=89% 'FillOnly' (likely to be inaccurate)
[2018.03.04-06.17.48:132][223]LogSynthBenchmark: Display:          ... 1.514 s/GigaPix, Confidence=89% 'Bandwidth' (likely to be inaccurate)
[2018.03.04-06.17.48:132][223]LogSynthBenchmark: Display:          ... 7.688 s/GigaVert, Confidence=89% 'VertThroughPut1' (likely to be inaccurate)
[2018.03.04-06.17.48:132][223]LogSynthBenchmark: Display:          ... 6.000 s/GigaVert, Confidence=89% 'VertThroughPut2' (likely to be inaccurate)
[2018.03.04-06.17.48:132][223]LogSynthBenchmark: Display:   GPU Final Results:
[2018.03.04-06.17.48:132][223]LogSynthBenchmark: Display:          ... 18.726 s/GigaPix, Confidence=89% 'ALUHeavyNoise'
[2018.03.04-06.17.48:132][223]LogSynthBenchmark: Display:          ... 15.495 s/GigaPix, Confidence=89% 'TexHeavy'
[2018.03.04-06.17.48:132][223]LogSynthBenchmark: Display:          ... 13.922 s/GigaPix, Confidence=81% 'DepTexHeavy'
[2018.03.04-06.17.48:133][223]LogSynthBenchmark: Display:          ... 78.038 s/GigaPix, Confidence=89% 'FillOnly'
[2018.03.04-06.17.48:133][223]LogSynthBenchmark: Display:          ... 1.514 s/GigaPix, Confidence=89% 'Bandwidth'
[2018.03.04-06.17.48:133][223]LogSynthBenchmark: Display:          ... 7.688 s/GigaVert, Confidence=89% 'VertThroughPut1'
[2018.03.04-06.17.48:133][223]LogSynthBenchmark: Display:          ... 6.000 s/GigaVert, Confidence=89% 'VertThroughPut2'
[2018.03.04-06.17.48:133][223]LogSynthBenchmark: Display: 
[2018.03.04-06.17.48:133][223]LogSynthBenchmark: Display:   GPU Perf Index 0: 407.0 (weight 1.00)
[2018.03.04-06.17.48:133][223]LogSynthBenchmark: Display:   GPU Perf Index 1: 208.1 (weight 0.10)
[2018.03.04-06.17.48:133][223]LogSynthBenchmark: Display:   GPU Perf Index 2: 361.9 (weight 0.10)
[2018.03.04-06.17.48:133][223]LogSynthBenchmark: Display:   GPU Perf Index 3: 306.5 (weight 3.00)
[2018.03.04-06.17.48:133][223]LogSynthBenchmark: Display:   GPU Perf Index 4: 141.2 (weight 1.00)
[2018.03.04-06.17.48:133][223]LogSynthBenchmark: Display:   GPU Perf Index 5: 500.2 (weight 0.00)
[2018.03.04-06.17.48:133][223]LogSynthBenchmark: Display:   GPU Perf Index 6: 339.6 (weight 0.00)
[2018.03.04-06.17.48:133][223]LogSynthBenchmark: Display:   CPUIndex: 142.7
[2018.03.04-06.17.48:133][223]LogSynthBenchmark: Display:   GPUIndex: 293.2
[2018.03.04-06.17.48:133][223]LogSynthBenchmark: Display: 
[2018.03.04-06.17.48:133][223]LogSynthBenchmark: Display:          ... Total Time: 0.511532 sec
[2018.03.04-06.17.48:716][273]LogTemp: Error: Connection not exist.
[2018.03.04-06.17.48:752][276]LogTemp: Error: Connection not exist.
[2018.03.04-06.17.48:764][277]LogTemp: Error: Connection not exist.
[2018.03.04-06.17.48:776][278]LogTemp: Error: Connection not exist.
[2018.03.04-06.17.48:788][279]LogTemp: Error: Connection not exist.
[2018.03.04-06.17.48:801][280]LogTemp: Error: Connection not exist.
[2018.03.04-06.17.48:814][281]LogTemp: Error: Connection not exist.
[2018.03.04-06.17.48:825][282]LogTemp: Error: Connection not exist.
[2018.03.04-06.17.48:837][283]LogTemp: Error: Connection not exist.
[2018.03.04-06.17.48:847][284]LogTemp: Error: Connection not exist.
[2018.03.04-06.17.48:858][285]LogTemp: Error: Connection not exist.
[2018.03.04-06.17.48:869][286]LogTemp: Error: Connection not exist.
[2018.03.04-06.17.48:880][287]LogTemp: Error: Connection not exist.
[2018.03.04-06.17.48:892][288]LogTemp: Error: Connection not exist.
[2018.03.04-06.17.48:903][289]LogTemp: Error: Connection not exist.
[2018.03.04-06.17.48:903][289]LogTemp: Error: Connection not exist.
[2018.03.04-06.17.48:913][290]LogTemp: Error: Connection not exist.
[2018.03.04-06.17.48:923][291]LogTemp: Error: Connection not exist.
[2018.03.04-06.17.48:934][292]LogTemp: Error: Connection not exist.
[2018.03.04-06.17.48:944][293]LogTemp: Error: Connection not exist.
[2018.03.04-06.17.48:956][294]LogTemp: Error: Connection not exist.
[2018.03.04-06.17.48:968][295]LogTemp: Error: Connection not exist.
[2018.03.04-06.17.49:197][316]LogTemp: Error: Connection not exist.
[2018.03.04-06.17.49:208][317]LogTemp: Error: Connection not exist.
[2018.03.04-06.17.49:221][318]LogTemp: Error: Connection not exist.
[2018.03.04-06.17.49:231][319]LogTemp: Error: Connection not exist.
[2018.03.04-06.17.49:242][320]LogTemp: Error: Connection not exist.
[2018.03.04-06.17.49:253][321]LogTemp: Error: Connection not exist.
[2018.03.04-06.17.49:263][322]LogTemp: Error: Connection not exist.
[2018.03.04-06.17.49:275][323]LogTemp: Error: Connection not exist.
[2018.03.04-06.17.49:285][324]LogTemp: Error: Connection not exist.
[2018.03.04-06.17.49:297][325]LogTemp: Error: Connection not exist.
[2018.03.04-06.17.49:307][326]LogTemp: Error: Connection not exist.
[2018.03.04-06.17.49:330][328]LogTemp: Error: Connection not exist.
[2018.03.04-06.17.49:841][374]LogTemp: Error: Connection not exist.
[2018.03.04-06.17.49:853][375]LogTemp: Error: Connection not exist.
[2018.03.04-06.17.49:878][376]LogTemp: Error: Connection not exist.
[2018.03.04-06.17.49:889][377]LogTemp: Error: Connection not exist.
[2018.03.04-06.17.49:901][378]LogTemp: Error: Connection not exist.
[2018.03.04-06.17.49:912][379]LogTemp: Error: Connection not exist.
[2018.03.04-06.17.49:924][380]LogTemp: Error: Connection not exist.
[2018.03.04-06.17.49:956][383]LogTemp: Error: Connection not exist.
[2018.03.04-06.17.49:978][385]LogTemp: Error: Connection not exist.
[2018.03.04-06.17.50:263][410]LogBlueprintUserMessages: Early EndPlayMap Detection: Level '/Game/Maps/Test.Test:PersistentLevel' has LevelScriptBlueprint '/Game/Maps/Test.Test:PersistentLevel.Test' with GeneratedClass '/Game/Maps/Test.Test_C' with ClassGeneratedBy '/Game/Maps/Test.Test:PersistentLevel.Test'
[2018.03.04-06.17.50:305][410]LogBlueprintUserMessages: Late EndPlayMap Detection: Level '/Game/Maps/Test.Test:PersistentLevel' has LevelScriptBlueprint '/Game/Maps/Test.Test:PersistentLevel.Test' with GeneratedClass '/Game/Maps/Test.Test_C' with ClassGeneratedBy '/Game/Maps/Test.Test:PersistentLevel.Test'
[2018.03.04-06.17.55:325][829]LogEditorViewport: Clicking on Actor (LMB): StaticMeshActor (Field)
[2018.03.04-06.18.32:363][574]LogSlate: Took 0.003528 seconds to synchronously load lazily loaded font '../../../Engine/Content/Editor/Slate/Fonts/Roboto-Italic.ttf' (157K)
[2018.03.04-06.20.03:043][358]LogEditorViewport: Clicking Background
[2018.03.04-06.20.12:979][ 32]LogEditorViewport: Clicking on Actor (context menu): StaticMeshActor (Field)
[2018.03.04-06.20.13:990][ 67]LogEditorViewport: Clicking Background
[2018.03.04-06.22.37:128][826]LogEditorViewport: Clicking on Actor (LMB): StaticMeshActor (Field)
[2018.03.04-06.22.39:484][986]LogEditorViewport: Clicking on Actor (LMB): StaticMeshActor (Field)
[2018.03.04-06.22.58:430][621]Cmd: TRANSACTION UNDO
[2018.03.04-06.22.58:430][621]LogEditorTransaction: Undo Move Actors
[2018.03.04-06.23.01:065][644]Cmd: DELETE
[2018.03.04-06.23.01:065][644]Cmd: ACTOR DELETE
[2018.03.04-06.23.01:297][644]LogEditorActor: Deleted Actor: SphereReflectionCapture
[2018.03.04-06.23.01:306][644]LogEditorActor: Deleted 1 Actors (0.062 secs)
[2018.03.04-06.23.14:349][803]Cmd: EDIT COPY
[2018.03.04-06.23.14:588][806]Cmd: EDIT PASTE
[2018.03.04-06.23.17:971][846]LogEditorViewport: Clicking Background
[2018.03.04-06.23.28:369][986]LogTemp: Repeating last play command: Selected Viewport
[2018.03.04-06.23.28:387][986]LogBlueprintUserMessages: Early PlayInEditor Detection: Level '/Game/Maps/Test.Test:PersistentLevel' has LevelScriptBlueprint '/Game/Maps/Test.Test:PersistentLevel.Test' with GeneratedClass '/Game/Maps/Test.Test_C' with ClassGeneratedBy '/Game/Maps/Test.Test:PersistentLevel.Test'
[2018.03.04-06.23.28:387][986]LogPlayLevel: PlayLevel: No blueprints needed recompiling
[2018.03.04-06.23.28:387][986]PIE: New page: PIE session: Test (Mar 3, 2018, 2:23:28 PM)
[2018.03.04-06.23.28:387][986]LogPlayLevel: Creating play world package: /Game/Maps/UEDPIE_0_Test
[2018.03.04-06.23.28:392][986]LogPlayLevel: PIE: StaticDuplicateObject took: (0.004619s)
[2018.03.04-06.23.28:392][986]LogAIModule: Creating AISystem for world Test
[2018.03.04-06.23.28:393][986]LogPlayLevel: PIE: World Init took: (0.000743s)
[2018.03.04-06.23.28:393][986]LogPlayLevel: PIE: Created PIE world by copying editor world from /Game/Maps/Test.Test to /Game/Maps/UEDPIE_0_Test.Test (0.005646s)
[2018.03.04-06.23.28:491][986]LogInit: XAudio2 using 'Speakers (Logitech G933 Gaming Headset)' : 6 channels at 48 kHz using 16 bits per sample (channel mask 0x3f)
[2018.03.04-06.23.28:511][986]LogInit: FAudioDevice initialized.
[2018.03.04-06.23.28:546][986]LogLoad: Game class is 'GameModeBase'
[2018.03.04-06.23.28:548][986]LogWorld: Bringing World /Game/Maps/UEDPIE_0_Test.Test up for play (max tick rate 0) at 2018.03.03-22.23.28
[2018.03.04-06.23.28:548][986]LogWorld: Bringing up level for play took: 0.001130
[2018.03.04-06.23.28:550][986]LogTemp: Warning: Tread:10.0.0.9:9000
[2018.03.04-06.23.28:550][986]PIE: Play in editor start time for /Game/Maps/UEDPIE_0_Test 0.436
[2018.03.04-06.23.28:550][986]LogBlueprintUserMessages: Late PlayInEditor Detection: Level '/Game/Maps/Test.Test:PersistentLevel' has LevelScriptBlueprint '/Game/Maps/Test.Test:PersistentLevel.Test' with GeneratedClass '/Game/Maps/Test.Test_C' with ClassGeneratedBy '/Game/Maps/Test.Test:PersistentLevel.Test'
[2018.03.04-06.23.32:424][ 38]LogBlueprintUserMessages: Early EndPlayMap Detection: Level '/Game/Maps/Test.Test:PersistentLevel' has LevelScriptBlueprint '/Game/Maps/Test.Test:PersistentLevel.Test' with GeneratedClass '/Game/Maps/Test.Test_C' with ClassGeneratedBy '/Game/Maps/Test.Test:PersistentLevel.Test'
[2018.03.04-06.23.32:528][ 38]LogBlueprintUserMessages: Late EndPlayMap Detection: Level '/Game/Maps/Test.Test:PersistentLevel' has LevelScriptBlueprint '/Game/Maps/Test.Test:PersistentLevel.Test' with GeneratedClass '/Game/Maps/Test.Test_C' with ClassGeneratedBy '/Game/Maps/Test.Test:PersistentLevel.Test'
[2018.03.04-06.23.32:851][ 43]Cmd: TRANSACTION UNDO
[2018.03.04-06.23.32:851][ 43]LogEditorTransaction: Undo Clicking Background
[2018.03.04-06.23.33:125][ 45]Cmd: TRANSACTION UNDO
[2018.03.04-06.23.33:125][ 45]LogEditorTransaction: Undo Move Actors
[2018.03.04-06.23.33:264][ 46]Cmd: TRANSACTION UNDO
[2018.03.04-06.23.33:264][ 46]LogEditorTransaction: Undo Paste
[2018.03.04-06.23.33:457][ 48]Cmd: TRANSACTION UNDO
[2018.03.04-06.23.33:457][ 48]LogEditorTransaction: Undo Move Actors
[2018.03.04-06.23.33:571][ 48]Cmd: TRANSACTION UNDO
[2018.03.04-06.23.33:571][ 48]LogEditorTransaction: Undo Move Actors
[2018.03.04-06.23.33:822][ 51]Cmd: TRANSACTION UNDO
[2018.03.04-06.23.33:822][ 51]LogEditorTransaction: Undo Move Actors
[2018.03.04-06.23.34:055][ 53]Cmd: TRANSACTION UNDO
[2018.03.04-06.23.34:055][ 53]LogEditorTransaction: Undo Create Actors
[2018.03.04-06.23.34:166][ 53]Cmd: TRANSACTION UNDO
[2018.03.04-06.23.34:166][ 53]LogEditorTransaction: Undo Delete Actors
[2018.03.04-06.23.34:336][ 55]Cmd: TRANSACTION UNDO
[2018.03.04-06.23.34:336][ 55]LogEditorTransaction: Undo Move Actors
[2018.03.04-06.23.34:578][ 57]Cmd: TRANSACTION UNDO
[2018.03.04-06.23.34:578][ 57]LogEditorTransaction: Undo Create Actors
[2018.03.04-06.23.36:549][ 71]LogEditorViewport: Clicking Background
[2018.03.04-06.27.40:354][ 96]Cmd: OBJ SAVEPACKAGE PACKAGE="/Game/Maps/Test" FILE="E:/Programs/FRC/Projects/VictoryDashboard/VictoryDashboardUE/Saved/Autosaves/Game/Maps/Test_Auto1.umap" SILENT=true AUTOSAVING=true KEEPDIRTY=false
[2018.03.04-06.27.40:682][ 96]LogSavePackage: Save=316.76ms
[2018.03.04-06.27.40:682][ 96]LogSavePackage: Moving 'E:/Programs/FRC/Projects/VictoryDashboard/VictoryDashboardUE/Saved/Test_Auto132A7D8D04FED2F4169C12793FC514514.tmp' to 'E:/Programs/FRC/Projects/VictoryDashboard/VictoryDashboardUE/Saved/Autosaves/Game/Maps/Test_Auto1.umap'
[2018.03.04-06.27.40:683][ 96]LogSavePackage: Display: Finished SavePackage E:/Programs/FRC/Projects/VictoryDashboard/VictoryDashboardUE/Saved/Autosaves/Game/Maps/Test_Auto1.umap
[2018.03.04-06.27.40:686][ 96]LogFileHelpers: Editor autosave (incl. sublevels) for '/Game/Maps/Test' took 0.359
[2018.03.04-06.27.40:686][ 96]LogFileHelpers: Editor autosave (incl. sublevels) for all levels took 0.359
[2018.03.04-06.35.27:016][594]LogTemp: Repeating last play command: Selected Viewport
[2018.03.04-06.35.27:034][594]LogBlueprintUserMessages: Early PlayInEditor Detection: Level '/Game/Maps/Test.Test:PersistentLevel' has LevelScriptBlueprint '/Game/Maps/Test.Test:PersistentLevel.Test' with GeneratedClass '/Game/Maps/Test.Test_C' with ClassGeneratedBy '/Game/Maps/Test.Test:PersistentLevel.Test'
[2018.03.04-06.35.27:034][594]LogPlayLevel: PlayLevel: No blueprints needed recompiling
[2018.03.04-06.35.27:034][594]PIE: New page: PIE session: Test (Mar 3, 2018, 2:35:27 PM)
[2018.03.04-06.35.27:034][594]LogPlayLevel: Creating play world package: /Game/Maps/UEDPIE_0_Test
[2018.03.04-06.35.27:039][594]LogPlayLevel: PIE: StaticDuplicateObject took: (0.004829s)
[2018.03.04-06.35.27:040][594]LogAIModule: Creating AISystem for world Test
[2018.03.04-06.35.27:040][594]LogPlayLevel: PIE: World Init took: (0.000907s)
[2018.03.04-06.35.27:040][594]LogPlayLevel: PIE: Created PIE world by copying editor world from /Game/Maps/Test.Test to /Game/Maps/UEDPIE_0_Test.Test (0.006056s)
[2018.03.04-06.35.27:059][594]LogInit: XAudio2 using 'Speakers (Logitech G933 Gaming Headset)' : 6 channels at 48 kHz using 16 bits per sample (channel mask 0x3f)
[2018.03.04-06.35.27:079][594]LogInit: FAudioDevice initialized.
[2018.03.04-06.35.27:157][594]LogLoad: Game class is 'GameModeBase'
[2018.03.04-06.35.27:159][594]LogWorld: Bringing World /Game/Maps/UEDPIE_0_Test.Test up for play (max tick rate 0) at 2018.03.03-22.35.27
[2018.03.04-06.35.27:159][594]LogWorld: Bringing up level for play took: 0.001120
[2018.03.04-06.35.27:161][594]LogTemp: Warning: Tread:10.0.0.9:9000
[2018.03.04-06.35.27:161][594]PIE: Play in editor start time for /Game/Maps/UEDPIE_0_Test 1.047
[2018.03.04-06.35.27:162][594]LogBlueprintUserMessages: Late PlayInEditor Detection: Level '/Game/Maps/Test.Test:PersistentLevel' has LevelScriptBlueprint '/Game/Maps/Test.Test:PersistentLevel.Test' with GeneratedClass '/Game/Maps/Test.Test_C' with ClassGeneratedBy '/Game/Maps/Test.Test:PersistentLevel.Test'
[2018.03.04-06.35.30:386][639]LogBlueprintUserMessages: Early EndPlayMap Detection: Level '/Game/Maps/Test.Test:PersistentLevel' has LevelScriptBlueprint '/Game/Maps/Test.Test:PersistentLevel.Test' with GeneratedClass '/Game/Maps/Test.Test_C' with ClassGeneratedBy '/Game/Maps/Test.Test:PersistentLevel.Test'
[2018.03.04-06.35.30:490][639]LogBlueprintUserMessages: Late EndPlayMap Detection: Level '/Game/Maps/Test.Test:PersistentLevel' has LevelScriptBlueprint '/Game/Maps/Test.Test:PersistentLevel.Test' with GeneratedClass '/Game/Maps/Test.Test_C' with ClassGeneratedBy '/Game/Maps/Test.Test:PersistentLevel.Test'
[2018.03.04-06.35.50:955][702]LogEditorViewport: Clicking on Actor (LMB): StaticMeshActor (Field)
[2018.03.04-06.35.54:402][735]LogContentBrowser: Native class hierarchy updated for 'BlueprintGraph' in 0.0010 seconds. Added 116 classes and 0 folders.
[2018.03.04-06.35.55:292][735]LogSlate: Took 0.005415 seconds to synchronously load lazily loaded font '../../../Engine/Content/Editor/Slate/Fonts/Roboto-BoldCondensed.ttf' (158K)
[2018.03.04-20.02.45:186][251]Cmd: OBJ SAVEPACKAGE PACKAGE="/Game/Maps/Test" FILE="E:/Programs/FRC/Projects/VictoryDashboard/VictoryDashboardUE/Content/Maps/Test.umap" SILENT=true AUTOSAVING=false KEEPDIRTY=false
[2018.03.04-20.02.45:438][251]LogSavePackage: Save=225.36ms
[2018.03.04-20.02.45:438][251]LogSavePackage: Moving 'E:/Programs/FRC/Projects/VictoryDashboard/VictoryDashboardUE/Saved/TestD94A7D184A27FC1FED0020AD72EBAB4E.tmp' to 'E:/Programs/FRC/Projects/VictoryDashboard/VictoryDashboardUE/Content/Maps/Test.umap'
[2018.03.04-20.02.45:442][251]LogSavePackage: Display: Finished SavePackage E:/Programs/FRC/Projects/VictoryDashboard/VictoryDashboardUE/Content/Maps/Test.umap
[2018.03.04-20.02.45:472][251]LogFileHelpers: Saving map 'Test' took 0.338
[2018.03.04-20.02.45:802][252]Cmd: QUIT_EDITOR
[2018.03.04-20.02.46:082][252]LogWindowsTextInputMethodSystem: Display: IME system now deactivated.
[2018.03.04-20.02.46:100][252]LogExit: Preparing to exit.
[2018.03.04-20.02.47:296][252]LogExit: Editor shut down
[2018.03.04-20.02.47:322][252]LogExit: Transaction tracking system shut down
[2018.03.04-20.02.47:420][252]LogDirectoryWatcher: A directory notification for '../../../Engine/Content/' was aborted.
[2018.03.04-20.02.47:420][252]LogDirectoryWatcher: A directory notification for 'E:/Programs/FRC/Projects/VictoryDashboard/VictoryDashboardUE/Content/' was aborted.
[2018.03.04-20.02.47:420][252]LogDirectoryWatcher: A directory notification for '../../../Engine/Plugins/2D/Paper2D/Content/' was aborted.
[2018.03.04-20.02.47:420][252]LogDirectoryWatcher: A directory notification for '../../../Engine/Plugins/Media/MediaCompositing/Content/' was aborted.
[2018.03.04-20.02.47:420][252]LogDirectoryWatcher: A directory notification for '../../../Engine/Plugins/Runtime/AppleARKit/Content/' was aborted.
[2018.03.04-20.02.47:420][252]LogDirectoryWatcher: A directory notification for '../../../Engine/Plugins/Runtime/Oculus/OculusVR/Content/' was aborted.
[2018.03.04-20.02.47:420][252]LogDirectoryWatcher: A directory notification for '../../../Engine/Plugins/Runtime/Steam/SteamVR/Content/' was aborted.
[2018.03.04-20.02.47:634][252]LogExit: Object subsystem successfully closed.
[2018.03.04-20.02.47:675][252]LogD3D11RHI: Shutdown
[2018.03.04-20.02.47:675][252]LogD3D11RHI: CleanupD3DDevice
[2018.03.04-20.02.47:683][252]LogD3D11RHI: ~FD3D11DynamicRHI
[2018.03.04-20.02.47:694][252]LogModuleManager: Shutting down and abandoning module SequencerWidgets (562)
[2018.03.04-20.02.47:694][252]LogModuleManager: Shutting down and abandoning module BlueprintGraph (560)
[2018.03.04-20.02.47:694][252]LogModuleManager: Shutting down and abandoning module SynthBenchmark (558)
[2018.03.04-20.02.47:694][252]LogModuleManager: Shutting down and abandoning module MovieSceneCapture (556)
[2018.03.04-20.02.47:694][252]LogModuleManager: Shutting down and abandoning module HierarchicalLODOutliner (554)
[2018.03.04-20.02.47:694][252]LogModuleManager: Shutting down and abandoning module DesktopPlatform (552)
[2018.03.04-20.02.47:694][252]LogModuleManager: Shutting down and abandoning module SceneOutliner (550)
[2018.03.04-20.02.47:694][252]LogModuleManager: Shutting down and abandoning module AddContentDialog (548)
[2018.03.04-20.02.47:694][252]LogDirectoryWatcher: A directory notification for 'D:/EpicGames/UE_4.18/FeaturePacks/' was aborted.
[2018.03.04-20.02.47:703][252]LogModuleManager: Shutting down and abandoning module WidgetCarousel (547)
[2018.03.04-20.02.47:703][252]LogModuleManager: Shutting down and abandoning module EditorWidgets (544)
[2018.03.04-20.02.47:703][252]LogModuleManager: Shutting down and abandoning module CollectionManager (542)
[2018.03.04-20.02.47:703][252]LogDirectoryWatcher: A directory notification for 'E:/Programs/FRC/Projects/VictoryDashboard/VictoryDashboardUE/Content/Collections/' was aborted.
[2018.03.04-20.02.47:703][252]LogDirectoryWatcher: A directory notification for 'E:/Programs/FRC/Projects/VictoryDashboard/VictoryDashboardUE/Content/Developers/Victo/Collections/' was aborted.
[2018.03.04-20.02.47:703][252]LogDirectoryWatcher: A directory notification for 'E:/Programs/FRC/Projects/VictoryDashboard/VictoryDashboardUE/Saved/Collections/' was aborted.
[2018.03.04-20.02.47:704][252]LogModuleManager: Shutting down and abandoning module HierarchicalLODUtilities (540)
[2018.03.04-20.02.47:704][252]LogModuleManager: Shutting down and abandoning module StatsViewer (538)
[2018.03.04-20.02.47:704][252]LogModuleManager: Shutting down and abandoning module FoliageEdit (536)
[2018.03.04-20.02.47:704][252]LogModuleManager: Shutting down and abandoning module LandscapeEditor (534)
[2018.03.04-20.02.47:704][252]LogModuleManager: Shutting down and abandoning module MeshPaintMode (532)
[2018.03.04-20.02.47:704][252]LogModuleManager: Shutting down and abandoning module SceneDepthPickerMode (530)
[2018.03.04-20.02.47:704][252]LogModuleManager: Shutting down and abandoning module ActorPickerMode (528)
[2018.03.04-20.02.47:704][252]LogModuleManager: Shutting down and abandoning module GeometryMode (526)
[2018.03.04-20.02.47:704][252]LogModuleManager: Shutting down and abandoning module TextureAlignMode (524)
[2018.03.04-20.02.47:704][252]LogModuleManager: Shutting down and abandoning module BspMode (522)
[2018.03.04-20.02.47:704][252]LogModuleManager: Shutting down and abandoning module PIEPreviewDeviceProfileSelector (520)
[2018.03.04-20.02.47:704][252]LogModuleManager: Shutting down and abandoning module HardwareSurvey (518)
[2018.03.04-20.02.47:704][252]LogModuleManager: Shutting down and abandoning module SequenceRecorderSections (516)
[2018.03.04-20.02.47:704][252]LogModuleManager: Shutting down and abandoning module AutomationWorker (514)
[2018.03.04-20.02.47:704][252]LogModuleManager: Shutting down and abandoning module MatineeToLevelSequence (512)
[2018.03.04-20.02.47:704][252]LogModuleManager: Shutting down and abandoning module LevelSequenceEditor (510)
[2018.03.04-20.02.47:704][252]LogModuleManager: Shutting down and abandoning module PlacementMode (509)
[2018.03.04-20.02.47:704][252]LogModuleManager: Shutting down and abandoning module WmfMediaFactory (506)
[2018.03.04-20.02.47:704][252]LogModuleManager: Shutting down and abandoning module WmfMediaEditor (504)
[2018.03.04-20.02.47:704][252]LogModuleManager: Shutting down and abandoning module OpenExrWrapper (502)
[2018.03.04-20.02.47:704][252]LogModuleManager: Shutting down and abandoning module ImgMediaFactory (500)
[2018.03.04-20.02.47:704][252]LogModuleManager: Shutting down and abandoning module ImgMediaEditor (498)
[2018.03.04-20.02.47:704][252]LogModuleManager: Shutting down and abandoning module AvfMediaFactory (496)
[2018.03.04-20.02.47:704][252]LogModuleManager: Shutting down and abandoning module AvfMediaEditor (494)
[2018.03.04-20.02.47:704][252]LogModuleManager: Shutting down and abandoning module AndroidMediaFactory (492)
[2018.03.04-20.02.47:704][252]LogModuleManager: Shutting down and abandoning module AndroidMediaEditor (490)
[2018.03.04-20.02.47:704][252]LogModuleManager: Shutting down and abandoning module CharacterAI (488)
[2018.03.04-20.02.47:704][252]LogModuleManager: Shutting down and abandoning module AudioCapture (486)
[2018.03.04-20.02.47:705][252]LogModuleManager: Shutting down and abandoning module SequenceRecorder (485)
[2018.03.04-20.02.47:705][252]LogModuleManager: Shutting down and abandoning module SmartSnapping (482)
[2018.03.04-20.02.47:705][252]LogModuleManager: Shutting down and abandoning module SessionServices (480)
[2018.03.04-20.02.47:705][252]LogModuleManager: Shutting down and abandoning module ViewportSnapping (478)
[2018.03.04-20.02.47:705][252]LogModuleManager: Shutting down and abandoning module ViewportInteraction (476)
[2018.03.04-20.02.47:705][252]LogModuleManager: Shutting down and abandoning module ClothPainter (474)
[2018.03.04-20.02.47:705][252]LogModuleManager: Shutting down and abandoning module SkeletalMeshEditor (473)
[2018.03.04-20.02.47:705][252]LogModuleManager: Shutting down and abandoning module LogVisualizer (470)
[2018.03.04-20.02.47:705][252]LogModuleManager: Shutting down and abandoning module IntroTutorials (468)
[2018.03.04-20.02.47:705][252]LogModuleManager: Shutting down and abandoning module GameProjectGeneration (467)
[2018.03.04-20.02.47:705][252]LogModuleManager: Shutting down and abandoning module IOSPlatformEditor (464)
[2018.03.04-20.02.47:705][252]LogModuleManager: Shutting down and abandoning module HTML5PlatformEditor (462)
[2018.03.04-20.02.47:705][252]LogModuleManager: Shutting down and abandoning module AndroidPlatformEditor (460)
[2018.03.04-20.02.47:705][252]LogModuleManager: Shutting down and abandoning module AndroidDeviceDetection (459)
[2018.03.04-20.02.48:648][252]LogModuleManager: Shutting down and abandoning module WindowsPlatformEditor (456)
[2018.03.04-20.02.48:648][252]LogModuleManager: Shutting down and abandoning module IOSRuntimeSettings (454)
[2018.03.04-20.02.48:648][252]LogModuleManager: Shutting down and abandoning module AndroidRuntimeSettings (452)
[2018.03.04-20.02.48:648][252]LogModuleManager: Shutting down and abandoning module InputBindingEditor (450)
[2018.03.04-20.02.48:648][252]LogModuleManager: Shutting down and abandoning module MergeActors (448)
[2018.03.04-20.02.48:648][252]LogModuleManager: Shutting down and abandoning module SizeMap (446)
[2018.03.04-20.02.48:649][252]LogModuleManager: Shutting down and abandoning module TreeMap (444)
[2018.03.04-20.02.48:649][252]LogModuleManager: Shutting down and abandoning module ReferenceViewer (442)
[2018.03.04-20.02.48:649][252]LogModuleManager: Shutting down and abandoning module LocalizationDashboard (440)
[2018.03.04-20.02.48:649][252]LogModuleManager: Shutting down and abandoning module LocalizationService (439)
[2018.03.04-20.02.48:649][252]LogModuleManager: Shutting down and abandoning module HardwareTargeting (436)
[2018.03.04-20.02.48:649][252]LogModuleManager: Shutting down and abandoning module DeviceProfileEditor (434)
[2018.03.04-20.02.48:649][252]LogModuleManager: Shutting down and abandoning module UndoHistory (432)
[2018.03.04-20.02.48:649][252]LogModuleManager: Shutting down and abandoning module XmlParser (430)
[2018.03.04-20.02.48:649][252]LogModuleManager: Shutting down and abandoning module Blutility (428)
[2018.03.04-20.02.48:649][252]LogModuleManager: Shutting down and abandoning module ProjectSettingsViewer (426)
[2018.03.04-20.02.48:649][252]LogModuleManager: Shutting down and abandoning module ProjectTargetPlatformEditor (425)
[2018.03.04-20.02.48:649][252]LogModuleManager: Shutting down and abandoning module EditorSettingsViewer (422)
[2018.03.04-20.02.48:649][252]LogModuleManager: Shutting down and abandoning module SettingsEditor (420)
[2018.03.04-20.02.48:649][252]LogModuleManager: Shutting down and abandoning module ProjectLauncher (418)
[2018.03.04-20.02.48:649][252]LogModuleManager: Shutting down and abandoning module SessionFrontend (416)
[2018.03.04-20.02.48:649][252]LogModuleManager: Shutting down and abandoning module ProfilerClient (414)
[2018.03.04-20.02.48:649][252]LogModuleManager: Shutting down and abandoning module DeviceManager (412)
[2018.03.04-20.02.48:649][252]LogModuleManager: Shutting down and abandoning module TargetDeviceServices (411)
[2018.03.04-20.02.48:705][252]LogModuleManager: Shutting down and abandoning module AutomationController (408)
[2018.03.04-20.02.48:705][252]LogModuleManager: Shutting down and abandoning module AutomationWindow (406)
[2018.03.04-20.02.48:705][252]LogModuleManager: Shutting down and abandoning module Layers (404)
[2018.03.04-20.02.48:705][252]LogModuleManager: Shutting down and abandoning module ComponentVisualizers (402)
[2018.03.04-20.02.48:705][252]LogModuleManager: Shutting down and abandoning module DetailCustomizations (400)
[2018.03.04-20.02.48:705][252]LogModuleManager: Shutting down and abandoning module PackagesDialog (398)
[2018.03.04-20.02.48:705][252]LogModuleManager: Shutting down and abandoning module Persona (396)
[2018.03.04-20.02.48:705][252]LogModuleManager: Shutting down and abandoning module AdvancedPreviewScene (395)
[2018.03.04-20.02.48:705][252]LogModuleManager: Shutting down and abandoning module AnimGraph (393)
[2018.03.04-20.02.48:705][252]LogModuleManager: Shutting down and abandoning module Kismet (390)
[2018.03.04-20.02.48:712][252]LogModuleManager: Shutting down and abandoning module ClassViewer (388)
[2018.03.04-20.02.48:712][252]LogModuleManager: Shutting down and abandoning module Toolbox (386)
[2018.03.04-20.02.48:712][252]LogModuleManager: Shutting down and abandoning module ModuleUI (384)
[2018.03.04-20.02.48:712][252]LogModuleManager: Shutting down and abandoning module MovieSceneTools (382)
[2018.03.04-20.02.48:712][252]LogModuleManager: Shutting down and abandoning module OutputLog (380)
[2018.03.04-20.02.48:712][252]LogModuleManager: Shutting down and abandoning module GammaUI (378)
[2018.03.04-20.02.48:712][252]LogModuleManager: Shutting down and abandoning module Documentation (376)
[2018.03.04-20.02.48:712][252]LogModuleManager: Shutting down and abandoning module MovieSceneTracks (374)
[2018.03.04-20.02.48:712][252]LogModuleManager: Shutting down and abandoning module MovieScene (372)
[2018.03.04-20.02.48:712][252]LogModuleManager: Shutting down and abandoning module StreamingPauseRendering (370)
[2018.03.04-20.02.48:712][252]LogModuleManager: Shutting down and abandoning module LauncherPlatform (368)
[2018.03.04-20.02.48:712][252]LogModuleManager: Shutting down and abandoning module AnalyticsET (366)
[2018.03.04-20.02.48:712][252]LogModuleManager: Shutting down and abandoning module PortalServices (364)
[2018.03.04-20.02.48:712][252]LogModuleManager: Shutting down and abandoning module PortalRpc (362)
[2018.03.04-20.02.48:712][252]LogModuleManager: Shutting down and abandoning module MessagingRpc (360)
[2018.03.04-20.02.48:712][252]LogModuleManager: Shutting down and abandoning module AIModule (358)
[2018.03.04-20.02.48:713][252]LogModuleManager: Shutting down and abandoning module GameplayDebugger (357)
[2018.03.04-20.02.48:713][252]LogModuleManager: Shutting down and abandoning module AITestSuite (355)
[2018.03.04-20.02.48:713][252]LogModuleManager: Shutting down and abandoning module ProfilerService (352)
[2018.03.04-20.02.48:736][252]LogModuleManager: Shutting down and abandoning module TaskGraph (350)
[2018.03.04-20.02.48:736][252]LogModuleManager: Shutting down and abandoning module SteamVRController (348)
[2018.03.04-20.02.48:736][252]LogModuleManager: Shutting down and abandoning module ProceduralMeshComponentEditor (346)
[2018.03.04-20.02.48:736][252]LogModuleManager: Shutting down and abandoning module ProceduralMeshComponent (344)
[2018.03.04-20.02.48:737][252]LogModuleManager: Shutting down and abandoning module OculusInput (342)
[2018.03.04-20.02.48:737][252]LogModuleManager: Shutting down and abandoning module MobilePatchingUtils (340)
[2018.03.04-20.02.48:737][252]LogModuleManager: Shutting down and abandoning module CustomMeshComponent (338)
[2018.03.04-20.02.48:737][252]LogModuleManager: Shutting down and abandoning module CableComponent (336)
[2018.03.04-20.02.48:737][252]LogModuleManager: Shutting down and abandoning module ArchVisCharacter (334)
[2018.03.04-20.02.48:737][252]LogModuleManager: Shutting down and abandoning module AndroidPermission (332)
[2018.03.04-20.02.48:737][252]LogModuleManager: Shutting down and abandoning module ActorSequence (328)
[2018.03.04-20.02.48:737][252]LogModuleManager: Shutting down and abandoning module MediaPlayerEditor (326)
[2018.03.04-20.02.48:737][252]LogModuleManager: Shutting down and abandoning module MediaCompositingEditor (324)
[2018.03.04-20.02.48:737][252]LogModuleManager: Shutting down and abandoning module MediaCompositing (322)
[2018.03.04-20.02.48:737][252]LogModuleManager: Shutting down and abandoning module HTML5Networking (320)
[2018.03.04-20.02.48:737][252]LogModuleManager: Shutting down and abandoning module AlembicImporter (318)
[2018.03.04-20.02.48:737][252]LogModuleManager: Shutting down and abandoning module AlembicLibrary (317)
[2018.03.04-20.02.48:737][252]LogModuleManager: Shutting down and abandoning module GeometryCache (316)
[2018.03.04-20.02.48:737][252]LogModuleManager: Shutting down and abandoning module GeometryCacheEd (315)
[2018.03.04-20.02.48:737][252]LogModuleManager: Shutting down and abandoning module SpeedTreeImporter (310)
[2018.03.04-20.02.48:737][252]LogModuleManager: Shutting down and abandoning module PluginBrowser (308)
[2018.03.04-20.02.48:738][252]LogModuleManager: Shutting down and abandoning module MobileLauncherProfileWizard (306)
[2018.03.04-20.02.48:738][252]LogModuleManager: Shutting down and abandoning module VisualStudioSourceCodeAccess (304)
[2018.03.04-20.02.48:738][252]LogModuleManager: Shutting down and abandoning module VisualStudioCodeSourceCodeAccess (302)
[2018.03.04-20.02.48:738][252]LogModuleManager: Shutting down and abandoning module UObjectPlugin (300)
[2018.03.04-20.02.48:738][252]LogModuleManager: Shutting down and abandoning module SubversionSourceControl (298)
[2018.03.04-20.02.48:738][252]LogModuleManager: Shutting down and abandoning module PerforceSourceControl (296)
[2018.03.04-20.02.48:738][252]LogModuleManager: Shutting down and abandoning module GitSourceControl (294)
[2018.03.04-20.02.48:738][252]LogModuleManager: Shutting down and abandoning module SourceControl (293)
[2018.03.04-20.02.48:738][252]LogModuleManager: Shutting down and abandoning module LightPropagationVolumeEditor (290)
[2018.03.04-20.02.48:738][252]LogModuleManager: Shutting down and abandoning module PaperTiledImporter (288)
[2018.03.04-20.02.48:738][252]LogModuleManager: Shutting down and abandoning module PaperSpriteSheetImporter (286)
[2018.03.04-20.02.48:738][252]LogModuleManager: Shutting down and abandoning module Paper2DEditor (284)
[2018.03.04-20.02.48:738][252]LogModuleManager: Shutting down and abandoning module MeshPaint (283)
[2018.03.04-20.02.48:738][252]LogModuleManager: Shutting down and abandoning module LevelEditor (281)
[2018.03.04-20.02.48:740][252]LogModuleManager: Shutting down and abandoning module PixelInspectorModule (280)
[2018.03.04-20.02.48:740][252]LogModuleManager: Shutting down and abandoning module MainFrame (278)
[2018.03.04-20.02.48:740][252]LogModuleManager: Shutting down and abandoning module HotReload (277)
[2018.03.04-20.02.48:740][252]LogDirectoryWatcher: A directory notification for 'E:/Programs/FRC/Projects/VictoryDashboard/VictoryDashboardUE/Binaries/Win64' was aborted.
[2018.03.04-20.02.48:741][252]LogModuleManager: Shutting down and abandoning module VictoryDashboardUE (272)
[2018.03.04-20.02.48:741][252]LogModuleManager: Shutting down and abandoning module RuntimePhysXCooking (270)
[2018.03.04-20.02.48:741][252]LogModuleManager: Shutting down and abandoning module PhysXVehiclesEditor (268)
[2018.03.04-20.02.48:741][252]LogModuleManager: Shutting down and abandoning module PhysXVehicles (266)
[2018.03.04-20.02.48:741][252]LogModuleManager: Shutting down and abandoning module OculusEditor (264)
[2018.03.04-20.02.48:741][252]LogModuleManager: Shutting down and abandoning module LocationServicesBPLibrary (262)
[2018.03.04-20.02.48:741][252]LogModuleManager: Shutting down and abandoning module ImmediatePhysicsEditor (260)
[2018.03.04-20.02.48:741][252]LogModuleManager: Shutting down and abandoning module ImmediatePhysics (258)
[2018.03.04-20.02.48:741][252]LogModuleManager: Shutting down and abandoning module UdpMessaging (256)
[2018.03.04-20.02.48:842][252]LogModuleManager: Shutting down and abandoning module TcpMessaging (254)
[2018.03.04-20.02.48:942][252]LogModuleManager: Shutting down and abandoning module GameplayTagsEditor (252)
[2018.03.04-20.02.48:942][252]LogModuleManager: Shutting down and abandoning module FacialAnimationEditor (250)
[2018.03.04-20.02.48:942][252]LogModuleManager: Shutting down and abandoning module FacialAnimation (248)
[2018.03.04-20.02.48:942][252]LogModuleManager: Shutting down and abandoning module AssetManagerEditor (246)
[2018.03.04-20.02.48:942][252]LogModuleManager: Shutting down and abandoning module GraphEditor (245)
[2018.03.04-20.02.48:942][252]LogModuleManager: Shutting down and abandoning module ContentBrowser (243)
[2018.03.04-20.02.48:944][252]LogModuleManager: Shutting down and abandoning module LightPropagationVolumeRuntime (240)
[2018.03.04-20.02.48:944][252]LogModuleManager: Shutting down and abandoning module Paper2D (238)
[2018.03.04-20.02.48:944][252]LogModuleManager: Shutting down and abandoning module WindowsMoviePlayer (236)
[2018.03.04-20.02.48:944][252]LogModuleManager: Shutting down and abandoning module WmfMedia (234)
[2018.03.04-20.02.48:945][252]LogModuleManager: Shutting down and abandoning module ImgMedia (232)
[2018.03.04-20.02.48:945][252]LogModuleManager: Shutting down and abandoning module SocketClient (230)
[2018.03.04-20.02.48:945][252]LogModuleManager: Shutting down and abandoning module PacketHandler (228)
[2018.03.04-20.02.48:945][252]LogModuleManager: Shutting down and abandoning module ClothingSystemEditor (226)
[2018.03.04-20.02.48:945][252]LogModuleManager: Shutting down and abandoning module ClothingSystemRuntime (224)
[2018.03.04-20.02.48:945][252]LogModuleManager: Shutting down and abandoning module MediaAssets (222)
[2018.03.04-20.02.48:945][252]LogModuleManager: Shutting down and abandoning module Media (221)
[2018.03.04-20.02.48:951][252]LogModuleManager: Shutting down and abandoning module Overlay (218)
[2018.03.04-20.02.48:951][252]LogModuleManager: Shutting down and abandoning module OverlayEditor (217)
[2018.03.04-20.02.48:951][252]LogModuleManager: Shutting down and abandoning module VREditor (214)
[2018.03.04-20.02.48:951][252]LogModuleManager: Shutting down and abandoning module StringTableEditor (212)
[2018.03.04-20.02.48:951][252]LogModuleManager: Shutting down and abandoning module GameplayTasksEditor (210)
[2018.03.04-20.02.48:951][252]LogModuleManager: Shutting down and abandoning module BehaviorTreeEditor (208)
[2018.03.04-20.02.48:951][252]LogModuleManager: Shutting down and abandoning module FunctionalTesting (206)
[2018.03.04-20.02.48:951][252]LogModuleManager: Shutting down and abandoning module CollisionAnalyzer (204)
[2018.03.04-20.02.48:951][252]LogModuleManager: Shutting down and abandoning module WorkspaceMenuStructure (203)
[2018.03.04-20.02.48:951][252]LogModuleManager: Shutting down and abandoning module UMG (200)
[2018.03.04-20.02.48:951][252]LogModuleManager: Shutting down and abandoning module UMGEditor (199)
[2018.03.04-20.02.48:951][252]LogModuleManager: Shutting down and abandoning module Sequencer (198)
[2018.03.04-20.02.48:951][252]LogModuleManager: Shutting down and abandoning module MessageLog (195)
[2018.03.04-20.02.48:951][252]LogModuleManager: Shutting down and abandoning module SlateReflector (190)
[2018.03.04-20.02.48:952][252]LogModuleManager: Shutting down and abandoning module Slate (188)
[2018.03.04-20.02.48:952][252]LogModuleManager: Shutting down and abandoning module EditorStyle (186)
[2018.03.04-20.02.48:954][252]LogModuleManager: Shutting down and abandoning module MRMesh (184)
[2018.03.04-20.02.48:954][252]LogModuleManager: Shutting down and abandoning module SourceCodeAccess (182)
[2018.03.04-20.02.48:954][252]LogModuleManager: Shutting down and abandoning module HeadMountedDisplay (180)
[2018.03.04-20.02.48:954][252]LogModuleManager: Shutting down and abandoning module XAudio2 (178)
[2018.03.04-20.02.48:954][252]LogModuleManager: Shutting down and abandoning module Networking (176)
[2018.03.04-20.02.48:954][252]LogModuleManager: Shutting down and abandoning module Core (172)
[2018.03.04-20.02.48:954][252]LogModuleManager: Shutting down and abandoning module LevelSequence (168)
[2018.03.04-20.02.48:954][252]LogModuleManager: Shutting down and abandoning module DirectoryWatcher (166)
[2018.03.04-20.02.48:961][252]LogModuleManager: Shutting down and abandoning module KismetCompiler (164)
[2018.03.04-20.02.48:961][252]LogModuleManager: Shutting down and abandoning module MeshUtilities (162)
[2018.03.04-20.02.48:961][252]LogModuleManager: Shutting down and abandoning module MeshMergeUtilities (161)
[2018.03.04-20.02.48:961][252]LogModuleManager: Shutting down and abandoning module MeshReductionInterface (160)
[2018.03.04-20.02.48:961][252]LogModuleManager: Shutting down and abandoning module SimplygonSwarm (159)
[2018.03.04-20.02.48:961][252]LogModuleManager: Shutting down and abandoning module SimplygonMeshReduction (157)
[2018.03.04-20.02.48:961][252]LogModuleManager: Shutting down and abandoning module QuadricMeshReduction (155)
[2018.03.04-20.02.48:961][252]LogModuleManager: Shutting down and abandoning module MaterialBaking (151)
[2018.03.04-20.02.48:961][252]LogModuleManager: Shutting down and abandoning module DerivedDataCache (148)
[2018.03.04-20.02.48:982][252]LogDerivedDataCache: Shutdown
[2018.03.04-20.02.48:982][252]LogModuleManager: Shutting down and abandoning module TargetPlatform (146)
[2018.03.04-20.02.48:982][252]LogModuleManager: Shutting down and abandoning module VulkanShaderFormat (145)
[2018.03.04-20.02.48:983][252]LogModuleManager: Shutting down and abandoning module ShaderFormatVectorVM (143)
[2018.03.04-20.02.48:983][252]LogModuleManager: Shutting down and abandoning module ShaderFormatOpenGL (141)
[2018.03.04-20.02.48:983][252]LogModuleManager: Shutting down and abandoning module ShaderFormatD3D (139)
[2018.03.04-20.02.48:983][252]LogModuleManager: Shutting down and abandoning module MetalShaderFormat (137)
[2018.03.04-20.02.48:983][252]LogModuleManager: Shutting down and abandoning module TextureFormatUncompressed (135)
[2018.03.04-20.02.48:983][252]LogModuleManager: Shutting down and abandoning module TextureFormatPVR (133)
[2018.03.04-20.02.48:983][252]LogModuleManager: Shutting down and abandoning module TextureFormatDXT (131)
[2018.03.04-20.02.48:983][252]LogModuleManager: Shutting down and abandoning module TextureFormatIntelISPCTexComp (129)
[2018.03.04-20.02.48:983][252]LogModuleManager: Shutting down and abandoning module TextureFormatASTC (127)
[2018.03.04-20.02.48:983][252]LogModuleManager: Shutting down and abandoning module ImageWrapper (126)
[2018.03.04-20.02.48:983][252]LogModuleManager: Shutting down and abandoning module TextureFormatAndroid (123)
[2018.03.04-20.02.48:983][252]LogModuleManager: Shutting down and abandoning module AudioFormatOpus (121)
[2018.03.04-20.02.48:983][252]LogModuleManager: Shutting down and abandoning module AudioFormatOgg (119)
[2018.03.04-20.02.48:983][252]LogModuleManager: Shutting down and abandoning module AudioFormatADPCM (117)
[2018.03.04-20.02.48:983][252]LogModuleManager: Shutting down and abandoning module LinuxTargetPlatform (115)
[2018.03.04-20.02.48:983][252]LogModuleManager: Shutting down and abandoning module LinuxServerTargetPlatform (113)
[2018.03.04-20.02.48:983][252]LogModuleManager: Shutting down and abandoning module LinuxNoEditorTargetPlatform (111)
[2018.03.04-20.02.48:983][252]LogModuleManager: Shutting down and abandoning module LinuxClientTargetPlatform (109)
[2018.03.04-20.02.48:983][252]LogModuleManager: Shutting down and abandoning module TVOSTargetPlatform (107)
[2018.03.04-20.02.48:983][252]LogModuleManager: Shutting down and abandoning module Messaging (105)
[2018.03.04-20.02.48:984][252]LogModuleManager: Shutting down and abandoning module IOSTargetPlatform (103)
[2018.03.04-20.02.48:984][252]LogModuleManager: Shutting down and abandoning module HTML5TargetPlatform (101)
[2018.03.04-20.02.48:984][252]LogModuleManager: Shutting down and abandoning module AndroidTargetPlatform (99)
[2018.03.04-20.02.48:984][252]LogModuleManager: Shutting down and abandoning module Android_PVRTCTargetPlatform (97)
[2018.03.04-20.02.48:984][252]LogModuleManager: Shutting down and abandoning module Android_MultiTargetPlatform (95)
[2018.03.04-20.02.48:984][252]LogModuleManager: Shutting down and abandoning module Android_ETC2TargetPlatform (93)
[2018.03.04-20.02.48:984][252]LogModuleManager: Shutting down and abandoning module Android_ETC1TargetPlatform (91)
[2018.03.04-20.02.48:984][252]LogModuleManager: Shutting down and abandoning module Android_DXTTargetPlatform (89)
[2018.03.04-20.02.48:984][252]LogModuleManager: Shutting down and abandoning module Android_ATCTargetPlatform (87)
[2018.03.04-20.02.48:984][252]LogModuleManager: Shutting down and abandoning module Android_ASTCTargetPlatform (85)
[2018.03.04-20.02.48:984][252]LogModuleManager: Shutting down and abandoning module WindowsTargetPlatform (83)
[2018.03.04-20.02.48:984][252]LogModuleManager: Shutting down and abandoning module WindowsServerTargetPlatform (81)
[2018.03.04-20.02.48:984][252]LogModuleManager: Shutting down and abandoning module WindowsNoEditorTargetPlatform (79)
[2018.03.04-20.02.48:984][252]LogModuleManager: Shutting down and abandoning module WindowsClientTargetPlatform (77)
[2018.03.04-20.02.48:984][252]LogModuleManager: Shutting down and abandoning module MacTargetPlatform (75)
[2018.03.04-20.02.48:984][252]LogModuleManager: Shutting down and abandoning module MacServerTargetPlatform (73)
[2018.03.04-20.02.48:984][252]LogModuleManager: Shutting down and abandoning module MacNoEditorTargetPlatform (71)
[2018.03.04-20.02.48:984][252]LogModuleManager: Shutting down and abandoning module MacClientTargetPlatform (69)
[2018.03.04-20.02.48:984][252]LogModuleManager: Shutting down and abandoning module AllDesktopTargetPlatform (67)
[2018.03.04-20.02.48:984][252]LogModuleManager: Shutting down and abandoning module InputCore (64)
[2018.03.04-20.02.48:984][252]LogModuleManager: Shutting down and abandoning module Settings (62)
[2018.03.04-20.02.48:984][252]LogModuleManager: Shutting down and abandoning module PhysXCooking (60)
[2018.03.04-20.02.48:984][252]LogModuleManager: Shutting down and abandoning module SteamVR (58)
[2018.03.04-20.02.48:984][252]LogModuleManager: Shutting down and abandoning module OculusHMD (56)
[2018.03.04-20.02.48:984][252]LogModuleManager: Shutting down and abandoning module ExampleDeviceProfileSelector (54)
[2018.03.04-20.02.48:984][252]LogModuleManager: Shutting down and abandoning module AppleARKit (52)
[2018.03.04-20.02.48:984][252]LogModuleManager: Shutting down and abandoning module AugmentedReality (51)
[2018.03.04-20.02.48:984][252]LogModuleManager: Shutting down and abandoning module OnlineBlueprintSupport (48)
[2018.03.04-20.02.48:985][252]LogModuleManager: Shutting down and abandoning module OnlineSubsystem (44)
[2018.03.04-20.02.48:985][252]LogModuleManager: Shutting down and abandoning module XMPP (43)
[2018.03.04-20.02.48:985][252]LogModuleManager: Shutting down and abandoning module HTTP (41)
[2018.03.04-20.02.48:985][252]LogHttp: Display: Http module shutting down, but needs to wait on 1 outstanding Http requests:
[2018.03.04-20.02.48:985][252]LogHttp: Display: 	verb=[POST] url=[https://datarouter.ol.epicgames.com/datarouter/api/v1/public/data?SessionID=%7B2E27528A-41E3-4DE6-0490-E593D2081538%7D&AppID=UEEditor.Rocket.Release&AppVersion=4.18.3-3832480%2B%2B%2BUE4%2BRelease-4.18&UserID=1b97bc5c48d2bd6562901dbd45f0e700%7Ce0cc89a489f74a7d95d2eeb81f40e808%7C914c5df9-16fa-4701-91df-d03592fc5f45&AppEnvironment=datacollector-binary&UploadType=eteventstream] status=Processing
[2018.03.04-20.02.49:019][252]LogModuleManager: Shutting down and abandoning module SSL (40)
[2018.03.04-20.02.49:021][252]LogModuleManager: Shutting down and abandoning module AnimationModifiers (36)
[2018.03.04-20.02.49:021][252]LogModuleManager: Shutting down and abandoning module PropertyEditor (35)
[2018.03.04-20.02.49:021][252]LogModuleManager: Shutting down and abandoning module AudioEditor (32)
[2018.03.04-20.02.49:021][252]LogModuleManager: Shutting down and abandoning module TextureCompressor (30)
[2018.03.04-20.02.49:021][252]LogModuleManager: Shutting down and abandoning module ShaderCore (28)
[2018.03.04-20.02.49:021][252]LogModuleManager: Shutting down and abandoning module Landscape (26)
[2018.03.04-20.02.49:021][252]LogModuleManager: Shutting down and abandoning module SlateRHIRenderer (24)
[2018.03.04-20.02.49:025][252]LogModuleManager: Shutting down and abandoning module OpenGLDrv (22)
[2018.03.04-20.02.49:025][252]LogModuleManager: Shutting down and abandoning module D3D11RHI (20)
[2018.03.04-20.02.49:025][252]LogModuleManager: Shutting down and abandoning module AnimGraphRuntime (18)
[2018.03.04-20.02.49:025][252]LogModuleManager: Shutting down and abandoning module Renderer (16)
[2018.03.04-20.02.49:025][252]LogModuleManager: Shutting down and abandoning module Engine (14)
[2018.03.04-20.02.49:025][252]LogModuleManager: Shutting down and abandoning module CoreUObject (12)
[2018.03.04-20.02.49:025][252]LogModuleManager: Shutting down and abandoning module NetworkFile (10)
[2018.03.04-20.02.49:025][252]LogModuleManager: Shutting down and abandoning module CookedIterativeFile (8)
[2018.03.04-20.02.49:025][252]LogModuleManager: Shutting down and abandoning module StreamingFile (6)
[2018.03.04-20.02.49:025][252]LogModuleManager: Shutting down and abandoning module SandboxFile (4)
[2018.03.04-20.02.49:025][252]LogModuleManager: Shutting down and abandoning module PakFile (2)
[2018.03.04-20.02.49:029][252]LogExit: Exiting.
[2018.03.04-20.02.49:047][252]Log file closed, 03/04/18 12:02:49
